<?xml version="1.0" encoding="UTF-8"?>
<coverage generated="1745998969988" clover="3.2.0">
  <project timestamp="1745998969988" name="All files">
    <metrics statements="1105" coveredstatements="727" conditionals="524" coveredconditionals="194" methods="147" coveredmethods="98" elements="1776" coveredelements="1019" complexity="0" loc="1105" ncloc="1105" packages="9" files="42" classes="42"/>
    <package name="controllers">
      <metrics statements="291" coveredstatements="264" conditionals="152" coveredconditionals="68" methods="35" coveredmethods="31"/>
      <file name="authController.js" path="F:\3-brain-cell\backend\src\controllers\authController.js">
        <metrics statements="41" coveredstatements="35" conditionals="14" coveredconditionals="10" methods="5" coveredmethods="4"/>
        <line num="1" count="1" type="stmt"/>
        <line num="2" count="1" type="stmt"/>
        <line num="3" count="1" type="stmt"/>
        <line num="6" count="1" type="stmt"/>
        <line num="7" count="0" type="stmt"/>
        <line num="8" count="0" type="stmt"/>
        <line num="9" count="0" type="stmt"/>
        <line num="11" count="0" type="cond" truecount="0" falsecount="4"/>
        <line num="12" count="0" type="stmt"/>
        <line num="14" count="0" type="stmt"/>
        <line num="20" count="1" type="stmt"/>
        <line num="21" count="3" type="stmt"/>
        <line num="22" count="3" type="stmt"/>
        <line num="23" count="1" type="stmt"/>
        <line num="25" count="2" type="cond" truecount="2" falsecount="0"/>
        <line num="26" count="1" type="stmt"/>
        <line num="28" count="1" type="stmt"/>
        <line num="34" count="1" type="stmt"/>
        <line num="35" count="3" type="stmt"/>
        <line num="36" count="3" type="stmt"/>
        <line num="37" count="1" type="stmt"/>
        <line num="39" count="2" type="cond" truecount="2" falsecount="0"/>
        <line num="40" count="1" type="stmt"/>
        <line num="42" count="1" type="stmt"/>
        <line num="48" count="1" type="stmt"/>
        <line num="49" count="3" type="stmt"/>
        <line num="50" count="3" type="stmt"/>
        <line num="51" count="3" type="stmt"/>
        <line num="52" count="1" type="stmt"/>
        <line num="54" count="2" type="cond" truecount="4" falsecount="0"/>
        <line num="55" count="1" type="stmt"/>
        <line num="57" count="1" type="stmt"/>
        <line num="63" count="1" type="stmt"/>
        <line num="64" count="3" type="stmt"/>
        <line num="65" count="3" type="stmt"/>
        <line num="66" count="3" type="stmt"/>
        <line num="67" count="1" type="stmt"/>
        <line num="69" count="2" type="cond" truecount="2" falsecount="0"/>
        <line num="70" count="1" type="stmt"/>
        <line num="72" count="1" type="stmt"/>
        <line num="77" count="1" type="stmt"/>
      </file>
      <file name="coordinatorController.js" path="F:\3-brain-cell\backend\src\controllers\coordinatorController.js">
        <metrics statements="96" coveredstatements="95" conditionals="56" coveredconditionals="26" methods="13" coveredmethods="13"/>
        <line num="1" count="1" type="stmt"/>
        <line num="2" count="1" type="stmt"/>
        <line num="4" count="1" type="stmt"/>
        <line num="5" count="2" type="stmt"/>
        <line num="6" count="2" type="stmt"/>
        <line num="7" count="2" type="stmt"/>
        <line num="8" count="1" type="stmt"/>
        <line num="10" count="1" type="cond" truecount="2" falsecount="2"/>
        <line num="14" count="1" type="stmt"/>
        <line num="15" count="2" type="stmt"/>
        <line num="16" count="2" type="stmt"/>
        <line num="17" count="2" type="stmt"/>
        <line num="18" count="2" type="stmt"/>
        <line num="19" count="2" type="stmt"/>
        <line num="20" count="1" type="stmt"/>
        <line num="22" count="1" type="cond" truecount="1" falsecount="1"/>
        <line num="26" count="1" type="stmt"/>
        <line num="27" count="2" type="stmt"/>
        <line num="28" count="2" type="stmt"/>
        <line num="29" count="2" type="stmt"/>
        <line num="30" count="2" type="stmt"/>
        <line num="31" count="1" type="stmt"/>
        <line num="33" count="1" type="cond" truecount="1" falsecount="1"/>
        <line num="37" count="1" type="stmt"/>
        <line num="38" count="2" type="stmt"/>
        <line num="39" count="2" type="cond" truecount="0" falsecount="2"/>
        <line num="40" count="2" type="stmt"/>
        <line num="41" count="2" type="stmt"/>
        <line num="42" count="1" type="stmt"/>
        <line num="44" count="1" type="cond" truecount="2" falsecount="2"/>
        <line num="48" count="1" type="stmt"/>
        <line num="49" count="2" type="stmt"/>
        <line num="50" count="2" type="stmt"/>
        <line num="51" count="2" type="stmt"/>
        <line num="53" count="2" type="stmt"/>
        <line num="55" count="1" type="stmt"/>
        <line num="57" count="1" type="cond" truecount="2" falsecount="2"/>
        <line num="61" count="1" type="stmt"/>
        <line num="62" count="3" type="stmt"/>
        <line num="63" count="3" type="stmt"/>
        <line num="64" count="3" type="stmt"/>
        <line num="65" count="3" type="stmt"/>
        <line num="67" count="2" type="cond" truecount="2" falsecount="0"/>
        <line num="68" count="1" type="stmt"/>
        <line num="69" count="1" type="cond" truecount="1" falsecount="1"/>
        <line num="70" count="1" type="stmt"/>
        <line num="74" count="1" type="cond" truecount="2" falsecount="2"/>
        <line num="79" count="1" type="stmt"/>
        <line num="80" count="2" type="stmt"/>
        <line num="81" count="2" type="cond" truecount="0" falsecount="2"/>
        <line num="82" count="2" type="stmt"/>
        <line num="83" count="2" type="stmt"/>
        <line num="84" count="1" type="stmt"/>
        <line num="86" count="1" type="cond" truecount="2" falsecount="2"/>
        <line num="90" count="1" type="stmt"/>
        <line num="91" count="2" type="stmt"/>
        <line num="92" count="2" type="stmt"/>
        <line num="93" count="2" type="cond" truecount="0" falsecount="2"/>
        <line num="94" count="2" type="stmt"/>
        <line num="95" count="2" type="stmt"/>
        <line num="96" count="1" type="stmt"/>
        <line num="98" count="1" type="cond" truecount="2" falsecount="2"/>
        <line num="102" count="1" type="stmt"/>
        <line num="103" count="2" type="stmt"/>
        <line num="104" count="2" type="stmt"/>
        <line num="105" count="2" type="stmt"/>
        <line num="107" count="2" type="cond" truecount="1" falsecount="1"/>
        <line num="108" count="0" type="stmt"/>
        <line num="111" count="2" type="stmt"/>
        <line num="112" count="1" type="stmt"/>
        <line num="114" count="1" type="cond" truecount="2" falsecount="2"/>
        <line num="118" count="1" type="stmt"/>
        <line num="119" count="2" type="stmt"/>
        <line num="120" count="2" type="stmt"/>
        <line num="121" count="2" type="stmt"/>
        <line num="122" count="2" type="stmt"/>
        <line num="123" count="1" type="stmt"/>
        <line num="125" count="1" type="cond" truecount="1" falsecount="1"/>
        <line num="129" count="1" type="stmt"/>
        <line num="130" count="2" type="stmt"/>
        <line num="131" count="2" type="stmt"/>
        <line num="132" count="2" type="stmt"/>
        <line num="133" count="1" type="stmt"/>
        <line num="135" count="1" type="cond" truecount="1" falsecount="1"/>
        <line num="140" count="1" type="stmt"/>
        <line num="141" count="2" type="stmt"/>
        <line num="142" count="2" type="stmt"/>
        <line num="143" count="2" type="stmt"/>
        <line num="144" count="1" type="stmt"/>
        <line num="146" count="1" type="cond" truecount="2" falsecount="2"/>
        <line num="151" count="1" type="stmt"/>
        <line num="152" count="2" type="stmt"/>
        <line num="153" count="2" type="stmt"/>
        <line num="154" count="1" type="stmt"/>
        <line num="156" count="1" type="cond" truecount="2" falsecount="2"/>
        <line num="160" count="1" type="stmt"/>
      </file>
      <file name="organizationController.js" path="F:\3-brain-cell\backend\src\controllers\organizationController.js">
        <metrics statements="59" coveredstatements="52" conditionals="34" coveredconditionals="12" methods="7" coveredmethods="6"/>
        <line num="1" count="1" type="stmt"/>
        <line num="2" count="1" type="stmt"/>
        <line num="5" count="1" type="stmt"/>
        <line num="6" count="2" type="stmt"/>
        <line num="7" count="2" type="stmt"/>
        <line num="8" count="2" type="stmt"/>
        <line num="10" count="2" type="stmt"/>
        <line num="11" count="1" type="stmt"/>
        <line num="13" count="1" type="stmt"/>
        <line num="14" count="1" type="cond" truecount="2" falsecount="2"/>
        <line num="19" count="1" type="stmt"/>
        <line num="20" count="2" type="stmt"/>
        <line num="21" count="2" type="stmt"/>
        <line num="22" count="2" type="stmt"/>
        <line num="23" count="1" type="stmt"/>
        <line num="25" count="1" type="stmt"/>
        <line num="26" count="1" type="cond" truecount="2" falsecount="2"/>
        <line num="31" count="1" type="stmt"/>
        <line num="32" count="2" type="stmt"/>
        <line num="33" count="2" type="stmt"/>
        <line num="34" count="2" type="cond" truecount="0" falsecount="2"/>
        <line num="35" count="2" type="stmt"/>
        <line num="36" count="2" type="stmt"/>
        <line num="37" count="1" type="stmt"/>
        <line num="39" count="1" type="stmt"/>
        <line num="40" count="1" type="cond" truecount="2" falsecount="2"/>
        <line num="46" count="1" type="stmt"/>
        <line num="47" count="2" type="stmt"/>
        <line num="48" count="2" type="stmt"/>
        <line num="49" count="2" type="cond" truecount="0" falsecount="2"/>
        <line num="50" count="2" type="stmt"/>
        <line num="51" count="2" type="stmt"/>
        <line num="52" count="1" type="stmt"/>
        <line num="54" count="1" type="stmt"/>
        <line num="55" count="1" type="cond" truecount="2" falsecount="2"/>
        <line num="61" count="1" type="stmt"/>
        <line num="62" count="2" type="stmt"/>
        <line num="63" count="2" type="stmt"/>
        <line num="64" count="2" type="stmt"/>
        <line num="65" count="1" type="stmt"/>
        <line num="67" count="1" type="cond" truecount="2" falsecount="2"/>
        <line num="73" count="1" type="stmt"/>
        <line num="74" count="2" type="stmt"/>
        <line num="75" count="2" type="stmt"/>
        <line num="76" count="2" type="cond" truecount="0" falsecount="2"/>
        <line num="77" count="2" type="stmt"/>
        <line num="78" count="2" type="stmt"/>
        <line num="79" count="1" type="stmt"/>
        <line num="81" count="1" type="stmt"/>
        <line num="82" count="1" type="cond" truecount="2" falsecount="2"/>
        <line num="88" count="1" type="stmt"/>
        <line num="89" count="0" type="stmt"/>
        <line num="90" count="0" type="stmt"/>
        <line num="91" count="0" type="stmt"/>
        <line num="92" count="0" type="stmt"/>
        <line num="93" count="0" type="stmt"/>
        <line num="95" count="0" type="stmt"/>
        <line num="96" count="0" type="cond" truecount="0" falsecount="4"/>
        <line num="100" count="1" type="stmt"/>
      </file>
      <file name="profileController.js" path="F:\3-brain-cell\backend\src\controllers\profileController.js">
        <metrics statements="20" coveredstatements="20" conditionals="6" coveredconditionals="6" methods="1" coveredmethods="1"/>
        <line num="1" count="1" type="stmt"/>
        <line num="2" count="1" type="stmt"/>
        <line num="3" count="1" type="stmt"/>
        <line num="4" count="1" type="stmt"/>
        <line num="6" count="1" type="stmt"/>
        <line num="7" count="5" type="stmt"/>
        <line num="8" count="5" type="cond" truecount="2" falsecount="0"/>
        <line num="10" count="4" type="stmt"/>
        <line num="11" count="4" type="stmt"/>
        <line num="13" count="4" type="stmt"/>
        <line num="14" count="4" type="stmt"/>
        <line num="16" count="4" type="stmt"/>
        <line num="18" count="1" type="stmt"/>
        <line num="20" count="3" type="cond" truecount="2" falsecount="0"/>
        <line num="21" count="1" type="stmt"/>
        <line num="22" count="2" type="cond" truecount="2" falsecount="0"/>
        <line num="23" count="1" type="stmt"/>
        <line num="25" count="1" type="stmt"/>
        <line num="26" count="1" type="stmt"/>
        <line num="31" count="1" type="stmt"/>
      </file>
      <file name="userController.js" path="F:\3-brain-cell\backend\src\controllers\userController.js">
        <metrics statements="42" coveredstatements="29" conditionals="22" coveredconditionals="6" methods="5" coveredmethods="3"/>
        <line num="1" count="1" type="stmt"/>
        <line num="2" count="1" type="stmt"/>
        <line num="3" count="1" type="stmt"/>
        <line num="5" count="1" type="stmt"/>
        <line num="6" count="2" type="stmt"/>
        <line num="7" count="2" type="stmt"/>
        <line num="8" count="2" type="stmt"/>
        <line num="10" count="1" type="stmt"/>
        <line num="12" count="1" type="stmt"/>
        <line num="13" count="1" type="cond" truecount="2" falsecount="2"/>
        <line num="18" count="1" type="stmt"/>
        <line num="19" count="2" type="stmt"/>
        <line num="20" count="2" type="cond" truecount="0" falsecount="2"/>
        <line num="21" count="2" type="stmt"/>
        <line num="22" count="2" type="stmt"/>
        <line num="23" count="1" type="stmt"/>
        <line num="25" count="1" type="stmt"/>
        <line num="26" count="1" type="cond" truecount="2" falsecount="2"/>
        <line num="32" count="1" type="stmt"/>
        <line num="33" count="2" type="stmt"/>
        <line num="34" count="2" type="stmt"/>
        <line num="35" count="2" type="cond" truecount="0" falsecount="2"/>
        <line num="36" count="2" type="stmt"/>
        <line num="37" count="2" type="stmt"/>
        <line num="38" count="1" type="stmt"/>
        <line num="40" count="1" type="cond" truecount="2" falsecount="2"/>
        <line num="45" count="1" type="stmt"/>
        <line num="46" count="0" type="stmt"/>
        <line num="47" count="0" type="stmt"/>
        <line num="48" count="0" type="cond" truecount="0" falsecount="2"/>
        <line num="49" count="0" type="stmt"/>
        <line num="52" count="0" type="stmt"/>
        <line num="53" count="0" type="stmt"/>
        <line num="54" count="0" type="stmt"/>
        <line num="56" count="0" type="cond" truecount="0" falsecount="2"/>
        <line num="61" count="1" type="stmt"/>
        <line num="62" count="0" type="stmt"/>
        <line num="63" count="0" type="stmt"/>
        <line num="64" count="0" type="stmt"/>
        <line num="65" count="0" type="stmt"/>
        <line num="67" count="0" type="cond" truecount="0" falsecount="2"/>
        <line num="71" count="1" type="stmt"/>
      </file>
      <file name="volunteerController.js" path="F:\3-brain-cell\backend\src\controllers\volunteerController.js">
        <metrics statements="33" coveredstatements="33" conditionals="20" coveredconditionals="8" methods="4" coveredmethods="4"/>
        <line num="1" count="1" type="stmt"/>
        <line num="2" count="1" type="stmt"/>
        <line num="5" count="1" type="stmt"/>
        <line num="6" count="2" type="stmt"/>
        <line num="7" count="2" type="stmt"/>
        <line num="8" count="2" type="stmt"/>
        <line num="9" count="2" type="stmt"/>
        <line num="10" count="1" type="stmt"/>
        <line num="12" count="1" type="cond" truecount="2" falsecount="2"/>
        <line num="17" count="1" type="stmt"/>
        <line num="18" count="2" type="stmt"/>
        <line num="19" count="2" type="stmt"/>
        <line num="20" count="2" type="cond" truecount="0" falsecount="2"/>
        <line num="21" count="2" type="stmt"/>
        <line num="22" count="2" type="stmt"/>
        <line num="23" count="1" type="stmt"/>
        <line num="25" count="1" type="stmt"/>
        <line num="26" count="1" type="cond" truecount="2" falsecount="2"/>
        <line num="31" count="1" type="stmt"/>
        <line num="32" count="2" type="stmt"/>
        <line num="33" count="2" type="cond" truecount="0" falsecount="2"/>
        <line num="34" count="2" type="stmt"/>
        <line num="35" count="2" type="stmt"/>
        <line num="36" count="1" type="stmt"/>
        <line num="38" count="1" type="stmt"/>
        <line num="39" count="1" type="cond" truecount="2" falsecount="2"/>
        <line num="44" count="1" type="stmt"/>
        <line num="45" count="2" type="stmt"/>
        <line num="46" count="2" type="stmt"/>
        <line num="47" count="2" type="stmt"/>
        <line num="48" count="1" type="stmt"/>
        <line num="50" count="1" type="cond" truecount="2" falsecount="2"/>
        <line num="54" count="1" type="stmt"/>
      </file>
    </package>
    <package name="middlewares">
      <metrics statements="31" coveredstatements="31" conditionals="16" coveredconditionals="13" methods="5" coveredmethods="5"/>
      <file name="authMiddleware.js" path="F:\3-brain-cell\backend\src\middlewares\authMiddleware.js">
        <metrics statements="24" coveredstatements="24" conditionals="14" coveredconditionals="11" methods="3" coveredmethods="3"/>
        <line num="1" count="1" type="stmt"/>
        <line num="2" count="1" type="stmt"/>
        <line num="3" count="1" type="stmt"/>
        <line num="4" count="1" type="stmt"/>
        <line num="6" count="1" type="stmt"/>
        <line num="7" count="4" type="stmt"/>
        <line num="8" count="4" type="stmt"/>
        <line num="9" count="4" type="cond" truecount="2" falsecount="0"/>
        <line num="10" count="1" type="stmt"/>
        <line num="13" count="3" type="stmt"/>
        <line num="15" count="2" type="stmt"/>
        <line num="16" count="2" type="stmt"/>
        <line num="21" count="2" type="cond" truecount="2" falsecount="0"/>
        <line num="22" count="1" type="stmt"/>
        <line num="25" count="1" type="stmt"/>
        <line num="34" count="1" type="stmt"/>
        <line num="36" count="1" type="stmt"/>
        <line num="37" count="1" type="stmt"/>
        <line num="41" count="1" type="stmt"/>
        <line num="42" count="2" type="stmt"/>
        <line num="43" count="2" type="cond" truecount="4" falsecount="0"/>
        <line num="44" count="1" type="stmt"/>
        <line num="46" count="1" type="stmt"/>
        <line num="50" count="1" type="stmt"/>
      </file>
      <file name="validationMiddleware.js" path="F:\3-brain-cell\backend\src\middlewares\validationMiddleware.js">
        <metrics statements="7" coveredstatements="7" conditionals="2" coveredconditionals="2" methods="2" coveredmethods="2"/>
        <line num="1" count="1" type="stmt"/>
        <line num="2" count="4" type="stmt"/>
        <line num="3" count="4" type="stmt"/>
        <line num="4" count="4" type="cond" truecount="2" falsecount="0"/>
        <line num="5" count="3" type="stmt"/>
        <line num="7" count="1" type="stmt"/>
        <line num="11" count="1" type="stmt"/>
      </file>
    </package>
    <package name="models">
      <metrics statements="33" coveredstatements="26" conditionals="0" coveredconditionals="0" methods="7" coveredmethods="0"/>
      <file name="Coordinator.js" path="F:\3-brain-cell\backend\src\models\Coordinator.js">
        <metrics statements="3" coveredstatements="3" conditionals="0" coveredconditionals="0" methods="0" coveredmethods="0"/>
        <line num="1" count="12" type="stmt"/>
        <line num="3" count="12" type="stmt"/>
        <line num="57" count="12" type="stmt"/>
      </file>
      <file name="DailyReport.js" path="F:\3-brain-cell\backend\src\models\DailyReport.js">
        <metrics statements="5" coveredstatements="3" conditionals="0" coveredconditionals="0" methods="2" coveredmethods="0"/>
        <line num="1" count="13" type="stmt"/>
        <line num="3" count="13" type="stmt"/>
        <line num="14" count="0" type="stmt"/>
        <line num="49" count="0" type="stmt"/>
        <line num="68" count="13" type="stmt"/>
      </file>
      <file name="Disaster.js" path="F:\3-brain-cell\backend\src\models\Disaster.js">
        <metrics statements="4" coveredstatements="3" conditionals="0" coveredconditionals="0" methods="1" coveredmethods="0"/>
        <line num="1" count="13" type="stmt"/>
        <line num="3" count="13" type="stmt"/>
        <line num="51" count="0" type="stmt"/>
        <line num="76" count="13" type="stmt"/>
      </file>
      <file name="Notification.js" path="F:\3-brain-cell\backend\src\models\Notification.js">
        <metrics statements="3" coveredstatements="2" conditionals="0" coveredconditionals="0" methods="1" coveredmethods="0"/>
        <line num="1" count="11" type="stmt"/>
        <line num="3" count="11" type="stmt"/>
        <line num="25" count="0" type="stmt"/>
      </file>
      <file name="Organization.js" path="F:\3-brain-cell\backend\src\models\Organization.js">
        <metrics statements="3" coveredstatements="3" conditionals="0" coveredconditionals="0" methods="0" coveredmethods="0"/>
        <line num="1" count="13" type="stmt"/>
        <line num="3" count="13" type="stmt"/>
        <line num="89" count="13" type="stmt"/>
      </file>
      <file name="Team.js" path="F:\3-brain-cell\backend\src\models\Team.js">
        <metrics statements="4" coveredstatements="3" conditionals="0" coveredconditionals="0" methods="1" coveredmethods="0"/>
        <line num="1" count="14" type="stmt"/>
        <line num="3" count="14" type="stmt"/>
        <line num="30" count="0" type="stmt"/>
        <line num="64" count="14" type="stmt"/>
      </file>
      <file name="User.js" path="F:\3-brain-cell\backend\src\models\User.js">
        <metrics statements="4" coveredstatements="3" conditionals="0" coveredconditionals="0" methods="1" coveredmethods="0"/>
        <line num="1" count="14" type="stmt"/>
        <line num="3" count="14" type="stmt"/>
        <line num="52" count="0" type="stmt"/>
        <line num="75" count="14" type="stmt"/>
      </file>
      <file name="Volunteer.js" path="F:\3-brain-cell\backend\src\models\Volunteer.js">
        <metrics statements="3" coveredstatements="3" conditionals="0" coveredconditionals="0" methods="0" coveredmethods="0"/>
        <line num="1" count="12" type="stmt"/>
        <line num="3" count="12" type="stmt"/>
        <line num="47" count="12" type="stmt"/>
      </file>
      <file name="VolunteerApplication.js" path="F:\3-brain-cell\backend\src\models\VolunteerApplication.js">
        <metrics statements="4" coveredstatements="3" conditionals="0" coveredconditionals="0" methods="1" coveredmethods="0"/>
        <line num="1" count="12" type="stmt"/>
        <line num="3" count="12" type="stmt"/>
        <line num="19" count="0" type="stmt"/>
        <line num="38" count="12" type="stmt"/>
      </file>
    </package>
    <package name="repositories">
      <metrics statements="112" coveredstatements="5" conditionals="130" coveredconditionals="0" methods="12" coveredmethods="0"/>
      <file name="formalDailyReportRepository.js" path="F:\3-brain-cell\backend\src\repositories\formalDailyReportRepository.js">
        <metrics statements="27" coveredstatements="2" conditionals="26" coveredconditionals="0" methods="3" coveredmethods="0"/>
        <line num="1" count="2" type="stmt"/>
        <line num="2" count="0" type="stmt"/>
        <line num="9" count="0" type="cond" truecount="0" falsecount="2"/>
        <line num="10" count="0" type="stmt"/>
        <line num="14" count="0" type="cond" truecount="0" falsecount="2"/>
        <line num="15" count="0" type="stmt"/>
        <line num="19" count="0" type="stmt"/>
        <line num="20" count="0" type="stmt"/>
        <line num="21" count="0" type="cond" truecount="0" falsecount="2"/>
        <line num="22" count="0" type="stmt"/>
        <line num="26" count="0" type="cond" truecount="0" falsecount="2"/>
        <line num="27" count="0" type="stmt"/>
        <line num="34" count="0" type="stmt"/>
        <line num="35" count="0" type="cond" truecount="0" falsecount="2"/>
        <line num="36" count="0" type="cond" truecount="0" falsecount="2"/>
        <line num="37" count="0" type="cond" truecount="0" falsecount="2"/>
        <line num="39" count="0" type="cond" truecount="0" falsecount="2"/>
        <line num="40" count="0" type="cond" truecount="0" falsecount="2"/>
        <line num="43" count="0" type="stmt"/>
        <line num="50" count="0" type="stmt"/>
        <line num="51" count="0" type="stmt"/>
        <line num="52" count="0" type="cond" truecount="0" falsecount="2"/>
        <line num="53" count="0" type="stmt"/>
        <line num="57" count="0" type="cond" truecount="0" falsecount="2"/>
        <line num="58" count="0" type="stmt"/>
        <line num="61" count="0" type="stmt"/>
        <line num="65" count="2" type="stmt"/>
      </file>
      <file name="reportRepository.js" path="F:\3-brain-cell\backend\src\repositories\reportRepository.js">
        <metrics statements="64" coveredstatements="0" conditionals="90" coveredconditionals="0" methods="3" coveredmethods="0"/>
        <line num="1" count="0" type="stmt"/>
        <line num="2" count="0" type="stmt"/>
        <line num="6" count="0" type="stmt"/>
        <line num="9" count="0" type="stmt"/>
        <line num="14" count="0" type="cond" truecount="0" falsecount="4"/>
        <line num="15" count="0" type="stmt"/>
        <line num="51" count="0" type="stmt"/>
        <line num="52" count="0" type="stmt"/>
        <line num="53" count="0" type="stmt"/>
        <line num="56" count="0" type="stmt"/>
        <line num="57" count="0" type="stmt"/>
        <line num="58" count="0" type="stmt"/>
        <line num="59" count="0" type="stmt"/>
        <line num="60" count="0" type="stmt"/>
        <line num="61" count="0" type="stmt"/>
        <line num="62" count="0" type="stmt"/>
        <line num="63" count="0" type="stmt"/>
        <line num="64" count="0" type="stmt"/>
        <line num="65" count="0" type="stmt"/>
        <line num="68" count="0" type="stmt"/>
        <line num="69" count="0" type="stmt"/>
        <line num="70" count="0" type="stmt"/>
        <line num="73" count="0" type="stmt"/>
        <line num="74" count="0" type="stmt"/>
        <line num="75" count="0" type="stmt"/>
        <line num="76" count="0" type="stmt"/>
        <line num="79" count="0" type="stmt"/>
        <line num="82" count="0" type="stmt"/>
        <line num="85" count="0" type="stmt"/>
        <line num="86" count="0" type="cond" truecount="0" falsecount="2"/>
        <line num="87" count="0" type="stmt"/>
        <line num="91" count="0" type="cond" truecount="0" falsecount="2"/>
        <line num="94" count="0" type="cond" truecount="0" falsecount="2"/>
        <line num="95" count="0" type="cond" truecount="0" falsecount="2"/>
        <line num="96" count="0" type="cond" truecount="0" falsecount="2"/>
        <line num="97" count="0" type="cond" truecount="0" falsecount="2"/>
        <line num="98" count="0" type="cond" truecount="0" falsecount="2"/>
        <line num="99" count="0" type="cond" truecount="0" falsecount="2"/>
        <line num="100" count="0" type="cond" truecount="0" falsecount="2"/>
        <line num="101" count="0" type="cond" truecount="0" falsecount="2"/>
        <line num="102" count="0" type="cond" truecount="0" falsecount="2"/>
        <line num="103" count="0" type="cond" truecount="0" falsecount="2"/>
        <line num="106" count="0" type="cond" truecount="0" falsecount="2"/>
        <line num="107" count="0" type="cond" truecount="0" falsecount="2"/>
        <line num="108" count="0" type="cond" truecount="0" falsecount="2"/>
        <line num="111" count="0" type="cond" truecount="0" falsecount="2"/>
        <line num="112" count="0" type="cond" truecount="0" falsecount="2"/>
        <line num="113" count="0" type="cond" truecount="0" falsecount="2"/>
        <line num="114" count="0" type="cond" truecount="0" falsecount="2"/>
        <line num="118" count="0" type="cond" truecount="0" falsecount="2"/>
        <line num="129" count="0" type="stmt"/>
        <line num="132" count="0" type="cond" truecount="0" falsecount="2"/>
        <line num="137" count="0" type="stmt"/>
        <line num="141" count="0" type="stmt"/>
        <line num="143" count="0" type="cond" truecount="0" falsecount="2"/>
        <line num="144" count="0" type="stmt"/>
        <line num="153" count="0" type="cond" truecount="0" falsecount="2"/>
        <line num="154" count="0" type="cond" truecount="0" falsecount="2"/>
        <line num="155" count="0" type="stmt"/>
        <line num="159" count="0" type="stmt"/>
        <line num="167" count="0" type="stmt"/>
        <line num="168" count="0" type="stmt"/>
        <line num="172" count="0" type="stmt"/>
        <line num="209" count="0" type="stmt"/>
      </file>
      <file name="teamCreationRepository.js" path="F:\3-brain-cell\backend\src\repositories\teamCreationRepository.js">
        <metrics statements="21" coveredstatements="3" conditionals="14" coveredconditionals="0" methods="6" coveredmethods="0"/>
        <line num="1" count="1" type="stmt"/>
        <line num="2" count="0" type="cond" truecount="0" falsecount="2"/>
        <line num="3" count="0" type="stmt"/>
        <line num="4" count="0" type="cond" truecount="0" falsecount="2"/>
        <line num="6" count="0" type="cond" truecount="0" falsecount="2"/>
        <line num="7" count="0" type="stmt"/>
        <line num="9" count="0" type="stmt"/>
        <line num="12" count="0" type="stmt"/>
        <line num="13" count="0" type="cond" truecount="0" falsecount="2"/>
        <line num="14" count="0" type="stmt"/>
        <line num="17" count="0" type="stmt"/>
        <line num="21" count="1" type="stmt"/>
        <line num="22" count="0" type="stmt"/>
        <line num="24" count="0" type="stmt"/>
        <line num="29" count="0" type="cond" truecount="0" falsecount="2"/>
        <line num="30" count="0" type="stmt"/>
        <line num="33" count="0" type="cond" truecount="0" falsecount="4"/>
        <line num="34" count="0" type="stmt"/>
        <line num="37" count="0" type="stmt"/>
        <line num="40" count="0" type="stmt"/>
        <line num="44" count="1" type="stmt"/>
      </file>
    </package>
    <package name="routes">
      <metrics statements="86" coveredstatements="0" conditionals="0" coveredconditionals="0" methods="0" coveredmethods="0"/>
      <file name="authRoutes.js" path="F:\3-brain-cell\backend\src\routes\authRoutes.js">
        <metrics statements="12" coveredstatements="0" conditionals="0" coveredconditionals="0" methods="0" coveredmethods="0"/>
        <line num="1" count="0" type="stmt"/>
        <line num="2" count="0" type="stmt"/>
        <line num="3" count="0" type="stmt"/>
        <line num="4" count="0" type="stmt"/>
        <line num="5" count="0" type="stmt"/>
        <line num="8" count="0" type="stmt"/>
        <line num="10" count="0" type="stmt"/>
        <line num="11" count="0" type="stmt"/>
        <line num="13" count="0" type="stmt"/>
        <line num="15" count="0" type="stmt"/>
        <line num="16" count="0" type="stmt"/>
        <line num="18" count="0" type="stmt"/>
      </file>
      <file name="coordinatorRoutes.js" path="F:\3-brain-cell\backend\src\routes\coordinatorRoutes.js">
        <metrics statements="24" coveredstatements="0" conditionals="0" coveredconditionals="0" methods="0" coveredmethods="0"/>
        <line num="1" count="0" type="stmt"/>
        <line num="2" count="0" type="stmt"/>
        <line num="3" count="0" type="stmt"/>
        <line num="6" count="0" type="stmt"/>
        <line num="14" count="0" type="stmt"/>
        <line num="30" count="0" type="stmt"/>
        <line num="32" count="0" type="stmt"/>
        <line num="35" count="0" type="stmt"/>
        <line num="36" count="0" type="stmt"/>
        <line num="38" count="0" type="stmt"/>
        <line num="41" count="0" type="stmt"/>
        <line num="43" count="0" type="stmt"/>
        <line num="45" count="0" type="stmt"/>
        <line num="47" count="0" type="stmt"/>
        <line num="49" count="0" type="stmt"/>
        <line num="51" count="0" type="stmt"/>
        <line num="53" count="0" type="stmt"/>
        <line num="55" count="0" type="stmt"/>
        <line num="57" count="0" type="stmt"/>
        <line num="59" count="0" type="stmt"/>
        <line num="61" count="0" type="stmt"/>
        <line num="63" count="0" type="stmt"/>
        <line num="65" count="0" type="stmt"/>
        <line num="67" count="0" type="stmt"/>
      </file>
      <file name="organizationRoutes.js" path="F:\3-brain-cell\backend\src\routes\organizationRoutes.js">
        <metrics statements="18" coveredstatements="0" conditionals="0" coveredconditionals="0" methods="0" coveredmethods="0"/>
        <line num="1" count="0" type="stmt"/>
        <line num="10" count="0" type="stmt"/>
        <line num="11" count="0" type="stmt"/>
        <line num="12" count="0" type="stmt"/>
        <line num="13" count="0" type="stmt"/>
        <line num="18" count="0" type="stmt"/>
        <line num="20" count="0" type="stmt"/>
        <line num="22" count="0" type="stmt"/>
        <line num="23" count="0" type="stmt"/>
        <line num="25" count="0" type="stmt"/>
        <line num="27" count="0" type="stmt"/>
        <line num="29" count="0" type="stmt"/>
        <line num="31" count="0" type="stmt"/>
        <line num="33" count="0" type="stmt"/>
        <line num="35" count="0" type="stmt"/>
        <line num="37" count="0" type="stmt"/>
        <line num="39" count="0" type="stmt"/>
        <line num="41" count="0" type="stmt"/>
      </file>
      <file name="profileRoutes.js" path="F:\3-brain-cell\backend\src\routes\profileRoutes.js">
        <metrics statements="8" coveredstatements="0" conditionals="0" coveredconditionals="0" methods="0" coveredmethods="0"/>
        <line num="1" count="0" type="stmt"/>
        <line num="2" count="0" type="stmt"/>
        <line num="3" count="0" type="stmt"/>
        <line num="4" count="0" type="stmt"/>
        <line num="6" count="0" type="stmt"/>
        <line num="7" count="0" type="stmt"/>
        <line num="9" count="0" type="stmt"/>
        <line num="11" count="0" type="stmt"/>
      </file>
      <file name="userRoutes.js" path="F:\3-brain-cell\backend\src\routes\userRoutes.js">
        <metrics statements="11" coveredstatements="0" conditionals="0" coveredconditionals="0" methods="0" coveredmethods="0"/>
        <line num="1" count="0" type="stmt"/>
        <line num="2" count="0" type="stmt"/>
        <line num="9" count="0" type="stmt"/>
        <line num="10" count="0" type="stmt"/>
        <line num="12" count="0" type="stmt"/>
        <line num="15" count="0" type="stmt"/>
        <line num="17" count="0" type="stmt"/>
        <line num="19" count="0" type="stmt"/>
        <line num="21" count="0" type="stmt"/>
        <line num="23" count="0" type="stmt"/>
        <line num="25" count="0" type="stmt"/>
      </file>
      <file name="volunteerRoutes.js" path="F:\3-brain-cell\backend\src\routes\volunteerRoutes.js">
        <metrics statements="13" coveredstatements="0" conditionals="0" coveredconditionals="0" methods="0" coveredmethods="0"/>
        <line num="1" count="0" type="stmt"/>
        <line num="7" count="0" type="stmt"/>
        <line num="8" count="0" type="stmt"/>
        <line num="9" count="0" type="stmt"/>
        <line num="11" count="0" type="stmt"/>
        <line num="13" count="0" type="stmt"/>
        <line num="14" count="0" type="stmt"/>
        <line num="16" count="0" type="stmt"/>
        <line num="18" count="0" type="stmt"/>
        <line num="20" count="0" type="stmt"/>
        <line num="22" count="0" type="stmt"/>
        <line num="24" count="0" type="stmt"/>
        <line num="26" count="0" type="stmt"/>
      </file>
    </package>
    <package name="services">
      <metrics statements="463" coveredstatements="369" conditionals="203" coveredconditionals="106" methods="67" coveredmethods="51"/>
      <file name="authService.js" path="F:\3-brain-cell\backend\src\services\authService.js">
        <metrics statements="59" coveredstatements="59" conditionals="24" coveredconditionals="24" methods="5" coveredmethods="5"/>
        <line num="1" count="2" type="stmt"/>
        <line num="2" count="2" type="stmt"/>
        <line num="3" count="2" type="stmt"/>
        <line num="4" count="2" type="stmt"/>
        <line num="5" count="2" type="stmt"/>
        <line num="6" count="2" type="stmt"/>
        <line num="7" count="2" type="stmt"/>
        <line num="8" count="2" type="stmt"/>
        <line num="10" count="2" type="stmt"/>
        <line num="11" count="2" type="stmt"/>
        <line num="13" count="2" type="stmt"/>
        <line num="14" count="2" type="cond" truecount="2" falsecount="0"/>
        <line num="16" count="1" type="stmt"/>
        <line num="17" count="1" type="stmt"/>
        <line num="19" count="1" type="stmt"/>
        <line num="23" count="1" type="stmt"/>
        <line num="25" count="1" type="stmt"/>
        <line num="29" count="2" type="stmt"/>
        <line num="30" count="2" type="stmt"/>
        <line num="32" count="2" type="stmt"/>
        <line num="33" count="2" type="cond" truecount="4" falsecount="0"/>
        <line num="34" count="1" type="stmt"/>
        <line num="37" count="1" type="stmt"/>
        <line num="43" count="1" type="stmt"/>
        <line num="47" count="2" type="stmt"/>
        <line num="48" count="2" type="stmt"/>
        <line num="49" count="2" type="cond" truecount="2" falsecount="0"/>
        <line num="51" count="1" type="stmt"/>
        <line num="52" count="1" type="stmt"/>
        <line num="54" count="1" type="stmt"/>
        <line num="55" count="1" type="stmt"/>
        <line num="57" count="1" type="stmt"/>
        <line num="59" count="1" type="stmt"/>
        <line num="63" count="2" type="stmt"/>
        <line num="64" count="3" type="stmt"/>
        <line num="65" count="3" type="cond" truecount="2" falsecount="0"/>
        <line num="67" count="2" type="cond" truecount="2" falsecount="0"/>
        <line num="68" count="1" type="stmt"/>
        <line num="71" count="1" type="stmt"/>
        <line num="72" count="1" type="stmt"/>
        <line num="73" count="1" type="stmt"/>
        <line num="75" count="1" type="stmt"/>
        <line num="77" count="1" type="stmt"/>
        <line num="81" count="2" type="stmt"/>
        <line num="82" count="6" type="stmt"/>
        <line num="83" count="6" type="cond" truecount="2" falsecount="0"/>
        <line num="85" count="5" type="cond" truecount="4" falsecount="0"/>
        <line num="86" count="1" type="stmt"/>
        <line num="89" count="4" type="cond" truecount="2" falsecount="0"/>
        <line num="90" count="1" type="stmt"/>
        <line num="93" count="3" type="stmt"/>
        <line num="94" count="3" type="cond" truecount="2" falsecount="0"/>
        <line num="96" count="2" type="cond" truecount="2" falsecount="0"/>
        <line num="97" count="1" type="stmt"/>
        <line num="100" count="1" type="stmt"/>
        <line num="101" count="1" type="stmt"/>
        <line num="102" count="1" type="stmt"/>
        <line num="104" count="1" type="stmt"/>
        <line num="108" count="2" type="stmt"/>
      </file>
      <file name="coordinatorService.js" path="F:\3-brain-cell\backend\src\services\coordinatorService.js">
        <metrics statements="169" coveredstatements="103" conditionals="81" coveredconditionals="25" methods="26" coveredmethods="17"/>
        <line num="1" count="2" type="stmt"/>
        <line num="2" count="2" type="stmt"/>
        <line num="3" count="2" type="stmt"/>
        <line num="4" count="2" type="stmt"/>
        <line num="5" count="2" type="stmt"/>
        <line num="6" count="2" type="stmt"/>
        <line num="7" count="2" type="stmt"/>
        <line num="8" count="2" type="stmt"/>
        <line num="9" count="2" type="stmt"/>
        <line num="14" count="2" type="stmt"/>
        <line num="17" count="2" type="stmt"/>
        <line num="18" count="2" type="stmt"/>
        <line num="19" count="2" type="stmt"/>
        <line num="23" count="2" type="cond" truecount="2" falsecount="0"/>
        <line num="24" count="1" type="stmt"/>
        <line num="27" count="1" type="stmt"/>
        <line num="29" count="1" type="cond" truecount="1" falsecount="1"/>
        <line num="30" count="1" type="stmt"/>
        <line num="33" count="1" type="stmt"/>
        <line num="38" count="1" type="stmt"/>
        <line num="41" count="1" type="stmt"/>
        <line num="43" count="1" type="stmt"/>
        <line num="45" count="1" type="cond" truecount="1" falsecount="1"/>
        <line num="46" count="1" type="stmt"/>
        <line num="47" count="1" type="stmt"/>
        <line num="53" count="1" type="stmt"/>
        <line num="56" count="2" type="stmt"/>
        <line num="57" count="2" type="stmt"/>
        <line num="58" count="2" type="stmt"/>
        <line num="62" count="2" type="cond" truecount="1" falsecount="1"/>
        <line num="63" count="2" type="cond" truecount="2" falsecount="0"/>
        <line num="64" count="1" type="stmt"/>
        <line num="67" count="1" type="stmt"/>
        <line num="68" count="1" type="stmt"/>
        <line num="69" count="1" type="stmt"/>
        <line num="70" count="1" type="stmt"/>
        <line num="73" count="2" type="stmt"/>
        <line num="74" count="1" type="stmt"/>
        <line num="75" count="1" type="stmt"/>
        <line num="79" count="1" type="cond" truecount="1" falsecount="1"/>
        <line num="80" count="1" type="cond" truecount="1" falsecount="1"/>
        <line num="81" count="0" type="stmt"/>
        <line num="83" count="1" type="stmt"/>
        <line num="84" count="1" type="stmt"/>
        <line num="88" count="2" type="stmt"/>
        <line num="89" count="1" type="stmt"/>
        <line num="90" count="1" type="stmt"/>
        <line num="96" count="1" type="stmt"/>
        <line num="98" count="1" type="stmt"/>
        <line num="100" count="1" type="cond" truecount="1" falsecount="1"/>
        <line num="108" count="1" type="stmt"/>
        <line num="114" count="1" type="stmt"/>
        <line num="118" count="2" type="stmt"/>
        <line num="119" count="2" type="stmt"/>
        <line num="121" count="2" type="stmt"/>
        <line num="126" count="2" type="cond" truecount="1" falsecount="1"/>
        <line num="127" count="0" type="stmt"/>
        <line num="130" count="2" type="cond" truecount="1" falsecount="1"/>
        <line num="131" count="0" type="stmt"/>
        <line num="134" count="2" type="cond" truecount="2" falsecount="0"/>
        <line num="135" count="1" type="stmt"/>
        <line num="138" count="1" type="stmt"/>
        <line num="139" count="1" type="stmt"/>
        <line num="141" count="1" type="stmt"/>
        <line num="143" count="1" type="stmt"/>
        <line num="145" count="1" type="stmt"/>
        <line num="149" count="2" type="stmt"/>
        <line num="150" count="2" type="stmt"/>
        <line num="151" count="2" type="stmt"/>
        <line num="154" count="2" type="cond" truecount="2" falsecount="0"/>
        <line num="155" count="1" type="stmt"/>
        <line num="157" count="1" type="stmt"/>
        <line num="158" count="1" type="stmt"/>
        <line num="159" count="1" type="stmt"/>
        <line num="163" count="2" type="stmt"/>
        <line num="164" count="1" type="stmt"/>
        <line num="165" count="1" type="stmt"/>
        <line num="170" count="1" type="stmt"/>
        <line num="174" count="2" type="stmt"/>
        <line num="175" count="1" type="stmt"/>
        <line num="177" count="1" type="stmt"/>
        <line num="184" count="1" type="stmt"/>
        <line num="185" count="1" type="stmt"/>
        <line num="186" count="1" type="cond" truecount="1" falsecount="1"/>
        <line num="187" count="1" type="stmt"/>
        <line num="188" count="1" type="cond" truecount="1" falsecount="1"/>
        <line num="191" count="1" type="stmt"/>
        <line num="201" count="1" type="stmt"/>
        <line num="211" count="1" type="stmt"/>
        <line num="216" count="2" type="stmt"/>
        <line num="217" count="0" type="stmt"/>
        <line num="218" count="0" type="stmt"/>
        <line num="219" count="0" type="stmt"/>
        <line num="220" count="0" type="stmt"/>
        <line num="221" count="0" type="cond" truecount="0" falsecount="2"/>
        <line num="224" count="0" type="stmt"/>
        <line num="226" count="0" type="stmt"/>
        <line num="227" count="0" type="stmt"/>
        <line num="231" count="2" type="cond" truecount="0" falsecount="1"/>
        <line num="232" count="0" type="stmt"/>
        <line num="233" count="0" type="stmt"/>
        <line num="235" count="0" type="stmt"/>
        <line num="240" count="0" type="cond" truecount="0" falsecount="2"/>
        <line num="241" count="0" type="stmt"/>
        <line num="244" count="0" type="cond" truecount="0" falsecount="2"/>
        <line num="245" count="0" type="stmt"/>
        <line num="248" count="0" type="stmt"/>
        <line num="249" count="0" type="cond" truecount="0" falsecount="2"/>
        <line num="250" count="0" type="stmt"/>
        <line num="252" count="0" type="stmt"/>
        <line num="253" count="0" type="stmt"/>
        <line num="255" count="0" type="stmt"/>
        <line num="257" count="0" type="stmt"/>
        <line num="262" count="0" type="cond" truecount="0" falsecount="2"/>
        <line num="264" count="0" type="stmt"/>
        <line num="266" count="0" type="stmt"/>
        <line num="270" count="2" type="stmt"/>
        <line num="271" count="1" type="stmt"/>
        <line num="272" count="1" type="stmt"/>
        <line num="273" count="1" type="cond" truecount="1" falsecount="1"/>
        <line num="274" count="1" type="stmt"/>
        <line num="275" count="1" type="stmt"/>
        <line num="279" count="2" type="stmt"/>
        <line num="280" count="2" type="stmt"/>
        <line num="281" count="2" type="stmt"/>
        <line num="282" count="2" type="cond" truecount="2" falsecount="0"/>
        <line num="283" count="1" type="stmt"/>
        <line num="284" count="1" type="stmt"/>
        <line num="288" count="2" type="stmt"/>
        <line num="289" count="0" type="stmt"/>
        <line num="291" count="0" type="stmt"/>
        <line num="297" count="0" type="stmt"/>
        <line num="303" count="0" type="stmt"/>
        <line num="304" count="0" type="stmt"/>
        <line num="312" count="0" type="cond" truecount="0" falsecount="2"/>
        <line num="313" count="0" type="stmt"/>
        <line num="314" count="0" type="stmt"/>
        <line num="318" count="0" type="stmt"/>
        <line num="324" count="0" type="cond" truecount="0" falsecount="2"/>
        <line num="325" count="0" type="cond" truecount="0" falsecount="2"/>
        <line num="328" count="0" type="cond" truecount="0" falsecount="2"/>
        <line num="329" count="0" type="stmt"/>
        <line num="337" count="0" type="stmt"/>
        <line num="338" count="0" type="stmt"/>
        <line num="343" count="0" type="stmt"/>
        <line num="344" count="0" type="cond" truecount="0" falsecount="2"/>
        <line num="345" count="0" type="stmt"/>
        <line num="349" count="0" type="cond" truecount="0" falsecount="2"/>
        <line num="350" count="0" type="stmt"/>
        <line num="357" count="0" type="stmt"/>
        <line num="358" count="0" type="stmt"/>
        <line num="359" count="0" type="cond" truecount="0" falsecount="2"/>
        <line num="360" count="0" type="stmt"/>
        <line num="364" count="0" type="cond" truecount="0" falsecount="2"/>
        <line num="365" count="0" type="stmt"/>
        <line num="369" count="0" type="cond" truecount="0" falsecount="2"/>
        <line num="370" count="0" type="stmt"/>
        <line num="374" count="0" type="stmt"/>
        <line num="381" count="2" type="stmt"/>
        <line num="382" count="0" type="stmt"/>
        <line num="383" count="0" type="stmt"/>
        <line num="384" count="0" type="stmt"/>
        <line num="385" count="0" type="stmt"/>
        <line num="386" count="0" type="stmt"/>
        <line num="388" count="0" type="stmt"/>
        <line num="389" count="0" type="stmt"/>
        <line num="390" count="0" type="stmt"/>
        <line num="395" count="0" type="stmt"/>
        <line num="398" count="2" type="stmt"/>
      </file>
      <file name="organizationService.js" path="F:\3-brain-cell\backend\src\services\organizationService.js">
        <metrics statements="98" coveredstatements="80" conditionals="58" coveredconditionals="22" methods="19" coveredmethods="14"/>
        <line num="1" count="2" type="stmt"/>
        <line num="2" count="2" type="stmt"/>
        <line num="3" count="2" type="stmt"/>
        <line num="4" count="2" type="stmt"/>
        <line num="5" count="2" type="stmt"/>
        <line num="6" count="2" type="stmt"/>
        <line num="7" count="2" type="stmt"/>
        <line num="8" count="2" type="stmt"/>
        <line num="9" count="2" type="stmt"/>
        <line num="12" count="2" type="stmt"/>
        <line num="13" count="3" type="stmt"/>
        <line num="14" count="3" type="stmt"/>
        <line num="16" count="3" type="stmt"/>
        <line num="19" count="3" type="cond" truecount="2" falsecount="0"/>
        <line num="20" count="1" type="stmt"/>
        <line num="23" count="2" type="stmt"/>
        <line num="28" count="2" type="cond" truecount="2" falsecount="0"/>
        <line num="29" count="1" type="stmt"/>
        <line num="32" count="1" type="cond" truecount="1" falsecount="1"/>
        <line num="34" count="1" type="stmt"/>
        <line num="36" count="1" type="cond" truecount="1" falsecount="1"/>
        <line num="37" count="1" type="stmt"/>
        <line num="40" count="1" type="stmt"/>
        <line num="42" count="1" type="stmt"/>
        <line num="47" count="1" type="stmt"/>
        <line num="56" count="2" type="stmt"/>
        <line num="57" count="2" type="stmt"/>
        <line num="58" count="2" type="stmt"/>
        <line num="63" count="2" type="cond" truecount="2" falsecount="0"/>
        <line num="64" count="1" type="stmt"/>
        <line num="65" count="1" type="stmt"/>
        <line num="66" count="1" type="stmt"/>
        <line num="69" count="1" type="stmt"/>
        <line num="70" count="1" type="stmt"/>
        <line num="72" count="1" type="cond" truecount="1" falsecount="1"/>
        <line num="73" count="1" type="stmt"/>
        <line num="74" count="1" type="stmt"/>
        <line num="78" count="1" type="cond" truecount="1" falsecount="1"/>
        <line num="79" count="1" type="stmt"/>
        <line num="80" count="1" type="stmt"/>
        <line num="85" count="1" type="stmt"/>
        <line num="97" count="1" type="stmt"/>
        <line num="101" count="2" type="stmt"/>
        <line num="102" count="1" type="stmt"/>
        <line num="103" count="1" type="stmt"/>
        <line num="110" count="1" type="stmt"/>
        <line num="122" count="1" type="stmt"/>
        <line num="127" count="2" type="stmt"/>
        <line num="128" count="1" type="stmt"/>
        <line num="129" count="1" type="stmt"/>
        <line num="140" count="1" type="stmt"/>
        <line num="148" count="1" type="stmt"/>
        <line num="153" count="1" type="stmt"/>
        <line num="160" count="1" type="stmt"/>
        <line num="165" count="2" type="stmt"/>
        <line num="166" count="2" type="stmt"/>
        <line num="167" count="2" type="stmt"/>
        <line num="168" count="2" type="stmt"/>
        <line num="170" count="2" type="stmt"/>
        <line num="175" count="2" type="cond" truecount="2" falsecount="0"/>
        <line num="177" count="1" type="stmt"/>
        <line num="178" count="1" type="cond" truecount="1" falsecount="1"/>
        <line num="180" count="1" type="cond" truecount="1" falsecount="1"/>
        <line num="181" count="1" type="cond" truecount="1" falsecount="1"/>
        <line num="183" count="1" type="stmt"/>
        <line num="184" count="1" type="stmt"/>
        <line num="186" count="1" type="stmt"/>
        <line num="187" count="1" type="cond" truecount="1" falsecount="1"/>
        <line num="188" count="0" type="stmt"/>
        <line num="189" count="0" type="cond" truecount="0" falsecount="2"/>
        <line num="192" count="1" type="stmt"/>
        <line num="201" count="1" type="stmt"/>
        <line num="203" count="1" type="stmt"/>
        <line num="214" count="1" type="stmt"/>
        <line num="229" count="2" type="stmt"/>
        <line num="230" count="1" type="stmt"/>
        <line num="232" count="1" type="stmt"/>
        <line num="239" count="1" type="stmt"/>
        <line num="245" count="1" type="stmt"/>
        <line num="255" count="1" type="stmt"/>
        <line num="260" count="2" type="stmt"/>
        <line num="261" count="0" type="stmt"/>
        <line num="263" count="0" type="stmt"/>
        <line num="264" count="0" type="stmt"/>
        <line num="266" count="0" type="stmt"/>
        <line num="274" count="0" type="stmt"/>
        <line num="280" count="0" type="stmt"/>
        <line num="281" count="0" type="cond" truecount="0" falsecount="2"/>
        <line num="283" count="0" type="stmt"/>
        <line num="291" count="0" type="cond" truecount="0" falsecount="2"/>
        <line num="292" count="0" type="stmt"/>
        <line num="300" count="0" type="cond" truecount="0" falsecount="2"/>
        <line num="301" count="0" type="stmt"/>
        <line num="302" count="0" type="stmt"/>
        <line num="304" count="0" type="stmt"/>
        <line num="305" count="0" type="stmt"/>
        <line num="308" count="0" type="stmt"/>
        <line num="312" count="2" type="stmt"/>
      </file>
      <file name="profileService.js" path="F:\3-brain-cell\backend\src\services\profileService.js">
        <metrics statements="31" coveredstatements="31" conditionals="10" coveredconditionals="10" methods="1" coveredmethods="1"/>
        <line num="1" count="2" type="stmt"/>
        <line num="2" count="2" type="stmt"/>
        <line num="3" count="2" type="stmt"/>
        <line num="4" count="2" type="stmt"/>
        <line num="5" count="2" type="stmt"/>
        <line num="6" count="2" type="stmt"/>
        <line num="7" count="2" type="stmt"/>
        <line num="10" count="2" type="stmt"/>
        <line num="11" count="7" type="stmt"/>
        <line num="13" count="7" type="stmt"/>
        <line num="14" count="7" type="cond" truecount="2" falsecount="0"/>
        <line num="16" count="6" type="cond" truecount="2" falsecount="0"/>
        <line num="17" count="1" type="stmt"/>
        <line num="20" count="5" type="stmt"/>
        <line num="22" count="5" type="cond" truecount="2" falsecount="0"/>
        <line num="23" count="2" type="stmt"/>
        <line num="24" count="2" type="stmt"/>
        <line num="29" count="2" type="stmt"/>
        <line num="30" count="3" type="cond" truecount="2" falsecount="0"/>
        <line num="31" count="1" type="stmt"/>
        <line num="32" count="1" type="stmt"/>
        <line num="50" count="1" type="stmt"/>
        <line num="51" count="1" type="stmt"/>
        <line num="52" count="1" type="stmt"/>
        <line num="53" count="2" type="cond" truecount="2" falsecount="0"/>
        <line num="54" count="1" type="stmt"/>
        <line num="55" count="1" type="stmt"/>
        <line num="65" count="1" type="stmt"/>
        <line num="67" count="1" type="stmt"/>
        <line num="70" count="4" type="stmt"/>
        <line num="73" count="2" type="stmt"/>
      </file>
      <file name="userService.js" path="F:\3-brain-cell\backend\src\services\userService.js">
        <metrics statements="45" coveredstatements="35" conditionals="14" coveredconditionals="9" methods="9" coveredmethods="7"/>
        <line num="1" count="2" type="stmt"/>
        <line num="2" count="2" type="stmt"/>
        <line num="3" count="2" type="stmt"/>
        <line num="4" count="2" type="stmt"/>
        <line num="5" count="2" type="stmt"/>
        <line num="6" count="2" type="stmt"/>
        <line num="8" count="2" type="stmt"/>
        <line num="9" count="2" type="stmt"/>
        <line num="11" count="2" type="stmt"/>
        <line num="15" count="2" type="cond" truecount="2" falsecount="0"/>
        <line num="16" count="1" type="stmt"/>
        <line num="19" count="1" type="stmt"/>
        <line num="23" count="2" type="stmt"/>
        <line num="24" count="2" type="stmt"/>
        <line num="25" count="2" type="stmt"/>
        <line num="31" count="2" type="cond" truecount="2" falsecount="0"/>
        <line num="32" count="1" type="stmt"/>
        <line num="33" count="1" type="stmt"/>
        <line num="34" count="1" type="stmt"/>
        <line num="37" count="2" type="stmt"/>
        <line num="47" count="1" type="stmt"/>
        <line num="52" count="2" type="stmt"/>
        <line num="53" count="1" type="stmt"/>
        <line num="55" count="1" type="stmt"/>
        <line num="62" count="1" type="stmt"/>
        <line num="63" count="1" type="stmt"/>
        <line num="64" count="1" type="cond" truecount="1" falsecount="1"/>
        <line num="65" count="1" type="stmt"/>
        <line num="66" count="1" type="cond" truecount="2" falsecount="0"/>
        <line num="69" count="1" type="stmt"/>
        <line num="79" count="1" type="stmt"/>
        <line num="88" count="1" type="stmt"/>
        <line num="91" count="2" type="stmt"/>
        <line num="92" count="0" type="stmt"/>
        <line num="93" count="0" type="stmt"/>
        <line num="100" count="0" type="cond" truecount="0" falsecount="2"/>
        <line num="101" count="0" type="stmt"/>
        <line num="103" count="0" type="stmt"/>
        <line num="105" count="0" type="stmt"/>
        <line num="110" count="2" type="stmt"/>
        <line num="111" count="0" type="stmt"/>
        <line num="112" count="0" type="stmt"/>
        <line num="119" count="0" type="stmt"/>
        <line num="121" count="0" type="stmt"/>
        <line num="126" count="2" type="stmt"/>
      </file>
      <file name="volunteerService.js" path="F:\3-brain-cell\backend\src\services\volunteerService.js">
        <metrics statements="61" coveredstatements="61" conditionals="16" coveredconditionals="16" methods="7" coveredmethods="7"/>
        <line num="1" count="2" type="stmt"/>
        <line num="2" count="2" type="stmt"/>
        <line num="3" count="2" type="stmt"/>
        <line num="4" count="2" type="stmt"/>
        <line num="5" count="2" type="stmt"/>
        <line num="6" count="2" type="stmt"/>
        <line num="9" count="2" type="stmt"/>
        <line num="10" count="4" type="stmt"/>
        <line num="11" count="4" type="stmt"/>
        <line num="12" count="4" type="stmt"/>
        <line num="14" count="4" type="stmt"/>
        <line num="15" count="4" type="cond" truecount="2" falsecount="0"/>
        <line num="16" count="1" type="stmt"/>
        <line num="19" count="3" type="stmt"/>
        <line num="20" count="3" type="cond" truecount="2" falsecount="0"/>
        <line num="21" count="1" type="stmt"/>
        <line num="22" count="1" type="stmt"/>
        <line num="23" count="1" type="stmt"/>
        <line num="26" count="2" type="stmt"/>
        <line num="33" count="2" type="cond" truecount="2" falsecount="0"/>
        <line num="34" count="1" type="stmt"/>
        <line num="35" count="1" type="stmt"/>
        <line num="36" count="1" type="stmt"/>
        <line num="39" count="1" type="stmt"/>
        <line num="45" count="1" type="stmt"/>
        <line num="47" count="1" type="stmt"/>
        <line num="55" count="2" type="stmt"/>
        <line num="56" count="2" type="stmt"/>
        <line num="57" count="2" type="stmt"/>
        <line num="61" count="2" type="cond" truecount="2" falsecount="0"/>
        <line num="62" count="1" type="stmt"/>
        <line num="63" count="1" type="stmt"/>
        <line num="64" count="1" type="stmt"/>
        <line num="67" count="1" type="stmt"/>
        <line num="68" count="1" type="stmt"/>
        <line num="74" count="1" type="stmt"/>
        <line num="75" count="1" type="stmt"/>
        <line num="80" count="1" type="stmt"/>
        <line num="81" count="2" type="stmt"/>
        <line num="82" count="2" type="stmt"/>
        <line num="98" count="1" type="stmt"/>
        <line num="102" count="2" type="stmt"/>
        <line num="103" count="2" type="stmt"/>
        <line num="104" count="2" type="stmt"/>
        <line num="110" count="2" type="cond" truecount="2" falsecount="0"/>
        <line num="111" count="1" type="stmt"/>
        <line num="112" count="1" type="stmt"/>
        <line num="113" count="1" type="stmt"/>
        <line num="116" count="2" type="stmt"/>
        <line num="126" count="1" type="stmt"/>
        <line num="130" count="2" type="stmt"/>
        <line num="131" count="3" type="stmt"/>
        <line num="133" count="3" type="stmt"/>
        <line num="138" count="3" type="cond" truecount="2" falsecount="0"/>
        <line num="139" count="1" type="stmt"/>
        <line num="142" count="2" type="cond" truecount="2" falsecount="0"/>
        <line num="143" count="1" type="stmt"/>
        <line num="146" count="1" type="stmt"/>
        <line num="148" count="1" type="stmt"/>
        <line num="150" count="1" type="stmt"/>
        <line num="154" count="2" type="stmt"/>
      </file>
    </package>
    <package name="socket">
      <metrics statements="11" coveredstatements="2" conditionals="2" coveredconditionals="0" methods="4" coveredmethods="0"/>
      <file name="socket.js" path="F:\3-brain-cell\backend\src\socket\socket.js">
        <metrics statements="11" coveredstatements="2" conditionals="2" coveredconditionals="0" methods="4" coveredmethods="0"/>
        <line num="1" count="2" type="stmt"/>
        <line num="4" count="2" type="stmt"/>
        <line num="6" count="0" type="stmt"/>
        <line num="7" count="0" type="stmt"/>
        <line num="8" count="0" type="stmt"/>
        <line num="9" count="0" type="stmt"/>
        <line num="10" count="0" type="stmt"/>
        <line num="13" count="0" type="stmt"/>
        <line num="16" count="0" type="cond" truecount="0" falsecount="2"/>
        <line num="17" count="0" type="stmt"/>
        <line num="19" count="0" type="stmt"/>
      </file>
    </package>
    <package name="utils">
      <metrics statements="43" coveredstatements="23" conditionals="13" coveredconditionals="7" methods="16" coveredmethods="11"/>
      <file name="emailHelper.js" path="F:\3-brain-cell\backend\src\utils\emailHelper.js">
        <metrics statements="17" coveredstatements="5" conditionals="0" coveredconditionals="0" methods="2" coveredmethods="0"/>
        <line num="1" count="2" type="stmt"/>
        <line num="2" count="2" type="stmt"/>
        <line num="4" count="2" type="stmt"/>
        <line num="6" count="0" type="stmt"/>
        <line num="15" count="0" type="stmt"/>
        <line num="22" count="0" type="stmt"/>
        <line num="23" count="0" type="stmt"/>
        <line num="25" count="0" type="stmt"/>
        <line num="26" count="0" type="stmt"/>
        <line num="31" count="2" type="stmt"/>
        <line num="32" count="0" type="stmt"/>
        <line num="41" count="0" type="stmt"/>
        <line num="48" count="0" type="stmt"/>
        <line num="49" count="0" type="stmt"/>
        <line num="51" count="0" type="stmt"/>
        <line num="52" count="0" type="stmt"/>
        <line num="56" count="2" type="stmt"/>
      </file>
      <file name="errors.js" path="F:\3-brain-cell\backend\src\utils\errors.js">
        <metrics statements="16" coveredstatements="13" conditionals="10" coveredconditionals="6" methods="12" coveredmethods="9"/>
        <line num="3" count="22" type="stmt"/>
        <line num="4" count="22" type="stmt"/>
        <line num="10" count="1" type="stmt"/>
        <line num="16" count="5" type="stmt"/>
        <line num="22" count="7" type="stmt"/>
        <line num="28" count="3" type="stmt"/>
        <line num="34" count="1" type="stmt"/>
        <line num="35" count="1" type="stmt"/>
        <line num="36" count="1" type="stmt"/>
        <line num="42" count="1" type="stmt"/>
        <line num="48" count="2" type="stmt"/>
        <line num="55" count="3" type="stmt"/>
        <line num="61" count="0" type="stmt"/>
        <line num="67" count="0" type="stmt"/>
        <line num="74" count="0" type="stmt"/>
        <line num="80" count="13" type="stmt"/>
      </file>
      <file name="rateLimiter.js" path="F:\3-brain-cell\backend\src\utils\rateLimiter.js">
        <metrics statements="5" coveredstatements="0" conditionals="0" coveredconditionals="0" methods="0" coveredmethods="0"/>
        <line num="1" count="0" type="stmt"/>
        <line num="4" count="0" type="stmt"/>
        <line num="11" count="0" type="stmt"/>
        <line num="18" count="0" type="stmt"/>
        <line num="25" count="0" type="stmt"/>
      </file>
      <file name="responseHelper.js" path="F:\3-brain-cell\backend\src\utils\responseHelper.js">
        <metrics statements="5" coveredstatements="5" conditionals="3" coveredconditionals="1" methods="2" coveredmethods="2"/>
        <line num="1" count="6" type="cond" truecount="0" falsecount="1"/>
        <line num="2" count="1" type="stmt"/>
        <line num="9" count="6" type="cond" truecount="1" falsecount="1"/>
        <line num="10" count="2" type="stmt"/>
        <line num="16" count="6" type="stmt"/>
      </file>
    </package>
    <package name="validation">
      <metrics statements="35" coveredstatements="7" conditionals="8" coveredconditionals="0" methods="1" coveredmethods="0"/>
      <file name="authValidation.js" path="F:\3-brain-cell\backend\src\validation\authValidation.js">
        <metrics statements="5" coveredstatements="0" conditionals="0" coveredconditionals="0" methods="0" coveredmethods="0"/>
        <line num="1" count="0" type="stmt"/>
        <line num="3" count="0" type="stmt"/>
        <line num="12" count="0" type="stmt"/>
        <line num="17" count="0" type="stmt"/>
        <line num="24" count="0" type="stmt"/>
      </file>
      <file name="coordinatorValidation.js" path="F:\3-brain-cell\backend\src\validation\coordinatorValidation.js">
        <metrics statements="8" coveredstatements="0" conditionals="0" coveredconditionals="0" methods="0" coveredmethods="0"/>
        <line num="1" count="0" type="stmt"/>
        <line num="3" count="0" type="stmt"/>
        <line num="13" count="0" type="stmt"/>
        <line num="22" count="0" type="stmt"/>
        <line num="27" count="0" type="stmt"/>
        <line num="34" count="0" type="stmt"/>
        <line num="40" count="0" type="stmt"/>
        <line num="46" count="0" type="stmt"/>
      </file>
      <file name="organizationValidation.js" path="F:\3-brain-cell\backend\src\validation\organizationValidation.js">
        <metrics statements="5" coveredstatements="0" conditionals="0" coveredconditionals="0" methods="0" coveredmethods="0"/>
        <line num="1" count="0" type="stmt"/>
        <line num="3" count="0" type="stmt"/>
        <line num="7" count="0" type="stmt"/>
        <line num="14" count="0" type="stmt"/>
        <line num="37" count="0" type="stmt"/>
      </file>
      <file name="profileValidation.js" path="F:\3-brain-cell\backend\src\validation\profileValidation.js">
        <metrics statements="14" coveredstatements="4" conditionals="8" coveredconditionals="0" methods="1" coveredmethods="0"/>
        <line num="1" count="2" type="stmt"/>
        <line num="2" count="2" type="stmt"/>
        <line num="5" count="2" type="stmt"/>
        <line num="8" count="0" type="cond" truecount="0" falsecount="2"/>
        <line num="9" count="0" type="stmt"/>
        <line num="13" count="0" type="cond" truecount="0" falsecount="2"/>
        <line num="14" count="0" type="stmt"/>
        <line num="31" count="0" type="cond" truecount="0" falsecount="2"/>
        <line num="32" count="0" type="stmt"/>
        <line num="42" count="0" type="stmt"/>
        <line num="45" count="0" type="stmt"/>
        <line num="46" count="0" type="cond" truecount="0" falsecount="2"/>
        <line num="47" count="0" type="stmt"/>
        <line num="51" count="2" type="stmt"/>
      </file>
      <file name="userValidation.js" path="F:\3-brain-cell\backend\src\validation\userValidation.js">
        <metrics statements="3" coveredstatements="3" conditionals="0" coveredconditionals="0" methods="0" coveredmethods="0"/>
        <line num="1" count="1" type="stmt"/>
        <line num="3" count="1" type="stmt"/>
        <line num="7" count="1" type="stmt"/>
      </file>
    </package>
  </project>
</coverage>
