{"F:\\3-brain-cell\\backend\\src\\controllers\\authController.js": {"path":"F:\\3-brain-cell\\backend\\src\\controllers\\authController.js","statementMap":{"0":{"start":{"line":1,"column":20},"end":{"line":1,"column":54}},"1":{"start":{"line":2,"column":51},"end":{"line":2,"column":85}},"2":{"start":{"line":3,"column":110},"end":{"line":3,"column":136}},"3":{"start":{"line":6,"column":17},"end":{"line":17,"column":1}},"4":{"start":{"line":7,"column":2},"end":{"line":16,"column":3}},"5":{"start":{"line":8,"column":19},"end":{"line":8,"column":59}},"6":{"start":{"line":9,"column":4},"end":{"line":9,"column":117}},"7":{"start":{"line":11,"column":4},"end":{"line":15,"column":5}},"8":{"start":{"line":12,"column":6},"end":{"line":12,"column":62}},"9":{"start":{"line":14,"column":6},"end":{"line":14,"column":54}},"10":{"start":{"line":20,"column":14},"end":{"line":31,"column":1}},"11":{"start":{"line":21,"column":2},"end":{"line":30,"column":3}},"12":{"start":{"line":22,"column":19},"end":{"line":22,"column":56}},"13":{"start":{"line":23,"column":4},"end":{"line":23,"column":57}},"14":{"start":{"line":25,"column":4},"end":{"line":29,"column":5}},"15":{"start":{"line":26,"column":6},"end":{"line":26,"column":62}},"16":{"start":{"line":28,"column":6},"end":{"line":28,"column":54}},"17":{"start":{"line":34,"column":30},"end":{"line":45,"column":1}},"18":{"start":{"line":35,"column":2},"end":{"line":44,"column":3}},"19":{"start":{"line":36,"column":19},"end":{"line":36,"column":79}},"20":{"start":{"line":37,"column":4},"end":{"line":37,"column":65}},"21":{"start":{"line":39,"column":4},"end":{"line":43,"column":5}},"22":{"start":{"line":40,"column":6},"end":{"line":40,"column":62}},"23":{"start":{"line":42,"column":6},"end":{"line":42,"column":54}},"24":{"start":{"line":48,"column":20},"end":{"line":60,"column":1}},"25":{"start":{"line":49,"column":26},"end":{"line":49,"column":34}},"26":{"start":{"line":50,"column":2},"end":{"line":59,"column":3}},"27":{"start":{"line":51,"column":19},"end":{"line":51,"column":65}},"28":{"start":{"line":52,"column":4},"end":{"line":52,"column":68}},"29":{"start":{"line":54,"column":4},"end":{"line":58,"column":5}},"30":{"start":{"line":55,"column":6},"end":{"line":55,"column":62}},"31":{"start":{"line":57,"column":6},"end":{"line":57,"column":54}},"32":{"start":{"line":63,"column":22},"end":{"line":75,"column":1}},"33":{"start":{"line":64,"column":61},"end":{"line":64,"column":69}},"34":{"start":{"line":65,"column":2},"end":{"line":74,"column":3}},"35":{"start":{"line":66,"column":19},"end":{"line":66,"column":98}},"36":{"start":{"line":67,"column":4},"end":{"line":67,"column":68}},"37":{"start":{"line":69,"column":4},"end":{"line":73,"column":5}},"38":{"start":{"line":70,"column":6},"end":{"line":70,"column":62}},"39":{"start":{"line":72,"column":6},"end":{"line":72,"column":54}},"40":{"start":{"line":77,"column":0},"end":{"line":77,"column":88}}},"fnMap":{"0":{"name":"(anonymous_0)","decl":{"start":{"line":6,"column":17},"end":{"line":6,"column":18}},"loc":{"start":{"line":6,"column":37},"end":{"line":17,"column":1}},"line":6},"1":{"name":"(anonymous_1)","decl":{"start":{"line":20,"column":14},"end":{"line":20,"column":15}},"loc":{"start":{"line":20,"column":34},"end":{"line":31,"column":1}},"line":20},"2":{"name":"(anonymous_2)","decl":{"start":{"line":34,"column":30},"end":{"line":34,"column":31}},"loc":{"start":{"line":34,"column":50},"end":{"line":45,"column":1}},"line":34},"3":{"name":"(anonymous_3)","decl":{"start":{"line":48,"column":20},"end":{"line":48,"column":21}},"loc":{"start":{"line":48,"column":40},"end":{"line":60,"column":1}},"line":48},"4":{"name":"(anonymous_4)","decl":{"start":{"line":63,"column":22},"end":{"line":63,"column":23}},"loc":{"start":{"line":63,"column":42},"end":{"line":75,"column":1}},"line":63}},"branchMap":{"0":{"loc":{"start":{"line":11,"column":4},"end":{"line":15,"column":5}},"type":"if","locations":[{"start":{"line":11,"column":4},"end":{"line":15,"column":5}},{"start":{"line":13,"column":11},"end":{"line":15,"column":5}}],"line":11},"1":{"loc":{"start":{"line":11,"column":8},"end":{"line":11,"column":89}},"type":"binary-expr","locations":[{"start":{"line":11,"column":8},"end":{"line":11,"column":46}},{"start":{"line":11,"column":50},"end":{"line":11,"column":89}}],"line":11},"2":{"loc":{"start":{"line":25,"column":4},"end":{"line":29,"column":5}},"type":"if","locations":[{"start":{"line":25,"column":4},"end":{"line":29,"column":5}},{"start":{"line":27,"column":11},"end":{"line":29,"column":5}}],"line":25},"3":{"loc":{"start":{"line":39,"column":4},"end":{"line":43,"column":5}},"type":"if","locations":[{"start":{"line":39,"column":4},"end":{"line":43,"column":5}},{"start":{"line":41,"column":11},"end":{"line":43,"column":5}}],"line":39},"4":{"loc":{"start":{"line":54,"column":4},"end":{"line":58,"column":5}},"type":"if","locations":[{"start":{"line":54,"column":4},"end":{"line":58,"column":5}},{"start":{"line":56,"column":11},"end":{"line":58,"column":5}}],"line":54},"5":{"loc":{"start":{"line":54,"column":8},"end":{"line":54,"column":90}},"type":"binary-expr","locations":[{"start":{"line":54,"column":8},"end":{"line":54,"column":46}},{"start":{"line":54,"column":50},"end":{"line":54,"column":90}}],"line":54},"6":{"loc":{"start":{"line":69,"column":4},"end":{"line":73,"column":5}},"type":"if","locations":[{"start":{"line":69,"column":4},"end":{"line":73,"column":5}},{"start":{"line":71,"column":11},"end":{"line":73,"column":5}}],"line":69}},"s":{"0":1,"1":1,"2":1,"3":1,"4":0,"5":0,"6":0,"7":0,"8":0,"9":0,"10":1,"11":3,"12":3,"13":1,"14":2,"15":1,"16":1,"17":1,"18":3,"19":3,"20":1,"21":2,"22":1,"23":1,"24":1,"25":3,"26":3,"27":3,"28":1,"29":2,"30":1,"31":1,"32":1,"33":3,"34":3,"35":3,"36":1,"37":2,"38":1,"39":1,"40":1},"f":{"0":0,"1":3,"2":3,"3":3,"4":3},"b":{"0":[0,0],"1":[0,0],"2":[1,1],"3":[1,1],"4":[1,1],"5":[2,1],"6":[1,1]},"_coverageSchema":"1a1c01bbd47fc00a2c39e90264f33305004495a9","hash":"525819bb8692e31e538391826afe97d1cbee0e1d"}
,"F:\\3-brain-cell\\backend\\src\\controllers\\coordinatorController.js": {"path":"F:\\3-brain-cell\\backend\\src\\controllers\\coordinatorController.js","statementMap":{"0":{"start":{"line":1,"column":27},"end":{"line":1,"column":68}},"1":{"start":{"line":2,"column":51},"end":{"line":2,"column":85}},"2":{"start":{"line":4,"column":23},"end":{"line":12,"column":1}},"3":{"start":{"line":5,"column":2},"end":{"line":11,"column":3}},"4":{"start":{"line":6,"column":26},"end":{"line":6,"column":37}},"5":{"start":{"line":7,"column":19},"end":{"line":7,"column":83}},"6":{"start":{"line":8,"column":4},"end":{"line":8,"column":77}},"7":{"start":{"line":10,"column":4},"end":{"line":10,"column":101}},"8":{"start":{"line":14,"column":23},"end":{"line":24,"column":1}},"9":{"start":{"line":15,"column":2},"end":{"line":23,"column":3}},"10":{"start":{"line":16,"column":26},"end":{"line":16,"column":37}},"11":{"start":{"line":17,"column":19},"end":{"line":17,"column":29}},"12":{"start":{"line":18,"column":20},"end":{"line":18,"column":28}},"13":{"start":{"line":19,"column":19},"end":{"line":19,"column":86}},"14":{"start":{"line":20,"column":4},"end":{"line":20,"column":77}},"15":{"start":{"line":22,"column":4},"end":{"line":22,"column":70}},"16":{"start":{"line":26,"column":23},"end":{"line":35,"column":1}},"17":{"start":{"line":27,"column":2},"end":{"line":34,"column":3}},"18":{"start":{"line":28,"column":26},"end":{"line":28,"column":37}},"19":{"start":{"line":29,"column":19},"end":{"line":29,"column":29}},"20":{"start":{"line":30,"column":19},"end":{"line":30,"column":77}},"21":{"start":{"line":31,"column":4},"end":{"line":31,"column":77}},"22":{"start":{"line":33,"column":4},"end":{"line":33,"column":70}},"23":{"start":{"line":37,"column":21},"end":{"line":46,"column":1}},"24":{"start":{"line":38,"column":2},"end":{"line":45,"column":3}},"25":{"start":{"line":39,"column":37},"end":{"line":39,"column":46}},"26":{"start":{"line":40,"column":19},"end":{"line":40,"column":57}},"27":{"start":{"line":41,"column":19},"end":{"line":41,"column":81}},"28":{"start":{"line":42,"column":4},"end":{"line":42,"column":80}},"29":{"start":{"line":44,"column":4},"end":{"line":44,"column":101}},"30":{"start":{"line":48,"column":22},"end":{"line":59,"column":1}},"31":{"start":{"line":49,"column":2},"end":{"line":58,"column":3}},"32":{"start":{"line":50,"column":26},"end":{"line":50,"column":37}},"33":{"start":{"line":51,"column":27},"end":{"line":51,"column":37}},"34":{"start":{"line":53,"column":19},"end":{"line":53,"column":84}},"35":{"start":{"line":55,"column":4},"end":{"line":55,"column":80}},"36":{"start":{"line":57,"column":4},"end":{"line":57,"column":101}},"37":{"start":{"line":61,"column":28},"end":{"line":76,"column":1}},"38":{"start":{"line":62,"column":2},"end":{"line":75,"column":3}},"39":{"start":{"line":63,"column":22},"end":{"line":63,"column":32}},"40":{"start":{"line":64,"column":23},"end":{"line":64,"column":31}},"41":{"start":{"line":65,"column":19},"end":{"line":65,"column":78}},"42":{"start":{"line":67,"column":4},"end":{"line":71,"column":5}},"43":{"start":{"line":68,"column":6},"end":{"line":68,"column":84}},"44":{"start":{"line":69,"column":10},"end":{"line":71,"column":5}},"45":{"start":{"line":70,"column":6},"end":{"line":70,"column":72}},"46":{"start":{"line":74,"column":4},"end":{"line":74,"column":101}},"47":{"start":{"line":79,"column":28},"end":{"line":88,"column":1}},"48":{"start":{"line":80,"column":2},"end":{"line":87,"column":3}},"49":{"start":{"line":81,"column":37},"end":{"line":81,"column":46}},"50":{"start":{"line":82,"column":19},"end":{"line":82,"column":57}},"51":{"start":{"line":83,"column":19},"end":{"line":83,"column":88}},"52":{"start":{"line":84,"column":4},"end":{"line":84,"column":84}},"53":{"start":{"line":86,"column":4},"end":{"line":86,"column":101}},"54":{"start":{"line":90,"column":29},"end":{"line":100,"column":1}},"55":{"start":{"line":91,"column":2},"end":{"line":99,"column":3}},"56":{"start":{"line":92,"column":28},"end":{"line":92,"column":38}},"57":{"start":{"line":93,"column":37},"end":{"line":93,"column":46}},"58":{"start":{"line":94,"column":19},"end":{"line":94,"column":57}},"59":{"start":{"line":95,"column":19},"end":{"line":95,"column":102}},"60":{"start":{"line":96,"column":4},"end":{"line":96,"column":76}},"61":{"start":{"line":98,"column":4},"end":{"line":98,"column":101}},"62":{"start":{"line":102,"column":27},"end":{"line":116,"column":1}},"63":{"start":{"line":103,"column":2},"end":{"line":115,"column":3}},"64":{"start":{"line":104,"column":23},"end":{"line":104,"column":33}},"65":{"start":{"line":105,"column":41},"end":{"line":105,"column":49}},"66":{"start":{"line":107,"column":4},"end":{"line":109,"column":5}},"67":{"start":{"line":108,"column":6},"end":{"line":108,"column":65}},"68":{"start":{"line":111,"column":19},"end":{"line":111,"column":96}},"69":{"start":{"line":112,"column":4},"end":{"line":112,"column":86}},"70":{"start":{"line":114,"column":4},"end":{"line":114,"column":101}},"71":{"start":{"line":118,"column":19},"end":{"line":127,"column":1}},"72":{"start":{"line":119,"column":2},"end":{"line":126,"column":3}},"73":{"start":{"line":120,"column":23},"end":{"line":120,"column":33}},"74":{"start":{"line":121,"column":20},"end":{"line":121,"column":28}},"75":{"start":{"line":122,"column":19},"end":{"line":122,"column":71}},"76":{"start":{"line":123,"column":4},"end":{"line":123,"column":73}},"77":{"start":{"line":125,"column":4},"end":{"line":125,"column":70}},"78":{"start":{"line":129,"column":19},"end":{"line":137,"column":1}},"79":{"start":{"line":130,"column":2},"end":{"line":136,"column":3}},"80":{"start":{"line":131,"column":23},"end":{"line":131,"column":33}},"81":{"start":{"line":132,"column":19},"end":{"line":132,"column":62}},"82":{"start":{"line":133,"column":4},"end":{"line":133,"column":73}},"83":{"start":{"line":135,"column":4},"end":{"line":135,"column":70}},"84":{"start":{"line":140,"column":25},"end":{"line":148,"column":1}},"85":{"start":{"line":141,"column":2},"end":{"line":147,"column":3}},"86":{"start":{"line":142,"column":27},"end":{"line":142,"column":37}},"87":{"start":{"line":143,"column":19},"end":{"line":143,"column":72}},"88":{"start":{"line":144,"column":4},"end":{"line":144,"column":90}},"89":{"start":{"line":146,"column":4},"end":{"line":146,"column":101}},"90":{"start":{"line":151,"column":34},"end":{"line":158,"column":1}},"91":{"start":{"line":152,"column":2},"end":{"line":157,"column":3}},"92":{"start":{"line":153,"column":19},"end":{"line":153,"column":105}},"93":{"start":{"line":154,"column":4},"end":{"line":154,"column":88}},"94":{"start":{"line":156,"column":4},"end":{"line":156,"column":101}},"95":{"start":{"line":160,"column":0},"end":{"line":174,"column":2}}},"fnMap":{"0":{"name":"(anonymous_0)","decl":{"start":{"line":4,"column":23},"end":{"line":4,"column":24}},"loc":{"start":{"line":4,"column":43},"end":{"line":12,"column":1}},"line":4},"1":{"name":"(anonymous_1)","decl":{"start":{"line":14,"column":23},"end":{"line":14,"column":24}},"loc":{"start":{"line":14,"column":43},"end":{"line":24,"column":1}},"line":14},"2":{"name":"(anonymous_2)","decl":{"start":{"line":26,"column":23},"end":{"line":26,"column":24}},"loc":{"start":{"line":26,"column":43},"end":{"line":35,"column":1}},"line":26},"3":{"name":"(anonymous_3)","decl":{"start":{"line":37,"column":21},"end":{"line":37,"column":22}},"loc":{"start":{"line":37,"column":41},"end":{"line":46,"column":1}},"line":37},"4":{"name":"(anonymous_4)","decl":{"start":{"line":48,"column":22},"end":{"line":48,"column":23}},"loc":{"start":{"line":48,"column":42},"end":{"line":59,"column":1}},"line":48},"5":{"name":"(anonymous_5)","decl":{"start":{"line":61,"column":28},"end":{"line":61,"column":29}},"loc":{"start":{"line":61,"column":48},"end":{"line":76,"column":1}},"line":61},"6":{"name":"(anonymous_6)","decl":{"start":{"line":79,"column":28},"end":{"line":79,"column":29}},"loc":{"start":{"line":79,"column":48},"end":{"line":88,"column":1}},"line":79},"7":{"name":"(anonymous_7)","decl":{"start":{"line":90,"column":29},"end":{"line":90,"column":30}},"loc":{"start":{"line":90,"column":49},"end":{"line":100,"column":1}},"line":90},"8":{"name":"(anonymous_8)","decl":{"start":{"line":102,"column":27},"end":{"line":102,"column":28}},"loc":{"start":{"line":102,"column":47},"end":{"line":116,"column":1}},"line":102},"9":{"name":"(anonymous_9)","decl":{"start":{"line":118,"column":19},"end":{"line":118,"column":20}},"loc":{"start":{"line":118,"column":39},"end":{"line":127,"column":1}},"line":118},"10":{"name":"(anonymous_10)","decl":{"start":{"line":129,"column":19},"end":{"line":129,"column":20}},"loc":{"start":{"line":129,"column":39},"end":{"line":137,"column":1}},"line":129},"11":{"name":"(anonymous_11)","decl":{"start":{"line":140,"column":25},"end":{"line":140,"column":26}},"loc":{"start":{"line":140,"column":45},"end":{"line":148,"column":1}},"line":140},"12":{"name":"(anonymous_12)","decl":{"start":{"line":151,"column":34},"end":{"line":151,"column":35}},"loc":{"start":{"line":151,"column":54},"end":{"line":158,"column":1}},"line":151}},"branchMap":{"0":{"loc":{"start":{"line":10,"column":34},"end":{"line":10,"column":74}},"type":"binary-expr","locations":[{"start":{"line":10,"column":34},"end":{"line":10,"column":47}},{"start":{"line":10,"column":51},"end":{"line":10,"column":74}}],"line":10},"1":{"loc":{"start":{"line":10,"column":76},"end":{"line":10,"column":99}},"type":"binary-expr","locations":[{"start":{"line":10,"column":76},"end":{"line":10,"column":92}},{"start":{"line":10,"column":96},"end":{"line":10,"column":99}}],"line":10},"2":{"loc":{"start":{"line":22,"column":47},"end":{"line":22,"column":68}},"type":"binary-expr","locations":[{"start":{"line":22,"column":47},"end":{"line":22,"column":61}},{"start":{"line":22,"column":65},"end":{"line":22,"column":68}}],"line":22},"3":{"loc":{"start":{"line":33,"column":47},"end":{"line":33,"column":68}},"type":"binary-expr","locations":[{"start":{"line":33,"column":47},"end":{"line":33,"column":61}},{"start":{"line":33,"column":65},"end":{"line":33,"column":68}}],"line":33},"4":{"loc":{"start":{"line":39,"column":12},"end":{"line":39,"column":20}},"type":"default-arg","locations":[{"start":{"line":39,"column":19},"end":{"line":39,"column":20}}],"line":39},"5":{"loc":{"start":{"line":39,"column":22},"end":{"line":39,"column":32}},"type":"default-arg","locations":[{"start":{"line":39,"column":30},"end":{"line":39,"column":32}}],"line":39},"6":{"loc":{"start":{"line":44,"column":34},"end":{"line":44,"column":74}},"type":"binary-expr","locations":[{"start":{"line":44,"column":34},"end":{"line":44,"column":47}},{"start":{"line":44,"column":51},"end":{"line":44,"column":74}}],"line":44},"7":{"loc":{"start":{"line":44,"column":76},"end":{"line":44,"column":99}},"type":"binary-expr","locations":[{"start":{"line":44,"column":76},"end":{"line":44,"column":92}},{"start":{"line":44,"column":96},"end":{"line":44,"column":99}}],"line":44},"8":{"loc":{"start":{"line":57,"column":34},"end":{"line":57,"column":74}},"type":"binary-expr","locations":[{"start":{"line":57,"column":34},"end":{"line":57,"column":47}},{"start":{"line":57,"column":51},"end":{"line":57,"column":74}}],"line":57},"9":{"loc":{"start":{"line":57,"column":76},"end":{"line":57,"column":99}},"type":"binary-expr","locations":[{"start":{"line":57,"column":76},"end":{"line":57,"column":92}},{"start":{"line":57,"column":96},"end":{"line":57,"column":99}}],"line":57},"10":{"loc":{"start":{"line":67,"column":4},"end":{"line":71,"column":5}},"type":"if","locations":[{"start":{"line":67,"column":4},"end":{"line":71,"column":5}},{"start":{"line":69,"column":10},"end":{"line":71,"column":5}}],"line":67},"11":{"loc":{"start":{"line":69,"column":10},"end":{"line":71,"column":5}},"type":"if","locations":[{"start":{"line":69,"column":10},"end":{"line":71,"column":5}},{"start":{},"end":{}}],"line":69},"12":{"loc":{"start":{"line":74,"column":34},"end":{"line":74,"column":74}},"type":"binary-expr","locations":[{"start":{"line":74,"column":34},"end":{"line":74,"column":47}},{"start":{"line":74,"column":51},"end":{"line":74,"column":74}}],"line":74},"13":{"loc":{"start":{"line":74,"column":76},"end":{"line":74,"column":99}},"type":"binary-expr","locations":[{"start":{"line":74,"column":76},"end":{"line":74,"column":92}},{"start":{"line":74,"column":96},"end":{"line":74,"column":99}}],"line":74},"14":{"loc":{"start":{"line":81,"column":12},"end":{"line":81,"column":20}},"type":"default-arg","locations":[{"start":{"line":81,"column":19},"end":{"line":81,"column":20}}],"line":81},"15":{"loc":{"start":{"line":81,"column":22},"end":{"line":81,"column":32}},"type":"default-arg","locations":[{"start":{"line":81,"column":30},"end":{"line":81,"column":32}}],"line":81},"16":{"loc":{"start":{"line":86,"column":34},"end":{"line":86,"column":74}},"type":"binary-expr","locations":[{"start":{"line":86,"column":34},"end":{"line":86,"column":47}},{"start":{"line":86,"column":51},"end":{"line":86,"column":74}}],"line":86},"17":{"loc":{"start":{"line":86,"column":76},"end":{"line":86,"column":99}},"type":"binary-expr","locations":[{"start":{"line":86,"column":76},"end":{"line":86,"column":92}},{"start":{"line":86,"column":96},"end":{"line":86,"column":99}}],"line":86},"18":{"loc":{"start":{"line":93,"column":12},"end":{"line":93,"column":20}},"type":"default-arg","locations":[{"start":{"line":93,"column":19},"end":{"line":93,"column":20}}],"line":93},"19":{"loc":{"start":{"line":93,"column":22},"end":{"line":93,"column":32}},"type":"default-arg","locations":[{"start":{"line":93,"column":30},"end":{"line":93,"column":32}}],"line":93},"20":{"loc":{"start":{"line":98,"column":34},"end":{"line":98,"column":74}},"type":"binary-expr","locations":[{"start":{"line":98,"column":34},"end":{"line":98,"column":47}},{"start":{"line":98,"column":51},"end":{"line":98,"column":74}}],"line":98},"21":{"loc":{"start":{"line":98,"column":76},"end":{"line":98,"column":99}},"type":"binary-expr","locations":[{"start":{"line":98,"column":76},"end":{"line":98,"column":92}},{"start":{"line":98,"column":96},"end":{"line":98,"column":99}}],"line":98},"22":{"loc":{"start":{"line":107,"column":4},"end":{"line":109,"column":5}},"type":"if","locations":[{"start":{"line":107,"column":4},"end":{"line":109,"column":5}},{"start":{},"end":{}}],"line":107},"23":{"loc":{"start":{"line":114,"column":34},"end":{"line":114,"column":74}},"type":"binary-expr","locations":[{"start":{"line":114,"column":34},"end":{"line":114,"column":47}},{"start":{"line":114,"column":51},"end":{"line":114,"column":74}}],"line":114},"24":{"loc":{"start":{"line":114,"column":76},"end":{"line":114,"column":99}},"type":"binary-expr","locations":[{"start":{"line":114,"column":76},"end":{"line":114,"column":92}},{"start":{"line":114,"column":96},"end":{"line":114,"column":99}}],"line":114},"25":{"loc":{"start":{"line":125,"column":47},"end":{"line":125,"column":68}},"type":"binary-expr","locations":[{"start":{"line":125,"column":47},"end":{"line":125,"column":61}},{"start":{"line":125,"column":65},"end":{"line":125,"column":68}}],"line":125},"26":{"loc":{"start":{"line":135,"column":47},"end":{"line":135,"column":68}},"type":"binary-expr","locations":[{"start":{"line":135,"column":47},"end":{"line":135,"column":61}},{"start":{"line":135,"column":65},"end":{"line":135,"column":68}}],"line":135},"27":{"loc":{"start":{"line":146,"column":34},"end":{"line":146,"column":74}},"type":"binary-expr","locations":[{"start":{"line":146,"column":34},"end":{"line":146,"column":47}},{"start":{"line":146,"column":51},"end":{"line":146,"column":74}}],"line":146},"28":{"loc":{"start":{"line":146,"column":76},"end":{"line":146,"column":99}},"type":"binary-expr","locations":[{"start":{"line":146,"column":76},"end":{"line":146,"column":92}},{"start":{"line":146,"column":96},"end":{"line":146,"column":99}}],"line":146},"29":{"loc":{"start":{"line":156,"column":34},"end":{"line":156,"column":74}},"type":"binary-expr","locations":[{"start":{"line":156,"column":34},"end":{"line":156,"column":47}},{"start":{"line":156,"column":51},"end":{"line":156,"column":74}}],"line":156},"30":{"loc":{"start":{"line":156,"column":76},"end":{"line":156,"column":99}},"type":"binary-expr","locations":[{"start":{"line":156,"column":76},"end":{"line":156,"column":92}},{"start":{"line":156,"column":96},"end":{"line":156,"column":99}}],"line":156}},"s":{"0":1,"1":1,"2":1,"3":2,"4":2,"5":2,"6":1,"7":1,"8":1,"9":2,"10":2,"11":2,"12":2,"13":2,"14":1,"15":1,"16":1,"17":2,"18":2,"19":2,"20":2,"21":1,"22":1,"23":1,"24":2,"25":2,"26":2,"27":2,"28":1,"29":1,"30":1,"31":2,"32":2,"33":2,"34":2,"35":1,"36":1,"37":1,"38":3,"39":3,"40":3,"41":3,"42":2,"43":1,"44":1,"45":1,"46":1,"47":1,"48":2,"49":2,"50":2,"51":2,"52":1,"53":1,"54":1,"55":2,"56":2,"57":2,"58":2,"59":2,"60":1,"61":1,"62":1,"63":2,"64":2,"65":2,"66":2,"67":0,"68":2,"69":1,"70":1,"71":1,"72":2,"73":2,"74":2,"75":2,"76":1,"77":1,"78":1,"79":2,"80":2,"81":2,"82":1,"83":1,"84":1,"85":2,"86":2,"87":2,"88":1,"89":1,"90":1,"91":2,"92":2,"93":1,"94":1,"95":1},"f":{"0":2,"1":2,"2":2,"3":2,"4":2,"5":3,"6":2,"7":2,"8":2,"9":2,"10":2,"11":2,"12":2},"b":{"0":[1,0],"1":[1,0],"2":[1,0],"3":[1,0],"4":[0],"5":[0],"6":[1,0],"7":[1,0],"8":[1,0],"9":[1,0],"10":[1,1],"11":[1,0],"12":[1,0],"13":[1,0],"14":[0],"15":[0],"16":[1,0],"17":[1,0],"18":[0],"19":[0],"20":[1,0],"21":[1,0],"22":[0,2],"23":[1,0],"24":[1,0],"25":[1,0],"26":[1,0],"27":[1,0],"28":[1,0],"29":[1,0],"30":[1,0]},"_coverageSchema":"1a1c01bbd47fc00a2c39e90264f33305004495a9","hash":"4cb08a64102ec70aa5ae8c54b8feb117242965f5"}
,"F:\\3-brain-cell\\backend\\src\\controllers\\organizationController.js": {"path":"F:\\3-brain-cell\\backend\\src\\controllers\\organizationController.js","statementMap":{"0":{"start":{"line":1,"column":28},"end":{"line":1,"column":70}},"1":{"start":{"line":2,"column":51},"end":{"line":2,"column":85}},"2":{"start":{"line":5,"column":21},"end":{"line":16,"column":1}},"3":{"start":{"line":6,"column":2},"end":{"line":15,"column":3}},"4":{"start":{"line":7,"column":27},"end":{"line":7,"column":50}},"5":{"start":{"line":8,"column":27},"end":{"line":8,"column":37}},"6":{"start":{"line":10,"column":19},"end":{"line":10,"column":85}},"7":{"start":{"line":11,"column":4},"end":{"line":11,"column":89}},"8":{"start":{"line":13,"column":4},"end":{"line":13,"column":48}},"9":{"start":{"line":14,"column":4},"end":{"line":14,"column":101}},"10":{"start":{"line":19,"column":32},"end":{"line":28,"column":1}},"11":{"start":{"line":20,"column":2},"end":{"line":27,"column":3}},"12":{"start":{"line":21,"column":30},"end":{"line":21,"column":40}},"13":{"start":{"line":22,"column":19},"end":{"line":22,"column":100}},"14":{"start":{"line":23,"column":4},"end":{"line":23,"column":87}},"15":{"start":{"line":25,"column":4},"end":{"line":25,"column":59}},"16":{"start":{"line":26,"column":4},"end":{"line":26,"column":101}},"17":{"start":{"line":31,"column":36},"end":{"line":42,"column":1}},"18":{"start":{"line":32,"column":2},"end":{"line":41,"column":3}},"19":{"start":{"line":33,"column":27},"end":{"line":33,"column":50}},"20":{"start":{"line":34,"column":37},"end":{"line":34,"column":46}},"21":{"start":{"line":35,"column":19},"end":{"line":35,"column":57}},"22":{"start":{"line":36,"column":19},"end":{"line":36,"column":113}},"23":{"start":{"line":37,"column":4},"end":{"line":37,"column":83}},"24":{"start":{"line":39,"column":4},"end":{"line":39,"column":63}},"25":{"start":{"line":40,"column":4},"end":{"line":40,"column":101}},"26":{"start":{"line":46,"column":34},"end":{"line":57,"column":1}},"27":{"start":{"line":47,"column":2},"end":{"line":56,"column":3}},"28":{"start":{"line":48,"column":27},"end":{"line":48,"column":50}},"29":{"start":{"line":49,"column":37},"end":{"line":49,"column":46}},"30":{"start":{"line":50,"column":19},"end":{"line":50,"column":57}},"31":{"start":{"line":51,"column":19},"end":{"line":51,"column":111}},"32":{"start":{"line":52,"column":4},"end":{"line":52,"column":81}},"33":{"start":{"line":54,"column":4},"end":{"line":54,"column":61}},"34":{"start":{"line":55,"column":4},"end":{"line":55,"column":101}},"35":{"start":{"line":61,"column":30},"end":{"line":69,"column":1}},"36":{"start":{"line":62,"column":2},"end":{"line":68,"column":3}},"37":{"start":{"line":63,"column":27},"end":{"line":63,"column":50}},"38":{"start":{"line":64,"column":19},"end":{"line":64,"column":92}},"39":{"start":{"line":65,"column":4},"end":{"line":65,"column":86}},"40":{"start":{"line":67,"column":4},"end":{"line":67,"column":101}},"41":{"start":{"line":73,"column":29},"end":{"line":84,"column":1}},"42":{"start":{"line":74,"column":2},"end":{"line":83,"column":3}},"43":{"start":{"line":75,"column":27},"end":{"line":75,"column":50}},"44":{"start":{"line":76,"column":37},"end":{"line":76,"column":46}},"45":{"start":{"line":77,"column":19},"end":{"line":77,"column":57}},"46":{"start":{"line":78,"column":19},"end":{"line":78,"column":106}},"47":{"start":{"line":79,"column":4},"end":{"line":79,"column":76}},"48":{"start":{"line":81,"column":4},"end":{"line":81,"column":56}},"49":{"start":{"line":82,"column":4},"end":{"line":82,"column":101}},"50":{"start":{"line":88,"column":26},"end":{"line":98,"column":1}},"51":{"start":{"line":89,"column":2},"end":{"line":97,"column":3}},"52":{"start":{"line":90,"column":27},"end":{"line":90,"column":50}},"53":{"start":{"line":91,"column":27},"end":{"line":91,"column":37}},"54":{"start":{"line":92,"column":19},"end":{"line":92,"column":100}},"55":{"start":{"line":93,"column":4},"end":{"line":93,"column":83}},"56":{"start":{"line":95,"column":4},"end":{"line":95,"column":53}},"57":{"start":{"line":96,"column":4},"end":{"line":96,"column":101}},"58":{"start":{"line":100,"column":0},"end":{"line":108,"column":2}}},"fnMap":{"0":{"name":"(anonymous_0)","decl":{"start":{"line":5,"column":21},"end":{"line":5,"column":22}},"loc":{"start":{"line":5,"column":41},"end":{"line":16,"column":1}},"line":5},"1":{"name":"(anonymous_1)","decl":{"start":{"line":19,"column":32},"end":{"line":19,"column":33}},"loc":{"start":{"line":19,"column":52},"end":{"line":28,"column":1}},"line":19},"2":{"name":"(anonymous_2)","decl":{"start":{"line":31,"column":36},"end":{"line":31,"column":37}},"loc":{"start":{"line":31,"column":56},"end":{"line":42,"column":1}},"line":31},"3":{"name":"(anonymous_3)","decl":{"start":{"line":46,"column":34},"end":{"line":46,"column":35}},"loc":{"start":{"line":46,"column":54},"end":{"line":57,"column":1}},"line":46},"4":{"name":"(anonymous_4)","decl":{"start":{"line":61,"column":30},"end":{"line":61,"column":31}},"loc":{"start":{"line":61,"column":50},"end":{"line":69,"column":1}},"line":61},"5":{"name":"(anonymous_5)","decl":{"start":{"line":73,"column":29},"end":{"line":73,"column":30}},"loc":{"start":{"line":73,"column":49},"end":{"line":84,"column":1}},"line":73},"6":{"name":"(anonymous_6)","decl":{"start":{"line":88,"column":26},"end":{"line":88,"column":27}},"loc":{"start":{"line":88,"column":46},"end":{"line":98,"column":1}},"line":88}},"branchMap":{"0":{"loc":{"start":{"line":14,"column":34},"end":{"line":14,"column":74}},"type":"binary-expr","locations":[{"start":{"line":14,"column":34},"end":{"line":14,"column":47}},{"start":{"line":14,"column":51},"end":{"line":14,"column":74}}],"line":14},"1":{"loc":{"start":{"line":14,"column":76},"end":{"line":14,"column":99}},"type":"binary-expr","locations":[{"start":{"line":14,"column":76},"end":{"line":14,"column":92}},{"start":{"line":14,"column":96},"end":{"line":14,"column":99}}],"line":14},"2":{"loc":{"start":{"line":26,"column":34},"end":{"line":26,"column":74}},"type":"binary-expr","locations":[{"start":{"line":26,"column":34},"end":{"line":26,"column":47}},{"start":{"line":26,"column":51},"end":{"line":26,"column":74}}],"line":26},"3":{"loc":{"start":{"line":26,"column":76},"end":{"line":26,"column":99}},"type":"binary-expr","locations":[{"start":{"line":26,"column":76},"end":{"line":26,"column":92}},{"start":{"line":26,"column":96},"end":{"line":26,"column":99}}],"line":26},"4":{"loc":{"start":{"line":34,"column":12},"end":{"line":34,"column":20}},"type":"default-arg","locations":[{"start":{"line":34,"column":19},"end":{"line":34,"column":20}}],"line":34},"5":{"loc":{"start":{"line":34,"column":22},"end":{"line":34,"column":32}},"type":"default-arg","locations":[{"start":{"line":34,"column":30},"end":{"line":34,"column":32}}],"line":34},"6":{"loc":{"start":{"line":40,"column":34},"end":{"line":40,"column":74}},"type":"binary-expr","locations":[{"start":{"line":40,"column":34},"end":{"line":40,"column":47}},{"start":{"line":40,"column":51},"end":{"line":40,"column":74}}],"line":40},"7":{"loc":{"start":{"line":40,"column":76},"end":{"line":40,"column":99}},"type":"binary-expr","locations":[{"start":{"line":40,"column":76},"end":{"line":40,"column":92}},{"start":{"line":40,"column":96},"end":{"line":40,"column":99}}],"line":40},"8":{"loc":{"start":{"line":49,"column":12},"end":{"line":49,"column":20}},"type":"default-arg","locations":[{"start":{"line":49,"column":19},"end":{"line":49,"column":20}}],"line":49},"9":{"loc":{"start":{"line":49,"column":22},"end":{"line":49,"column":32}},"type":"default-arg","locations":[{"start":{"line":49,"column":30},"end":{"line":49,"column":32}}],"line":49},"10":{"loc":{"start":{"line":55,"column":34},"end":{"line":55,"column":74}},"type":"binary-expr","locations":[{"start":{"line":55,"column":34},"end":{"line":55,"column":47}},{"start":{"line":55,"column":51},"end":{"line":55,"column":74}}],"line":55},"11":{"loc":{"start":{"line":55,"column":76},"end":{"line":55,"column":99}},"type":"binary-expr","locations":[{"start":{"line":55,"column":76},"end":{"line":55,"column":92}},{"start":{"line":55,"column":96},"end":{"line":55,"column":99}}],"line":55},"12":{"loc":{"start":{"line":67,"column":34},"end":{"line":67,"column":74}},"type":"binary-expr","locations":[{"start":{"line":67,"column":34},"end":{"line":67,"column":47}},{"start":{"line":67,"column":51},"end":{"line":67,"column":74}}],"line":67},"13":{"loc":{"start":{"line":67,"column":76},"end":{"line":67,"column":99}},"type":"binary-expr","locations":[{"start":{"line":67,"column":76},"end":{"line":67,"column":92}},{"start":{"line":67,"column":96},"end":{"line":67,"column":99}}],"line":67},"14":{"loc":{"start":{"line":76,"column":12},"end":{"line":76,"column":20}},"type":"default-arg","locations":[{"start":{"line":76,"column":19},"end":{"line":76,"column":20}}],"line":76},"15":{"loc":{"start":{"line":76,"column":22},"end":{"line":76,"column":32}},"type":"default-arg","locations":[{"start":{"line":76,"column":30},"end":{"line":76,"column":32}}],"line":76},"16":{"loc":{"start":{"line":82,"column":34},"end":{"line":82,"column":74}},"type":"binary-expr","locations":[{"start":{"line":82,"column":34},"end":{"line":82,"column":47}},{"start":{"line":82,"column":51},"end":{"line":82,"column":74}}],"line":82},"17":{"loc":{"start":{"line":82,"column":76},"end":{"line":82,"column":99}},"type":"binary-expr","locations":[{"start":{"line":82,"column":76},"end":{"line":82,"column":92}},{"start":{"line":82,"column":96},"end":{"line":82,"column":99}}],"line":82},"18":{"loc":{"start":{"line":96,"column":34},"end":{"line":96,"column":74}},"type":"binary-expr","locations":[{"start":{"line":96,"column":34},"end":{"line":96,"column":47}},{"start":{"line":96,"column":51},"end":{"line":96,"column":74}}],"line":96},"19":{"loc":{"start":{"line":96,"column":76},"end":{"line":96,"column":99}},"type":"binary-expr","locations":[{"start":{"line":96,"column":76},"end":{"line":96,"column":92}},{"start":{"line":96,"column":96},"end":{"line":96,"column":99}}],"line":96}},"s":{"0":1,"1":1,"2":1,"3":2,"4":2,"5":2,"6":2,"7":1,"8":1,"9":1,"10":1,"11":2,"12":2,"13":2,"14":1,"15":1,"16":1,"17":1,"18":2,"19":2,"20":2,"21":2,"22":2,"23":1,"24":1,"25":1,"26":1,"27":2,"28":2,"29":2,"30":2,"31":2,"32":1,"33":1,"34":1,"35":1,"36":2,"37":2,"38":2,"39":1,"40":1,"41":1,"42":2,"43":2,"44":2,"45":2,"46":2,"47":1,"48":1,"49":1,"50":1,"51":0,"52":0,"53":0,"54":0,"55":0,"56":0,"57":0,"58":1},"f":{"0":2,"1":2,"2":2,"3":2,"4":2,"5":2,"6":0},"b":{"0":[1,0],"1":[1,0],"2":[1,0],"3":[1,0],"4":[0],"5":[0],"6":[1,0],"7":[1,0],"8":[0],"9":[0],"10":[1,0],"11":[1,0],"12":[1,0],"13":[1,0],"14":[0],"15":[0],"16":[1,0],"17":[1,0],"18":[0,0],"19":[0,0]},"_coverageSchema":"1a1c01bbd47fc00a2c39e90264f33305004495a9","hash":"8ba8a1b842c8564e859108ebb38ccb65e7dec631"}
,"F:\\3-brain-cell\\backend\\src\\controllers\\profileController.js": {"path":"F:\\3-brain-cell\\backend\\src\\controllers\\profileController.js","statementMap":{"0":{"start":{"line":1,"column":32},"end":{"line":1,"column":69}},"1":{"start":{"line":2,"column":51},"end":{"line":2,"column":85}},"2":{"start":{"line":3,"column":51},"end":{"line":3,"column":77}},"3":{"start":{"line":4,"column":12},"end":{"line":4,"column":35}},"4":{"start":{"line":6,"column":29},"end":{"line":29,"column":1}},"5":{"start":{"line":7,"column":16},"end":{"line":7,"column":56}},"6":{"start":{"line":8,"column":2},"end":{"line":8,"column":80}},"7":{"start":{"line":8,"column":14},"end":{"line":8,"column":80}},"8":{"start":{"line":10,"column":18},"end":{"line":10,"column":59}},"9":{"start":{"line":11,"column":17},"end":{"line":11,"column":27}},"10":{"start":{"line":13,"column":2},"end":{"line":28,"column":3}},"11":{"start":{"line":14,"column":24},"end":{"line":14,"column":32}},"12":{"start":{"line":16,"column":4},"end":{"line":16,"column":51}},"13":{"start":{"line":18,"column":4},"end":{"line":18,"column":61}},"14":{"start":{"line":20,"column":4},"end":{"line":27,"column":5}},"15":{"start":{"line":21,"column":6},"end":{"line":21,"column":62}},"16":{"start":{"line":22,"column":11},"end":{"line":27,"column":5}},"17":{"start":{"line":23,"column":6},"end":{"line":23,"column":62}},"18":{"start":{"line":25,"column":6},"end":{"line":25,"column":25}},"19":{"start":{"line":26,"column":6},"end":{"line":26,"column":54}},"20":{"start":{"line":31,"column":0},"end":{"line":31,"column":42}}},"fnMap":{"0":{"name":"(anonymous_0)","decl":{"start":{"line":6,"column":29},"end":{"line":6,"column":30}},"loc":{"start":{"line":6,"column":49},"end":{"line":29,"column":1}},"line":6}},"branchMap":{"0":{"loc":{"start":{"line":8,"column":2},"end":{"line":8,"column":80}},"type":"if","locations":[{"start":{"line":8,"column":2},"end":{"line":8,"column":80}},{"start":{},"end":{}}],"line":8},"1":{"loc":{"start":{"line":20,"column":4},"end":{"line":27,"column":5}},"type":"if","locations":[{"start":{"line":20,"column":4},"end":{"line":27,"column":5}},{"start":{"line":22,"column":11},"end":{"line":27,"column":5}}],"line":20},"2":{"loc":{"start":{"line":22,"column":11},"end":{"line":27,"column":5}},"type":"if","locations":[{"start":{"line":22,"column":11},"end":{"line":27,"column":5}},{"start":{"line":24,"column":11},"end":{"line":27,"column":5}}],"line":22}},"s":{"0":1,"1":1,"2":1,"3":1,"4":1,"5":5,"6":5,"7":1,"8":4,"9":4,"10":4,"11":4,"12":4,"13":1,"14":3,"15":1,"16":2,"17":1,"18":1,"19":1,"20":1},"f":{"0":5},"b":{"0":[1,4],"1":[1,2],"2":[1,1]},"_coverageSchema":"1a1c01bbd47fc00a2c39e90264f33305004495a9","hash":"d3cca046e5a9f5527c62d7528bbd82a4b2c12d0f"}
,"F:\\3-brain-cell\\backend\\src\\controllers\\userController.js": {"path":"F:\\3-brain-cell\\backend\\src\\controllers\\userController.js","statementMap":{"0":{"start":{"line":1,"column":20},"end":{"line":1,"column":54}},"1":{"start":{"line":2,"column":51},"end":{"line":2,"column":85}},"2":{"start":{"line":3,"column":29},"end":{"line":3,"column":68}},"3":{"start":{"line":5,"column":32},"end":{"line":15,"column":1}},"4":{"start":{"line":6,"column":2},"end":{"line":14,"column":3}},"5":{"start":{"line":7,"column":23},"end":{"line":7,"column":33}},"6":{"start":{"line":8,"column":23},"end":{"line":8,"column":70}},"7":{"start":{"line":10,"column":4},"end":{"line":10,"column":101}},"8":{"start":{"line":12,"column":4},"end":{"line":12,"column":59}},"9":{"start":{"line":13,"column":4},"end":{"line":13,"column":101}},"10":{"start":{"line":18,"column":30},"end":{"line":28,"column":1}},"11":{"start":{"line":19,"column":2},"end":{"line":27,"column":3}},"12":{"start":{"line":20,"column":37},"end":{"line":20,"column":46}},"13":{"start":{"line":21,"column":19},"end":{"line":21,"column":65}},"14":{"start":{"line":22,"column":22},"end":{"line":22,"column":90}},"15":{"start":{"line":23,"column":4},"end":{"line":23,"column":91}},"16":{"start":{"line":25,"column":4},"end":{"line":25,"column":55}},"17":{"start":{"line":26,"column":4},"end":{"line":26,"column":101}},"18":{"start":{"line":32,"column":37},"end":{"line":42,"column":1}},"19":{"start":{"line":33,"column":2},"end":{"line":41,"column":3}},"20":{"start":{"line":34,"column":28},"end":{"line":34,"column":38}},"21":{"start":{"line":35,"column":37},"end":{"line":35,"column":46}},"22":{"start":{"line":36,"column":19},"end":{"line":36,"column":57}},"23":{"start":{"line":37,"column":19},"end":{"line":37,"column":103}},"24":{"start":{"line":38,"column":4},"end":{"line":38,"column":76}},"25":{"start":{"line":40,"column":4},"end":{"line":40,"column":101}},"26":{"start":{"line":45,"column":29},"end":{"line":58,"column":1}},"27":{"start":{"line":46,"column":19},"end":{"line":46,"column":29}},"28":{"start":{"line":47,"column":20},"end":{"line":47,"column":55}},"29":{"start":{"line":48,"column":2},"end":{"line":50,"column":3}},"30":{"start":{"line":49,"column":4},"end":{"line":49,"column":65}},"31":{"start":{"line":52,"column":2},"end":{"line":57,"column":3}},"32":{"start":{"line":53,"column":24},"end":{"line":53,"column":68}},"33":{"start":{"line":54,"column":4},"end":{"line":54,"column":83}},"34":{"start":{"line":56,"column":4},"end":{"line":56,"column":81}},"35":{"start":{"line":61,"column":29},"end":{"line":69,"column":1}},"36":{"start":{"line":62,"column":26},"end":{"line":62,"column":36}},"37":{"start":{"line":63,"column":2},"end":{"line":68,"column":3}},"38":{"start":{"line":64,"column":25},"end":{"line":64,"column":76}},"39":{"start":{"line":65,"column":4},"end":{"line":65,"column":81}},"40":{"start":{"line":67,"column":4},"end":{"line":67,"column":82}},"41":{"start":{"line":71,"column":0},"end":{"line":77,"column":2}}},"fnMap":{"0":{"name":"(anonymous_0)","decl":{"start":{"line":5,"column":32},"end":{"line":5,"column":33}},"loc":{"start":{"line":5,"column":52},"end":{"line":15,"column":1}},"line":5},"1":{"name":"(anonymous_1)","decl":{"start":{"line":18,"column":30},"end":{"line":18,"column":31}},"loc":{"start":{"line":18,"column":50},"end":{"line":28,"column":1}},"line":18},"2":{"name":"(anonymous_2)","decl":{"start":{"line":32,"column":37},"end":{"line":32,"column":38}},"loc":{"start":{"line":32,"column":57},"end":{"line":42,"column":1}},"line":32},"3":{"name":"(anonymous_3)","decl":{"start":{"line":45,"column":29},"end":{"line":45,"column":30}},"loc":{"start":{"line":45,"column":49},"end":{"line":58,"column":1}},"line":45},"4":{"name":"(anonymous_4)","decl":{"start":{"line":61,"column":29},"end":{"line":61,"column":30}},"loc":{"start":{"line":61,"column":49},"end":{"line":69,"column":1}},"line":61}},"branchMap":{"0":{"loc":{"start":{"line":13,"column":34},"end":{"line":13,"column":74}},"type":"binary-expr","locations":[{"start":{"line":13,"column":34},"end":{"line":13,"column":47}},{"start":{"line":13,"column":51},"end":{"line":13,"column":74}}],"line":13},"1":{"loc":{"start":{"line":13,"column":76},"end":{"line":13,"column":99}},"type":"binary-expr","locations":[{"start":{"line":13,"column":76},"end":{"line":13,"column":92}},{"start":{"line":13,"column":96},"end":{"line":13,"column":99}}],"line":13},"2":{"loc":{"start":{"line":20,"column":12},"end":{"line":20,"column":20}},"type":"default-arg","locations":[{"start":{"line":20,"column":19},"end":{"line":20,"column":20}}],"line":20},"3":{"loc":{"start":{"line":20,"column":22},"end":{"line":20,"column":32}},"type":"default-arg","locations":[{"start":{"line":20,"column":30},"end":{"line":20,"column":32}}],"line":20},"4":{"loc":{"start":{"line":26,"column":34},"end":{"line":26,"column":74}},"type":"binary-expr","locations":[{"start":{"line":26,"column":34},"end":{"line":26,"column":47}},{"start":{"line":26,"column":51},"end":{"line":26,"column":74}}],"line":26},"5":{"loc":{"start":{"line":26,"column":76},"end":{"line":26,"column":99}},"type":"binary-expr","locations":[{"start":{"line":26,"column":76},"end":{"line":26,"column":92}},{"start":{"line":26,"column":96},"end":{"line":26,"column":99}}],"line":26},"6":{"loc":{"start":{"line":35,"column":12},"end":{"line":35,"column":20}},"type":"default-arg","locations":[{"start":{"line":35,"column":19},"end":{"line":35,"column":20}}],"line":35},"7":{"loc":{"start":{"line":35,"column":22},"end":{"line":35,"column":32}},"type":"default-arg","locations":[{"start":{"line":35,"column":30},"end":{"line":35,"column":32}}],"line":35},"8":{"loc":{"start":{"line":40,"column":34},"end":{"line":40,"column":74}},"type":"binary-expr","locations":[{"start":{"line":40,"column":34},"end":{"line":40,"column":47}},{"start":{"line":40,"column":51},"end":{"line":40,"column":74}}],"line":40},"9":{"loc":{"start":{"line":40,"column":76},"end":{"line":40,"column":99}},"type":"binary-expr","locations":[{"start":{"line":40,"column":76},"end":{"line":40,"column":92}},{"start":{"line":40,"column":96},"end":{"line":40,"column":99}}],"line":40},"10":{"loc":{"start":{"line":48,"column":2},"end":{"line":50,"column":3}},"type":"if","locations":[{"start":{"line":48,"column":2},"end":{"line":50,"column":3}},{"start":{},"end":{}}],"line":48},"11":{"loc":{"start":{"line":56,"column":27},"end":{"line":56,"column":74}},"type":"binary-expr","locations":[{"start":{"line":56,"column":27},"end":{"line":56,"column":40}},{"start":{"line":56,"column":44},"end":{"line":56,"column":74}}],"line":56},"12":{"loc":{"start":{"line":67,"column":27},"end":{"line":67,"column":75}},"type":"binary-expr","locations":[{"start":{"line":67,"column":27},"end":{"line":67,"column":40}},{"start":{"line":67,"column":44},"end":{"line":67,"column":75}}],"line":67}},"s":{"0":1,"1":1,"2":1,"3":1,"4":2,"5":2,"6":2,"7":1,"8":1,"9":1,"10":1,"11":2,"12":2,"13":2,"14":2,"15":1,"16":1,"17":1,"18":1,"19":2,"20":2,"21":2,"22":2,"23":2,"24":1,"25":1,"26":1,"27":0,"28":0,"29":0,"30":0,"31":0,"32":0,"33":0,"34":0,"35":1,"36":0,"37":0,"38":0,"39":0,"40":0,"41":1},"f":{"0":2,"1":2,"2":2,"3":0,"4":0},"b":{"0":[1,0],"1":[1,0],"2":[0],"3":[0],"4":[1,0],"5":[1,0],"6":[0],"7":[0],"8":[1,0],"9":[1,0],"10":[0,0],"11":[0,0],"12":[0,0]},"_coverageSchema":"1a1c01bbd47fc00a2c39e90264f33305004495a9","hash":"8c1c3cf7f0b0f7a91e4367d66a8a0453276fd036"}
,"F:\\3-brain-cell\\backend\\src\\controllers\\volunteerController.js": {"path":"F:\\3-brain-cell\\backend\\src\\controllers\\volunteerController.js","statementMap":{"0":{"start":{"line":1,"column":25},"end":{"line":1,"column":64}},"1":{"start":{"line":2,"column":51},"end":{"line":2,"column":85}},"2":{"start":{"line":5,"column":28},"end":{"line":14,"column":1}},"3":{"start":{"line":6,"column":2},"end":{"line":13,"column":3}},"4":{"start":{"line":7,"column":27},"end":{"line":7,"column":43}},"5":{"start":{"line":8,"column":24},"end":{"line":8,"column":35}},"6":{"start":{"line":9,"column":19},"end":{"line":9,"column":90}},"7":{"start":{"line":10,"column":4},"end":{"line":10,"column":82}},"8":{"start":{"line":12,"column":4},"end":{"line":12,"column":101}},"9":{"start":{"line":17,"column":37},"end":{"line":28,"column":1}},"10":{"start":{"line":18,"column":2},"end":{"line":27,"column":3}},"11":{"start":{"line":19,"column":24},"end":{"line":19,"column":35}},"12":{"start":{"line":20,"column":37},"end":{"line":20,"column":46}},"13":{"start":{"line":21,"column":19},"end":{"line":21,"column":65}},"14":{"start":{"line":22,"column":26},"end":{"line":22,"column":119}},"15":{"start":{"line":23,"column":4},"end":{"line":23,"column":91}},"16":{"start":{"line":25,"column":4},"end":{"line":25,"column":64}},"17":{"start":{"line":26,"column":4},"end":{"line":26,"column":101}},"18":{"start":{"line":31,"column":28},"end":{"line":41,"column":1}},"19":{"start":{"line":32,"column":2},"end":{"line":40,"column":3}},"20":{"start":{"line":33,"column":37},"end":{"line":33,"column":46}},"21":{"start":{"line":34,"column":19},"end":{"line":34,"column":65}},"22":{"start":{"line":35,"column":22},"end":{"line":35,"column":93}},"23":{"start":{"line":36,"column":4},"end":{"line":36,"column":91}},"24":{"start":{"line":38,"column":4},"end":{"line":38,"column":55}},"25":{"start":{"line":39,"column":4},"end":{"line":39,"column":101}},"26":{"start":{"line":44,"column":26},"end":{"line":52,"column":1}},"27":{"start":{"line":45,"column":2},"end":{"line":51,"column":3}},"28":{"start":{"line":46,"column":24},"end":{"line":46,"column":39}},"29":{"start":{"line":47,"column":19},"end":{"line":47,"column":72}},"30":{"start":{"line":48,"column":4},"end":{"line":48,"column":96}},"31":{"start":{"line":50,"column":4},"end":{"line":50,"column":101}},"32":{"start":{"line":54,"column":0},"end":{"line":59,"column":2}}},"fnMap":{"0":{"name":"(anonymous_0)","decl":{"start":{"line":5,"column":28},"end":{"line":5,"column":29}},"loc":{"start":{"line":5,"column":48},"end":{"line":14,"column":1}},"line":5},"1":{"name":"(anonymous_1)","decl":{"start":{"line":17,"column":37},"end":{"line":17,"column":38}},"loc":{"start":{"line":17,"column":57},"end":{"line":28,"column":1}},"line":17},"2":{"name":"(anonymous_2)","decl":{"start":{"line":31,"column":28},"end":{"line":31,"column":29}},"loc":{"start":{"line":31,"column":48},"end":{"line":41,"column":1}},"line":31},"3":{"name":"(anonymous_3)","decl":{"start":{"line":44,"column":26},"end":{"line":44,"column":27}},"loc":{"start":{"line":44,"column":46},"end":{"line":52,"column":1}},"line":44}},"branchMap":{"0":{"loc":{"start":{"line":12,"column":34},"end":{"line":12,"column":74}},"type":"binary-expr","locations":[{"start":{"line":12,"column":34},"end":{"line":12,"column":47}},{"start":{"line":12,"column":51},"end":{"line":12,"column":74}}],"line":12},"1":{"loc":{"start":{"line":12,"column":76},"end":{"line":12,"column":99}},"type":"binary-expr","locations":[{"start":{"line":12,"column":76},"end":{"line":12,"column":92}},{"start":{"line":12,"column":96},"end":{"line":12,"column":99}}],"line":12},"2":{"loc":{"start":{"line":20,"column":12},"end":{"line":20,"column":20}},"type":"default-arg","locations":[{"start":{"line":20,"column":19},"end":{"line":20,"column":20}}],"line":20},"3":{"loc":{"start":{"line":20,"column":22},"end":{"line":20,"column":32}},"type":"default-arg","locations":[{"start":{"line":20,"column":30},"end":{"line":20,"column":32}}],"line":20},"4":{"loc":{"start":{"line":26,"column":34},"end":{"line":26,"column":74}},"type":"binary-expr","locations":[{"start":{"line":26,"column":34},"end":{"line":26,"column":47}},{"start":{"line":26,"column":51},"end":{"line":26,"column":74}}],"line":26},"5":{"loc":{"start":{"line":26,"column":76},"end":{"line":26,"column":99}},"type":"binary-expr","locations":[{"start":{"line":26,"column":76},"end":{"line":26,"column":92}},{"start":{"line":26,"column":96},"end":{"line":26,"column":99}}],"line":26},"6":{"loc":{"start":{"line":33,"column":12},"end":{"line":33,"column":20}},"type":"default-arg","locations":[{"start":{"line":33,"column":19},"end":{"line":33,"column":20}}],"line":33},"7":{"loc":{"start":{"line":33,"column":22},"end":{"line":33,"column":32}},"type":"default-arg","locations":[{"start":{"line":33,"column":30},"end":{"line":33,"column":32}}],"line":33},"8":{"loc":{"start":{"line":39,"column":34},"end":{"line":39,"column":74}},"type":"binary-expr","locations":[{"start":{"line":39,"column":34},"end":{"line":39,"column":47}},{"start":{"line":39,"column":51},"end":{"line":39,"column":74}}],"line":39},"9":{"loc":{"start":{"line":39,"column":76},"end":{"line":39,"column":99}},"type":"binary-expr","locations":[{"start":{"line":39,"column":76},"end":{"line":39,"column":92}},{"start":{"line":39,"column":96},"end":{"line":39,"column":99}}],"line":39},"10":{"loc":{"start":{"line":50,"column":34},"end":{"line":50,"column":74}},"type":"binary-expr","locations":[{"start":{"line":50,"column":34},"end":{"line":50,"column":47}},{"start":{"line":50,"column":51},"end":{"line":50,"column":74}}],"line":50},"11":{"loc":{"start":{"line":50,"column":76},"end":{"line":50,"column":99}},"type":"binary-expr","locations":[{"start":{"line":50,"column":76},"end":{"line":50,"column":92}},{"start":{"line":50,"column":96},"end":{"line":50,"column":99}}],"line":50}},"s":{"0":1,"1":1,"2":1,"3":2,"4":2,"5":2,"6":2,"7":1,"8":1,"9":1,"10":2,"11":2,"12":2,"13":2,"14":2,"15":1,"16":1,"17":1,"18":1,"19":2,"20":2,"21":2,"22":2,"23":1,"24":1,"25":1,"26":1,"27":2,"28":2,"29":2,"30":1,"31":1,"32":1},"f":{"0":2,"1":2,"2":2,"3":2},"b":{"0":[1,0],"1":[1,0],"2":[0],"3":[0],"4":[1,0],"5":[1,0],"6":[0],"7":[0],"8":[1,0],"9":[1,0],"10":[1,0],"11":[1,0]},"_coverageSchema":"1a1c01bbd47fc00a2c39e90264f33305004495a9","hash":"a1a32e121d569b03e33801b22f1fa7d9b205405a"}
,"F:\\3-brain-cell\\backend\\src\\middlewares\\authMiddleware.js": {"path":"F:\\3-brain-cell\\backend\\src\\middlewares\\authMiddleware.js","statementMap":{"0":{"start":{"line":1,"column":12},"end":{"line":1,"column":35}},"1":{"start":{"line":2,"column":15},"end":{"line":2,"column":39}},"2":{"start":{"line":3,"column":26},"end":{"line":3,"column":55}},"3":{"start":{"line":4,"column":13},"end":{"line":4,"column":38}},"4":{"start":{"line":6,"column":20},"end":{"line":39,"column":1}},"5":{"start":{"line":7,"column":2},"end":{"line":38,"column":3}},"6":{"start":{"line":8,"column":18},"end":{"line":8,"column":58}},"7":{"start":{"line":9,"column":4},"end":{"line":11,"column":5}},"8":{"start":{"line":10,"column":6},"end":{"line":10,"column":78}},"9":{"start":{"line":13,"column":20},"end":{"line":13,"column":55}},"10":{"start":{"line":15,"column":27},"end":{"line":15,"column":60}},"11":{"start":{"line":16,"column":17},"end":{"line":19,"column":6}},"12":{"start":{"line":21,"column":4},"end":{"line":23,"column":5}},"13":{"start":{"line":22,"column":6},"end":{"line":22,"column":64}},"14":{"start":{"line":25,"column":4},"end":{"line":32,"column":6}},"15":{"start":{"line":34,"column":4},"end":{"line":34,"column":11}},"16":{"start":{"line":36,"column":4},"end":{"line":36,"column":52}},"17":{"start":{"line":37,"column":4},"end":{"line":37,"column":84}},"18":{"start":{"line":41,"column":20},"end":{"line":48,"column":1}},"19":{"start":{"line":42,"column":2},"end":{"line":47,"column":4}},"20":{"start":{"line":43,"column":4},"end":{"line":45,"column":5}},"21":{"start":{"line":44,"column":6},"end":{"line":44,"column":76}},"22":{"start":{"line":46,"column":4},"end":{"line":46,"column":11}},"23":{"start":{"line":50,"column":0},"end":{"line":50,"column":46}}},"fnMap":{"0":{"name":"(anonymous_0)","decl":{"start":{"line":6,"column":20},"end":{"line":6,"column":21}},"loc":{"start":{"line":6,"column":46},"end":{"line":39,"column":1}},"line":6},"1":{"name":"(anonymous_1)","decl":{"start":{"line":41,"column":20},"end":{"line":41,"column":21}},"loc":{"start":{"line":41,"column":30},"end":{"line":48,"column":1}},"line":41},"2":{"name":"(anonymous_2)","decl":{"start":{"line":42,"column":9},"end":{"line":42,"column":10}},"loc":{"start":{"line":42,"column":29},"end":{"line":47,"column":3}},"line":42}},"branchMap":{"0":{"loc":{"start":{"line":9,"column":4},"end":{"line":11,"column":5}},"type":"if","locations":[{"start":{"line":9,"column":4},"end":{"line":11,"column":5}},{"start":{},"end":{}}],"line":9},"1":{"loc":{"start":{"line":21,"column":4},"end":{"line":23,"column":5}},"type":"if","locations":[{"start":{"line":21,"column":4},"end":{"line":23,"column":5}},{"start":{},"end":{}}],"line":21},"2":{"loc":{"start":{"line":29,"column":22},"end":{"line":29,"column":64}},"type":"binary-expr","locations":[{"start":{"line":29,"column":22},"end":{"line":29,"column":56}},{"start":{"line":29,"column":60},"end":{"line":29,"column":64}}],"line":29},"3":{"loc":{"start":{"line":30,"column":19},"end":{"line":30,"column":55}},"type":"binary-expr","locations":[{"start":{"line":30,"column":19},"end":{"line":30,"column":47}},{"start":{"line":30,"column":51},"end":{"line":30,"column":55}}],"line":30},"4":{"loc":{"start":{"line":31,"column":21},"end":{"line":31,"column":61}},"type":"binary-expr","locations":[{"start":{"line":31,"column":21},"end":{"line":31,"column":53}},{"start":{"line":31,"column":57},"end":{"line":31,"column":61}}],"line":31},"5":{"loc":{"start":{"line":43,"column":4},"end":{"line":45,"column":5}},"type":"if","locations":[{"start":{"line":43,"column":4},"end":{"line":45,"column":5}},{"start":{},"end":{}}],"line":43},"6":{"loc":{"start":{"line":43,"column":8},"end":{"line":43,"column":43}},"type":"binary-expr","locations":[{"start":{"line":43,"column":8},"end":{"line":43,"column":17}},{"start":{"line":43,"column":21},"end":{"line":43,"column":43}}],"line":43}},"s":{"0":1,"1":1,"2":1,"3":1,"4":1,"5":4,"6":4,"7":4,"8":1,"9":3,"10":2,"11":2,"12":2,"13":1,"14":1,"15":1,"16":1,"17":1,"18":1,"19":2,"20":2,"21":1,"22":1,"23":1},"f":{"0":4,"1":2,"2":2},"b":{"0":[1,3],"1":[1,1],"2":[1,0],"3":[1,0],"4":[1,0],"5":[1,1],"6":[2,2]},"_coverageSchema":"1a1c01bbd47fc00a2c39e90264f33305004495a9","hash":"537c2ca782768aa3b527717958f2ccb6eae44c49"}
,"F:\\3-brain-cell\\backend\\src\\middlewares\\validationMiddleware.js": {"path":"F:\\3-brain-cell\\backend\\src\\middlewares\\validationMiddleware.js","statementMap":{"0":{"start":{"line":1,"column":28},"end":{"line":9,"column":1}},"1":{"start":{"line":2,"column":2},"end":{"line":8,"column":4}},"2":{"start":{"line":3,"column":22},"end":{"line":3,"column":47}},"3":{"start":{"line":4,"column":4},"end":{"line":6,"column":5}},"4":{"start":{"line":5,"column":6},"end":{"line":5,"column":73}},"5":{"start":{"line":7,"column":4},"end":{"line":7,"column":11}},"6":{"start":{"line":11,"column":0},"end":{"line":11,"column":41}}},"fnMap":{"0":{"name":"(anonymous_0)","decl":{"start":{"line":1,"column":28},"end":{"line":1,"column":29}},"loc":{"start":{"line":1,"column":40},"end":{"line":9,"column":1}},"line":1},"1":{"name":"(anonymous_1)","decl":{"start":{"line":2,"column":9},"end":{"line":2,"column":10}},"loc":{"start":{"line":2,"column":29},"end":{"line":8,"column":3}},"line":2}},"branchMap":{"0":{"loc":{"start":{"line":4,"column":4},"end":{"line":6,"column":5}},"type":"if","locations":[{"start":{"line":4,"column":4},"end":{"line":6,"column":5}},{"start":{},"end":{}}],"line":4}},"s":{"0":1,"1":4,"2":4,"3":4,"4":3,"5":1,"6":1},"f":{"0":4,"1":4},"b":{"0":[3,1]},"_coverageSchema":"1a1c01bbd47fc00a2c39e90264f33305004495a9","hash":"eb24b3aefe9aba9ec24332c63f5b79ee74827609"}
,"F:\\3-brain-cell\\backend\\src\\models\\Coordinator.js": {"path":"F:\\3-brain-cell\\backend\\src\\models\\Coordinator.js","statementMap":{"0":{"start":{"line":1,"column":25},"end":{"line":1,"column":43}},"1":{"start":{"line":3,"column":20},"end":{"line":55,"column":2}},"2":{"start":{"line":57,"column":0},"end":{"line":57,"column":29}}},"fnMap":{},"branchMap":{},"s":{"0":12,"1":12,"2":12},"f":{},"b":{},"_coverageSchema":"1a1c01bbd47fc00a2c39e90264f33305004495a9","hash":"c4af2044f15cceb4193ccbbd2905056c10f368cc"}
,"F:\\3-brain-cell\\backend\\src\\models\\DailyReport.js": {"path":"F:\\3-brain-cell\\backend\\src\\models\\DailyReport.js","statementMap":{"0":{"start":{"line":1,"column":25},"end":{"line":1,"column":43}},"1":{"start":{"line":3,"column":20},"end":{"line":66,"column":2}},"2":{"start":{"line":14,"column":23},"end":{"line":14,"column":37}},"3":{"start":{"line":49,"column":23},"end":{"line":49,"column":42}},"4":{"start":{"line":68,"column":0},"end":{"line":68,"column":29}}},"fnMap":{"0":{"name":"(anonymous_0)","decl":{"start":{"line":14,"column":17},"end":{"line":14,"column":18}},"loc":{"start":{"line":14,"column":23},"end":{"line":14,"column":37}},"line":14},"1":{"name":"(anonymous_1)","decl":{"start":{"line":49,"column":17},"end":{"line":49,"column":18}},"loc":{"start":{"line":49,"column":23},"end":{"line":49,"column":42}},"line":49}},"branchMap":{},"s":{"0":13,"1":13,"2":0,"3":0,"4":13},"f":{"0":0,"1":0},"b":{},"_coverageSchema":"1a1c01bbd47fc00a2c39e90264f33305004495a9","hash":"13d4eb8ce81a8486c8fd9853739603f54782f4cb"}
,"F:\\3-brain-cell\\backend\\src\\models\\Disaster.js": {"path":"F:\\3-brain-cell\\backend\\src\\models\\Disaster.js","statementMap":{"0":{"start":{"line":1,"column":25},"end":{"line":1,"column":43}},"1":{"start":{"line":3,"column":17},"end":{"line":74,"column":2}},"2":{"start":{"line":51,"column":21},"end":{"line":51,"column":40}},"3":{"start":{"line":76,"column":0},"end":{"line":76,"column":26}}},"fnMap":{"0":{"name":"(anonymous_0)","decl":{"start":{"line":51,"column":15},"end":{"line":51,"column":16}},"loc":{"start":{"line":51,"column":21},"end":{"line":51,"column":40}},"line":51}},"branchMap":{},"s":{"0":13,"1":13,"2":0,"3":13},"f":{"0":0},"b":{},"_coverageSchema":"1a1c01bbd47fc00a2c39e90264f33305004495a9","hash":"935998fb5e91affd7bcec8673c1ad3bfcb6afc87"}
,"F:\\3-brain-cell\\backend\\src\\models\\Notification.js": {"path":"F:\\3-brain-cell\\backend\\src\\models\\Notification.js","statementMap":{"0":{"start":{"line":1,"column":25},"end":{"line":1,"column":43}},"1":{"start":{"line":3,"column":0},"end":{"line":36,"column":3}},"2":{"start":{"line":25,"column":21},"end":{"line":25,"column":40}}},"fnMap":{"0":{"name":"(anonymous_0)","decl":{"start":{"line":25,"column":15},"end":{"line":25,"column":16}},"loc":{"start":{"line":25,"column":21},"end":{"line":25,"column":40}},"line":25}},"branchMap":{},"s":{"0":11,"1":11,"2":0},"f":{"0":0},"b":{},"_coverageSchema":"1a1c01bbd47fc00a2c39e90264f33305004495a9","hash":"7592df4c5dcea89e19638873a57eb76a46fde7ff"}
,"F:\\3-brain-cell\\backend\\src\\models\\Organization.js": {"path":"F:\\3-brain-cell\\backend\\src\\models\\Organization.js","statementMap":{"0":{"start":{"line":1,"column":25},"end":{"line":1,"column":43}},"1":{"start":{"line":3,"column":21},"end":{"line":87,"column":2}},"2":{"start":{"line":89,"column":0},"end":{"line":89,"column":30}}},"fnMap":{},"branchMap":{},"s":{"0":13,"1":13,"2":13},"f":{},"b":{},"_coverageSchema":"1a1c01bbd47fc00a2c39e90264f33305004495a9","hash":"bd795a4153b44ec2a1742f89fa87ffffd7869aba"}
,"F:\\3-brain-cell\\backend\\src\\models\\Team.js": {"path":"F:\\3-brain-cell\\backend\\src\\models\\Team.js","statementMap":{"0":{"start":{"line":1,"column":25},"end":{"line":1,"column":43}},"1":{"start":{"line":3,"column":13},"end":{"line":62,"column":1}},"2":{"start":{"line":30,"column":21},"end":{"line":30,"column":40}},"3":{"start":{"line":64,"column":0},"end":{"line":64,"column":22}}},"fnMap":{"0":{"name":"(anonymous_0)","decl":{"start":{"line":30,"column":15},"end":{"line":30,"column":16}},"loc":{"start":{"line":30,"column":21},"end":{"line":30,"column":40}},"line":30}},"branchMap":{},"s":{"0":14,"1":14,"2":0,"3":14},"f":{"0":0},"b":{},"_coverageSchema":"1a1c01bbd47fc00a2c39e90264f33305004495a9","hash":"c14ea990c8c65a80687477e48c57d97c2c1fd842"}
,"F:\\3-brain-cell\\backend\\src\\models\\User.js": {"path":"F:\\3-brain-cell\\backend\\src\\models\\User.js","statementMap":{"0":{"start":{"line":1,"column":25},"end":{"line":1,"column":43}},"1":{"start":{"line":3,"column":13},"end":{"line":73,"column":2}},"2":{"start":{"line":52,"column":21},"end":{"line":52,"column":40}},"3":{"start":{"line":75,"column":0},"end":{"line":75,"column":22}}},"fnMap":{"0":{"name":"(anonymous_0)","decl":{"start":{"line":52,"column":15},"end":{"line":52,"column":16}},"loc":{"start":{"line":52,"column":21},"end":{"line":52,"column":40}},"line":52}},"branchMap":{},"s":{"0":14,"1":14,"2":0,"3":14},"f":{"0":0},"b":{},"_coverageSchema":"1a1c01bbd47fc00a2c39e90264f33305004495a9","hash":"389fe797d6d4df06c98c1f519a434886ae6924b2"}
,"F:\\3-brain-cell\\backend\\src\\models\\Volunteer.js": {"path":"F:\\3-brain-cell\\backend\\src\\models\\Volunteer.js","statementMap":{"0":{"start":{"line":1,"column":25},"end":{"line":1,"column":43}},"1":{"start":{"line":3,"column":18},"end":{"line":45,"column":2}},"2":{"start":{"line":47,"column":0},"end":{"line":47,"column":27}}},"fnMap":{},"branchMap":{},"s":{"0":12,"1":12,"2":12},"f":{},"b":{},"_coverageSchema":"1a1c01bbd47fc00a2c39e90264f33305004495a9","hash":"84c04fc6e7fbcf9149a62017016ee624b0b33b96"}
,"F:\\3-brain-cell\\backend\\src\\models\\VolunteerApplication.js": {"path":"F:\\3-brain-cell\\backend\\src\\models\\VolunteerApplication.js","statementMap":{"0":{"start":{"line":1,"column":25},"end":{"line":1,"column":43}},"1":{"start":{"line":3,"column":29},"end":{"line":36,"column":2}},"2":{"start":{"line":19,"column":21},"end":{"line":19,"column":40}},"3":{"start":{"line":38,"column":0},"end":{"line":38,"column":38}}},"fnMap":{"0":{"name":"(anonymous_0)","decl":{"start":{"line":19,"column":15},"end":{"line":19,"column":16}},"loc":{"start":{"line":19,"column":21},"end":{"line":19,"column":40}},"line":19}},"branchMap":{},"s":{"0":12,"1":12,"2":0,"3":12},"f":{"0":0},"b":{},"_coverageSchema":"1a1c01bbd47fc00a2c39e90264f33305004495a9","hash":"1d40e3d3af14b2371134f17d35e15639acbac80e"}
,"F:\\3-brain-cell\\backend\\src\\repositories\\formalDailyReportRepository.js": {"path":"F:\\3-brain-cell\\backend\\src\\repositories\\formalDailyReportRepository.js","statementMap":{"0":{"start":{"line":1,"column":26},"end":{"line":62,"column":3}},"1":{"start":{"line":2,"column":28},"end":{"line":6,"column":5}},"2":{"start":{"line":9,"column":4},"end":{"line":11,"column":5}},"3":{"start":{"line":10,"column":6},"end":{"line":10,"column":55}},"4":{"start":{"line":14,"column":4},"end":{"line":16,"column":5}},"5":{"start":{"line":15,"column":6},"end":{"line":15,"column":63}},"6":{"start":{"line":19,"column":24},"end":{"line":19,"column":26}},"7":{"start":{"line":20,"column":4},"end":{"line":24,"column":7}},"8":{"start":{"line":21,"column":6},"end":{"line":23,"column":7}},"9":{"start":{"line":22,"column":8},"end":{"line":22,"column":43}},"10":{"start":{"line":26,"column":4},"end":{"line":31,"column":5}},"11":{"start":{"line":27,"column":6},"end":{"line":30,"column":8}},"12":{"start":{"line":34,"column":23},"end":{"line":34,"column":25}},"13":{"start":{"line":35,"column":4},"end":{"line":35,"column":62}},"14":{"start":{"line":35,"column":27},"end":{"line":35,"column":62}},"15":{"start":{"line":36,"column":4},"end":{"line":36,"column":68}},"16":{"start":{"line":36,"column":29},"end":{"line":36,"column":68}},"17":{"start":{"line":37,"column":4},"end":{"line":37,"column":77}},"18":{"start":{"line":37,"column":32},"end":{"line":37,"column":77}},"19":{"start":{"line":39,"column":4},"end":{"line":47,"column":5}},"20":{"start":{"line":40,"column":27},"end":{"line":42,"column":55}},"21":{"start":{"line":43,"column":6},"end":{"line":46,"column":8}},"22":{"start":{"line":50,"column":25},"end":{"line":50,"column":27}},"23":{"start":{"line":51,"column":4},"end":{"line":55,"column":7}},"24":{"start":{"line":52,"column":6},"end":{"line":54,"column":7}},"25":{"start":{"line":53,"column":8},"end":{"line":53,"column":44}},"26":{"start":{"line":57,"column":4},"end":{"line":59,"column":5}},"27":{"start":{"line":58,"column":6},"end":{"line":58,"column":48}},"28":{"start":{"line":61,"column":4},"end":{"line":61,"column":27}},"29":{"start":{"line":65,"column":2},"end":{"line":65,"column":40}}},"fnMap":{"0":{"name":"(anonymous_0)","decl":{"start":{"line":1,"column":26},"end":{"line":1,"column":27}},"loc":{"start":{"line":1,"column":68},"end":{"line":62,"column":3}},"line":1},"1":{"name":"(anonymous_1)","decl":{"start":{"line":20,"column":23},"end":{"line":20,"column":24}},"loc":{"start":{"line":20,"column":32},"end":{"line":24,"column":5}},"line":20},"2":{"name":"(anonymous_2)","decl":{"start":{"line":51,"column":66},"end":{"line":51,"column":67}},"loc":{"start":{"line":51,"column":75},"end":{"line":55,"column":5}},"line":51}},"branchMap":{"0":{"loc":{"start":{"line":9,"column":4},"end":{"line":11,"column":5}},"type":"if","locations":[{"start":{"line":9,"column":4},"end":{"line":11,"column":5}},{"start":{},"end":{}}],"line":9},"1":{"loc":{"start":{"line":14,"column":4},"end":{"line":16,"column":5}},"type":"if","locations":[{"start":{"line":14,"column":4},"end":{"line":16,"column":5}},{"start":{},"end":{}}],"line":14},"2":{"loc":{"start":{"line":21,"column":6},"end":{"line":23,"column":7}},"type":"if","locations":[{"start":{"line":21,"column":6},"end":{"line":23,"column":7}},{"start":{},"end":{}}],"line":21},"3":{"loc":{"start":{"line":26,"column":4},"end":{"line":31,"column":5}},"type":"if","locations":[{"start":{"line":26,"column":4},"end":{"line":31,"column":5}},{"start":{},"end":{}}],"line":26},"4":{"loc":{"start":{"line":35,"column":4},"end":{"line":35,"column":62}},"type":"if","locations":[{"start":{"line":35,"column":4},"end":{"line":35,"column":62}},{"start":{},"end":{}}],"line":35},"5":{"loc":{"start":{"line":36,"column":4},"end":{"line":36,"column":68}},"type":"if","locations":[{"start":{"line":36,"column":4},"end":{"line":36,"column":68}},{"start":{},"end":{}}],"line":36},"6":{"loc":{"start":{"line":37,"column":4},"end":{"line":37,"column":77}},"type":"if","locations":[{"start":{"line":37,"column":4},"end":{"line":37,"column":77}},{"start":{},"end":{}}],"line":37},"7":{"loc":{"start":{"line":39,"column":4},"end":{"line":47,"column":5}},"type":"if","locations":[{"start":{"line":39,"column":4},"end":{"line":47,"column":5}},{"start":{},"end":{}}],"line":39},"8":{"loc":{"start":{"line":40,"column":28},"end":{"line":40,"column":50}},"type":"binary-expr","locations":[{"start":{"line":40,"column":28},"end":{"line":40,"column":45}},{"start":{"line":40,"column":49},"end":{"line":40,"column":50}}],"line":40},"9":{"loc":{"start":{"line":41,"column":27},"end":{"line":41,"column":51}},"type":"binary-expr","locations":[{"start":{"line":41,"column":27},"end":{"line":41,"column":46}},{"start":{"line":41,"column":50},"end":{"line":41,"column":51}}],"line":41},"10":{"loc":{"start":{"line":42,"column":27},"end":{"line":42,"column":54}},"type":"binary-expr","locations":[{"start":{"line":42,"column":27},"end":{"line":42,"column":49}},{"start":{"line":42,"column":53},"end":{"line":42,"column":54}}],"line":42},"11":{"loc":{"start":{"line":52,"column":6},"end":{"line":54,"column":7}},"type":"if","locations":[{"start":{"line":52,"column":6},"end":{"line":54,"column":7}},{"start":{},"end":{}}],"line":52},"12":{"loc":{"start":{"line":57,"column":4},"end":{"line":59,"column":5}},"type":"if","locations":[{"start":{"line":57,"column":4},"end":{"line":59,"column":5}},{"start":{},"end":{}}],"line":57}},"s":{"0":2,"1":0,"2":0,"3":0,"4":0,"5":0,"6":0,"7":0,"8":0,"9":0,"10":0,"11":0,"12":0,"13":0,"14":0,"15":0,"16":0,"17":0,"18":0,"19":0,"20":0,"21":0,"22":0,"23":0,"24":0,"25":0,"26":0,"27":0,"28":0,"29":2},"f":{"0":0,"1":0,"2":0},"b":{"0":[0,0],"1":[0,0],"2":[0,0],"3":[0,0],"4":[0,0],"5":[0,0],"6":[0,0],"7":[0,0],"8":[0,0],"9":[0,0],"10":[0,0],"11":[0,0],"12":[0,0]},"_coverageSchema":"1a1c01bbd47fc00a2c39e90264f33305004495a9","hash":"27274efcfef57b46f40df855306b946772b8fb9d"}
,"F:\\3-brain-cell\\backend\\src\\repositories\\reportRepository.js": {"path":"F:\\3-brain-cell\\backend\\src\\repositories\\reportRepository.js","statementMap":{"0":{"start":{"line":1,"column":26},"end":{"line":1,"column":55}},"1":{"start":{"line":2,"column":20},"end":{"line":2,"column":52}},"2":{"start":{"line":6,"column":29},"end":{"line":6,"column":69}},"3":{"start":{"line":9,"column":20},"end":{"line":12,"column":6}},"4":{"start":{"line":14,"column":4},"end":{"line":48,"column":5}},"5":{"start":{"line":15,"column":6},"end":{"line":47,"column":8}},"6":{"start":{"line":51,"column":26},"end":{"line":51,"column":27}},"7":{"start":{"line":52,"column":21},"end":{"line":52,"column":22}},"8":{"start":{"line":53,"column":26},"end":{"line":53,"column":27}},"9":{"start":{"line":56,"column":33},"end":{"line":56,"column":34}},"10":{"start":{"line":57,"column":15},"end":{"line":57,"column":16}},"11":{"start":{"line":58,"column":24},"end":{"line":58,"column":25}},"12":{"start":{"line":59,"column":21},"end":{"line":59,"column":22}},"13":{"start":{"line":60,"column":17},"end":{"line":60,"column":18}},"14":{"start":{"line":61,"column":16},"end":{"line":61,"column":17}},"15":{"start":{"line":62,"column":16},"end":{"line":62,"column":17}},"16":{"start":{"line":63,"column":14},"end":{"line":63,"column":15}},"17":{"start":{"line":64,"column":15},"end":{"line":64,"column":16}},"18":{"start":{"line":65,"column":18},"end":{"line":65,"column":19}},"19":{"start":{"line":68,"column":21},"end":{"line":68,"column":22}},"20":{"start":{"line":69,"column":23},"end":{"line":69,"column":24}},"21":{"start":{"line":70,"column":26},"end":{"line":70,"column":27}},"22":{"start":{"line":73,"column":17},"end":{"line":73,"column":18}},"23":{"start":{"line":74,"column":22},"end":{"line":74,"column":23}},"24":{"start":{"line":75,"column":19},"end":{"line":75,"column":20}},"25":{"start":{"line":76,"column":23},"end":{"line":76,"column":24}},"26":{"start":{"line":79,"column":26},"end":{"line":79,"column":35}},"27":{"start":{"line":82,"column":22},"end":{"line":82,"column":24}},"28":{"start":{"line":85,"column":4},"end":{"line":164,"column":7}},"29":{"start":{"line":86,"column":6},"end":{"line":88,"column":7}},"30":{"start":{"line":87,"column":8},"end":{"line":87,"column":63}},"31":{"start":{"line":91,"column":6},"end":{"line":91,"column":53}},"32":{"start":{"line":94,"column":6},"end":{"line":94,"column":67}},"33":{"start":{"line":95,"column":6},"end":{"line":95,"column":31}},"34":{"start":{"line":96,"column":6},"end":{"line":96,"column":49}},"35":{"start":{"line":97,"column":6},"end":{"line":97,"column":43}},"36":{"start":{"line":98,"column":6},"end":{"line":98,"column":35}},"37":{"start":{"line":99,"column":6},"end":{"line":99,"column":33}},"38":{"start":{"line":100,"column":6},"end":{"line":100,"column":33}},"39":{"start":{"line":101,"column":6},"end":{"line":101,"column":29}},"40":{"start":{"line":102,"column":6},"end":{"line":102,"column":31}},"41":{"start":{"line":103,"column":6},"end":{"line":103,"column":37}},"42":{"start":{"line":106,"column":6},"end":{"line":106,"column":43}},"43":{"start":{"line":107,"column":6},"end":{"line":107,"column":47}},"44":{"start":{"line":108,"column":6},"end":{"line":108,"column":53}},"45":{"start":{"line":111,"column":6},"end":{"line":111,"column":35}},"46":{"start":{"line":112,"column":6},"end":{"line":112,"column":45}},"47":{"start":{"line":113,"column":6},"end":{"line":113,"column":39}},"48":{"start":{"line":114,"column":6},"end":{"line":114,"column":47}},"49":{"start":{"line":118,"column":6},"end":{"line":127,"column":27}},"50":{"start":{"line":129,"column":6},"end":{"line":129,"column":43}},"51":{"start":{"line":132,"column":6},"end":{"line":135,"column":32}},"52":{"start":{"line":137,"column":6},"end":{"line":137,"column":46}},"53":{"start":{"line":141,"column":22},"end":{"line":141,"column":71}},"54":{"start":{"line":143,"column":6},"end":{"line":151,"column":7}},"55":{"start":{"line":144,"column":8},"end":{"line":150,"column":10}},"56":{"start":{"line":153,"column":6},"end":{"line":153,"column":72}},"57":{"start":{"line":154,"column":6},"end":{"line":154,"column":74}},"58":{"start":{"line":155,"column":6},"end":{"line":158,"column":38}},"59":{"start":{"line":159,"column":6},"end":{"line":163,"column":35}},"60":{"start":{"line":167,"column":27},"end":{"line":169,"column":5}},"61":{"start":{"line":168,"column":6},"end":{"line":168,"column":41}},"62":{"start":{"line":172,"column":4},"end":{"line":205,"column":6}},"63":{"start":{"line":209,"column":0},"end":{"line":209,"column":34}}},"fnMap":{"0":{"name":"(anonymous_0)","decl":{"start":{"line":5,"column":2},"end":{"line":5,"column":3}},"loc":{"start":{"line":5,"column":44},"end":{"line":206,"column":3}},"line":5},"1":{"name":"(anonymous_1)","decl":{"start":{"line":85,"column":20},"end":{"line":85,"column":21}},"loc":{"start":{"line":85,"column":30},"end":{"line":164,"column":5}},"line":85},"2":{"name":"(anonymous_2)","decl":{"start":{"line":167,"column":57},"end":{"line":167,"column":58}},"loc":{"start":{"line":168,"column":6},"end":{"line":168,"column":41}},"line":168}},"branchMap":{"0":{"loc":{"start":{"line":14,"column":4},"end":{"line":48,"column":5}},"type":"if","locations":[{"start":{"line":14,"column":4},"end":{"line":48,"column":5}},{"start":{},"end":{}}],"line":14},"1":{"loc":{"start":{"line":14,"column":8},"end":{"line":14,"column":40}},"type":"binary-expr","locations":[{"start":{"line":14,"column":8},"end":{"line":14,"column":16}},{"start":{"line":14,"column":20},"end":{"line":14,"column":40}}],"line":14},"2":{"loc":{"start":{"line":86,"column":6},"end":{"line":88,"column":7}},"type":"if","locations":[{"start":{"line":86,"column":6},"end":{"line":88,"column":7}},{"start":{},"end":{}}],"line":86},"3":{"loc":{"start":{"line":91,"column":25},"end":{"line":91,"column":52}},"type":"binary-expr","locations":[{"start":{"line":91,"column":25},"end":{"line":91,"column":47}},{"start":{"line":91,"column":51},"end":{"line":91,"column":52}}],"line":91},"4":{"loc":{"start":{"line":94,"column":32},"end":{"line":94,"column":66}},"type":"binary-expr","locations":[{"start":{"line":94,"column":32},"end":{"line":94,"column":61}},{"start":{"line":94,"column":65},"end":{"line":94,"column":66}}],"line":94},"5":{"loc":{"start":{"line":95,"column":14},"end":{"line":95,"column":30}},"type":"binary-expr","locations":[{"start":{"line":95,"column":14},"end":{"line":95,"column":25}},{"start":{"line":95,"column":29},"end":{"line":95,"column":30}}],"line":95},"6":{"loc":{"start":{"line":96,"column":23},"end":{"line":96,"column":48}},"type":"binary-expr","locations":[{"start":{"line":96,"column":23},"end":{"line":96,"column":43}},{"start":{"line":96,"column":47},"end":{"line":96,"column":48}}],"line":96},"7":{"loc":{"start":{"line":97,"column":20},"end":{"line":97,"column":42}},"type":"binary-expr","locations":[{"start":{"line":97,"column":20},"end":{"line":97,"column":37}},{"start":{"line":97,"column":41},"end":{"line":97,"column":42}}],"line":97},"8":{"loc":{"start":{"line":98,"column":16},"end":{"line":98,"column":34}},"type":"binary-expr","locations":[{"start":{"line":98,"column":16},"end":{"line":98,"column":29}},{"start":{"line":98,"column":33},"end":{"line":98,"column":34}}],"line":98},"9":{"loc":{"start":{"line":99,"column":15},"end":{"line":99,"column":32}},"type":"binary-expr","locations":[{"start":{"line":99,"column":15},"end":{"line":99,"column":27}},{"start":{"line":99,"column":31},"end":{"line":99,"column":32}}],"line":99},"10":{"loc":{"start":{"line":100,"column":15},"end":{"line":100,"column":32}},"type":"binary-expr","locations":[{"start":{"line":100,"column":15},"end":{"line":100,"column":27}},{"start":{"line":100,"column":31},"end":{"line":100,"column":32}}],"line":100},"11":{"loc":{"start":{"line":101,"column":13},"end":{"line":101,"column":28}},"type":"binary-expr","locations":[{"start":{"line":101,"column":13},"end":{"line":101,"column":23}},{"start":{"line":101,"column":27},"end":{"line":101,"column":28}}],"line":101},"12":{"loc":{"start":{"line":102,"column":14},"end":{"line":102,"column":30}},"type":"binary-expr","locations":[{"start":{"line":102,"column":14},"end":{"line":102,"column":25}},{"start":{"line":102,"column":29},"end":{"line":102,"column":30}}],"line":102},"13":{"loc":{"start":{"line":103,"column":17},"end":{"line":103,"column":36}},"type":"binary-expr","locations":[{"start":{"line":103,"column":17},"end":{"line":103,"column":31}},{"start":{"line":103,"column":35},"end":{"line":103,"column":36}}],"line":103},"14":{"loc":{"start":{"line":106,"column":20},"end":{"line":106,"column":42}},"type":"binary-expr","locations":[{"start":{"line":106,"column":20},"end":{"line":106,"column":37}},{"start":{"line":106,"column":41},"end":{"line":106,"column":42}}],"line":106},"15":{"loc":{"start":{"line":107,"column":22},"end":{"line":107,"column":46}},"type":"binary-expr","locations":[{"start":{"line":107,"column":22},"end":{"line":107,"column":41}},{"start":{"line":107,"column":45},"end":{"line":107,"column":46}}],"line":107},"16":{"loc":{"start":{"line":108,"column":25},"end":{"line":108,"column":52}},"type":"binary-expr","locations":[{"start":{"line":108,"column":25},"end":{"line":108,"column":47}},{"start":{"line":108,"column":51},"end":{"line":108,"column":52}}],"line":108},"17":{"loc":{"start":{"line":111,"column":16},"end":{"line":111,"column":34}},"type":"binary-expr","locations":[{"start":{"line":111,"column":16},"end":{"line":111,"column":29}},{"start":{"line":111,"column":33},"end":{"line":111,"column":34}}],"line":111},"18":{"loc":{"start":{"line":112,"column":21},"end":{"line":112,"column":44}},"type":"binary-expr","locations":[{"start":{"line":112,"column":21},"end":{"line":112,"column":39}},{"start":{"line":112,"column":43},"end":{"line":112,"column":44}}],"line":112},"19":{"loc":{"start":{"line":113,"column":18},"end":{"line":113,"column":38}},"type":"binary-expr","locations":[{"start":{"line":113,"column":18},"end":{"line":113,"column":33}},{"start":{"line":113,"column":37},"end":{"line":113,"column":38}}],"line":113},"20":{"loc":{"start":{"line":114,"column":22},"end":{"line":114,"column":46}},"type":"binary-expr","locations":[{"start":{"line":114,"column":22},"end":{"line":114,"column":41}},{"start":{"line":114,"column":45},"end":{"line":114,"column":46}}],"line":114},"21":{"loc":{"start":{"line":118,"column":7},"end":{"line":118,"column":41}},"type":"binary-expr","locations":[{"start":{"line":118,"column":7},"end":{"line":118,"column":36}},{"start":{"line":118,"column":40},"end":{"line":118,"column":41}}],"line":118},"22":{"loc":{"start":{"line":119,"column":7},"end":{"line":119,"column":23}},"type":"binary-expr","locations":[{"start":{"line":119,"column":7},"end":{"line":119,"column":18}},{"start":{"line":119,"column":22},"end":{"line":119,"column":23}}],"line":119},"23":{"loc":{"start":{"line":120,"column":7},"end":{"line":120,"column":32}},"type":"binary-expr","locations":[{"start":{"line":120,"column":7},"end
[...]
umn":67},"end":{"line":51,"column":1}},"line":9},"1":{"name":"(anonymous_1)","decl":{"start":{"line":55,"column":37},"end":{"line":55,"column":38}},"loc":{"start":{"line":55,"column":76},"end":{"line":99,"column":1}},"line":55},"2":{"name":"(anonymous_2)","decl":{"start":{"line":80,"column":51},"end":{"line":80,"column":52}},"loc":{"start":{"line":80,"column":60},"end":{"line":96,"column":3}},"line":80},"3":{"name":"(anonymous_3)","decl":{"start":{"line":81,"column":42},"end":{"line":81,"column":43}},"loc":{"start":{"line":81,"column":49},"end":{"line":81,"column":105}},"line":81},"4":{"name":"(anonymous_4)","decl":{"start":{"line":102,"column":28},"end":{"line":102,"column":29}},"loc":{"start":{"line":102,"column":53},"end":{"line":127,"column":1}},"line":102},"5":{"name":"(anonymous_5)","decl":{"start":{"line":116,"column":43},"end":{"line":116,"column":44}},"loc":{"start":{"line":116,"column":56},"end":{"line":124,"column":3}},"line":116},"6":{"name":"(anonymous_6)","decl":{"start":{"line":130,"column":26},"end":{"line":130,"column":27}},"loc":{"start":{"line":130,"column":49},"end":{"line":151,"column":1}},"line":130}},"branchMap":{"0":{"loc":{"start":{"line":15,"column":2},"end":{"line":17,"column":3}},"type":"if","locations":[{"start":{"line":15,"column":2},"end":{"line":17,"column":3}},{"start":{},"end":{}}],"line":15},"1":{"loc":{"start":{"line":20,"column":2},"end":{"line":24,"column":3}},"type":"if","locations":[{"start":{"line":20,"column":2},"end":{"line":24,"column":3}},{"start":{},"end":{}}],"line":20},"2":{"loc":{"start":{"line":33,"column":2},"end":{"line":37,"column":3}},"type":"if","locations":[{"start":{"line":33,"column":2},"end":{"line":37,"column":3}},{"start":{},"end":{}}],"line":33},"3":{"loc":{"start":{"line":61,"column":2},"end":{"line":65,"column":3}},"type":"if","locations":[{"start":{"line":61,"column":2},"end":{"line":65,"column":3}},{"start":{},"end":{}}],"line":61},"4":{"loc":{"start":{"line":94,"column":21},"end":{"line":94,"column":60}},"type":"cond-expr","locations":[{"start":{"line":94,"column":35},"end":{"line":94,"column":53}},{"start":{"line":94,"column":56},"end":{"line":94,"column":60}}],"line":94},"5":{"loc":{"start":{"line":110,"column":2},"end":{"line":114,"column":3}},"type":"if","locations":[{"start":{"line":110,"column":2},"end":{"line":114,"column":3}},{"start":{},"end":{}}],"line":110},"6":{"loc":{"start":{"line":138,"column":2},"end":{"line":140,"column":3}},"type":"if","locations":[{"start":{"line":138,"column":2},"end":{"line":140,"column":3}},{"start":{},"end":{}}],"line":138},"7":{"loc":{"start":{"line":142,"column":2},"end":{"line":144,"column":3}},"type":"if","locations":[{"start":{"line":142,"column":2},"end":{"line":144,"column":3}},{"start":{},"end":{}}],"line":142}},"s":{"0":2,"1":2,"2":2,"3":2,"4":2,"5":2,"6":2,"7":4,"8":4,"9":4,"10":4,"11":4,"12":1,"13":3,"14":3,"15":1,"16":1,"17":1,"18":2,"19":2,"20":1,"21":1,"22":1,"23":1,"24":1,"25":1,"26":2,"27":2,"28":2,"29":2,"30":1,"31":1,"32":1,"33":1,"34":1,"35":1,"36":1,"37":1,"38":2,"39":2,"40":2,"41":1,"42":2,"43":2,"44":2,"45":2,"46":1,"47":1,"48":1,"49":1,"50":2,"51":1,"52":2,"53":3,"54":3,"55":3,"56":1,"57":2,"58":1,"59":1,"60":1,"61":1,"62":2},"f":{"0":4,"1":2,"2":2,"3":2,"4":2,"5":2,"6":3},"b":{"0":[1,3],"1":[1,2],"2":[1,1],"3":[1,1],"4":[1,1],"5":[1,1],"6":[1,2],"7":[1,1]},"_coverageSchema":"1a1c01bbd47fc00a2c39e90264f33305004495a9","hash":"b72305b7aad0fb00af4944eab24d380e7913d983"}
,"F:\\3-brain-cell\\backend\\src\\socket\\socket.js": {"path":"F:\\3-brain-cell\\backend\\src\\socket\\socket.js","statementMap":{"0":{"start":{"line":1,"column":17},"end":{"line":1,"column":37}},"1":{"start":{"line":4,"column":0},"end":{"line":21,"column":2}},"2":{"start":{"line":6,"column":4},"end":{"line":6,"column":49}},"3":{"start":{"line":7,"column":4},"end":{"line":12,"column":7}},"4":{"start":{"line":8,"column":6},"end":{"line":8,"column":51}},"5":{"start":{"line":9,"column":6},"end":{"line":11,"column":9}},"6":{"start":{"line":10,"column":8},"end":{"line":10,"column":43}},"7":{"start":{"line":13,"column":4},"end":{"line":13,"column":14}},"8":{"start":{"line":16,"column":4},"end":{"line":18,"column":5}},"9":{"start":{"line":17,"column":6},"end":{"line":17,"column":52}},"10":{"start":{"line":19,"column":4},"end":{"line":19,"column":14}}},"fnMap":{"0":{"name":"(anonymous_0)","decl":{"start":{"line":5,"column":8},"end":{"line":5,"column":9}},"loc":{"start":{"line":5,"column":33},"end":{"line":14,"column":3}},"line":5},"1":{"name":"(anonymous_1)","decl":{"start":{"line":7,"column":24},"end":{"line":7,"column":25}},"loc":{"start":{"line":7,"column":36},"end":{"line":12,"column":5}},"line":7},"2":{"name":"(anonymous_2)","decl":{"start":{"line":9,"column":30},"end":{"line":9,"column":31}},"loc":{"start":{"line":9,"column":36},"end":{"line":11,"column":7}},"line":9},"3":{"name":"(anonymous_3)","decl":{"start":{"line":15,"column":9},"end":{"line":15,"column":10}},"loc":{"start":{"line":15,"column":15},"end":{"line":20,"column":3}},"line":15}},"branchMap":{"0":{"loc":{"start":{"line":16,"column":4},"end":{"line":18,"column":5}},"type":"if","locations":[{"start":{"line":16,"column":4},"end":{"line":18,"column":5}},{"start":{},"end":{}}],"line":16}},"s":{"0":2,"1":2,"2":0,"3":0,"4":0,"5":0,"6":0,"7":0,"8":0,"9":0,"10":0},"f":{"0":0,"1":0,"2":0,"3":0},"b":{"0":[0,0]},"_coverageSchema":"1a1c01bbd47fc00a2c39e90264f33305004495a9","hash":"361b82ff0aacd02b79e5519e9027548b30bd5be6"}
,"F:\\3-brain-cell\\backend\\src\\utils\\emailHelper.js": {"path":"F:\\3-brain-cell\\backend\\src\\utils\\emailHelper.js","statementMap":{"0":{"start":{"line":1,"column":19},"end":{"line":1,"column":40}},"1":{"start":{"line":2,"column":15},"end":{"line":2,"column":39}},"2":{"start":{"line":4,"column":30},"end":{"line":28,"column":3}},"3":{"start":{"line":6,"column":24},"end":{"line":13,"column":6}},"4":{"start":{"line":15,"column":24},"end":{"line":20,"column":5}},"5":{"start":{"line":22,"column":4},"end":{"line":27,"column":7}},"6":{"start":{"line":23,"column":8},"end":{"line":23,"column":48}},"7":{"start":{"line":25,"column":8},"end":{"line":25,"column":66}},"8":{"start":{"line":26,"column":8},"end":{"line":26,"column":62}},"9":{"start":{"line":31,"column":31},"end":{"line":54,"column":1}},"10":{"start":{"line":32,"column":22},"end":{"line":39,"column":4}},"11":{"start":{"line":41,"column":22},"end":{"line":46,"column":3}},"12":{"start":{"line":48,"column":2},"end":{"line":53,"column":3}},"13":{"start":{"line":49,"column":4},"end":{"line":49,"column":44}},"14":{"start":{"line":51,"column":4},"end":{"line":51,"column":55}},"15":{"start":{"line":52,"column":4},"end":{"line":52,"column":60}},"16":{"start":{"line":56,"column":0},"end":{"line":56,"column":67}}},"fnMap":{"0":{"name":"(anonymous_0)","decl":{"start":{"line":4,"column":30},"end":{"line":4,"column":31}},"loc":{"start":{"line":4,"column":53},"end":{"line":28,"column":3}},"line":4},"1":{"name":"(anonymous_1)","decl":{"start":{"line":31,"column":31},"end":{"line":31,"column":32}},"loc":{"start":{"line":31,"column":59},"end":{"line":54,"column":1}},"line":31}},"branchMap":{},"s":{"0":2,"1":2,"2":2,"3":0,"4":0,"5":0,"6":0,"7":0,"8":0,"9":2,"10":0,"11":0,"12":0,"13":0,"14":0,"15":0,"16":2},"f":{"0":0,"1":0},"b":{},"_coverageSchema":"1a1c01bbd47fc00a2c39e90264f33305004495a9","hash":"e676007e09fd600d63534e2dd3a1808ef6b12eeb"}
,"F:\\3-brain-cell\\backend\\src\\utils\\errors.js": {"path":"F:\\3-brain-cell\\backend\\src\\utils\\errors.js","statementMap":{"0":{"start":{"line":3,"column":6},"end":{"line":3,"column":21}},"1":{"start":{"line":4,"column":6},"end":{"line":4,"column":35}},"2":{"start":{"line":10,"column":6},"end":{"line":10,"column":26}},"3":{"start":{"line":16,"column":6},"end":{"line":16,"column":26}},"4":{"start":{"line":22,"column":6},"end":{"line":22,"column":26}},"5":{"start":{"line":28,"column":6},"end":{"line":28,"column":26}},"6":{"start":{"line":34,"column":6},"end":{"line":34,"column":21}},"7":{"start":{"line":35,"column":6},"end":{"line":35,"column":36}},"8":{"start":{"line":36,"column":6},"end":{"line":36,"column":28}},"9":{"start":{"line":42,"column":6},"end":{"line":42,"column":26}},"10":{"start":{"line":48,"column":6},"end":{"line":48,"column":26}},"11":{"start":{"line":55,"column":6},"end":{"line":55,"column":26}},"12":{"start":{"line":61,"column":6},"end":{"line":61,"column":26}},"13":{"start":{"line":67,"column":6},"end":{"line":67,"column":26}},"14":{"start":{"line":74,"column":6},"end":{"line":74,"column":26}},"15":{"start":{"line":80,"column":2},"end":{"line":92,"column":4}}},"fnMap":{"0":{"name":"(anonymous_0)","decl":{"start":{"line":2,"column":4},"end":{"line":2,"column":5}},"loc":{"start":{"line":2,"column":37},"end":{"line":5,"column":5}},"line":2},"1":{"name":"(anonymous_1)","decl":{"start":{"line":9,"column":4},"end":{"line":9,"column":5}},"loc":{"start":{"line":9,"column":66},"end":{"line":11,"column":5}},"line":9},"2":{"name":"(anonymous_2)","decl":{"start":{"line":15,"column":4},"end":{"line":15,"column":5}},"loc":{"start":{"line":15,"column":59},"end":{"line":17,"column":5}},"line":15},"3":{"name":"(anonymous_3)","decl":{"start":{"line":21,"column":4},"end":{"line":21,"column":5}},"loc":{"start":{"line":21,"column":50},"end":{"line":23,"column":5}},"line":21},"4":{"name":"(anonymous_4)","decl":{"start":{"line":27,"column":4},"end":{"line":27,"column":5}},"loc":{"start":{"line":27,"column":63},"end":{"line":29,"column":5}},"line":27},"5":{"name":"(anonymous_5)","decl":{"start":{"line":33,"column":4},"end":{"line":33,"column":5}},"loc":{"start":{"line":33,"column":25},"end":{"line":37,"column":5}},"line":33},"6":{"name":"(anonymous_6)","decl":{"start":{"line":41,"column":4},"end":{"line":41,"column":5}},"loc":{"start":{"line":41,"column":60},"end":{"line":43,"column":5}},"line":41},"7":{"name":"(anonymous_7)","decl":{"start":{"line":47,"column":4},"end":{"line":47,"column":5}},"loc":{"start":{"line":47,"column":74},"end":{"line":49,"column":5}},"line":47},"8":{"name":"(anonymous_8)","decl":{"start":{"line":54,"column":4},"end":{"line":54,"column":5}},"loc":{"start":{"line":54,"column":53},"end":{"line":56,"column":5}},"line":54},"9":{"name":"(anonymous_9)","decl":{"start":{"line":60,"column":4},"end":{"line":60,"column":5}},"loc":{"start":{"line":60,"column":63},"end":{"line":62,"column":5}},"line":60},"10":{"name":"(anonymous_10)","decl":{"start":{"line":66,"column":4},"end":{"line":66,"column":5}},"loc":{"start":{"line":66,"column":74},"end":{"line":68,"column":5}},"line":66},"11":{"name":"(anonymous_11)","decl":{"start":{"line":73,"column":4},"end":{"line":73,"column":5}},"loc":{"start":{"line":73,"column":61},"end":{"line":75,"column":5}},"line":73}},"branchMap":{"0":{"loc":{"start":{"line":9,"column":16},"end":{"line":9,"column":64}},"type":"default-arg","locations":[{"start":{"line":9,"column":26},"end":{"line":9,"column":64}}],"line":9},"1":{"loc":{"start":{"line":15,"column":16},"end":{"line":15,"column":57}},"type":"default-arg","locations":[{"start":{"line":15,"column":26},"end":{"line":15,"column":57}}],"line":15},"2":{"loc":{"start":{"line":21,"column":16},"end":{"line":21,"column":48}},"type":"default-arg","locations":[{"start":{"line":21,"column":26},"end":{"line":21,"column":48}}],"line":21},"3":{"loc":{"start":{"line":27,"column":16},"end":{"line":27,"column":61}},"type":"default-arg","locations":[{"start":{"line":27,"column":26},"end":{"line":27,"column":61}}],"line":27},"4":{"loc":{"start":{"line":41,"column":16},"end":{"line":41,"column":58}},"type":"default-arg","locations":[{"start":{"line":41,"column":26},"end":{"line":41,"column":58}}],"line":41},"5":{"loc":{"start":{"line":47,"column":16},"end":{"line":47,"column":72}},"type":"default-arg","locations":[{"start":{"line":47,"column":26},"end":{"line":47,"column":72}}],"line":47},"6":{"loc":{"start":{"line":54,"column":16},"end":{"line":54,"column":51}},"type":"default-arg","locations":[{"start":{"line":54,"column":26},"end":{"line":54,"column":51}}],"line":54},"7":{"loc":{"start":{"line":60,"column":16},"end":{"line":60,"column":61}},"type":"default-arg","locations":[{"start":{"line":60,"column":26},"end":{"line":60,"column":61}}],"line":60},"8":{"loc":{"start":{"line":66,"column":16},"end":{"line":66,"column":72}},"type":"default-arg","locations":[{"start":{"line":66,"column":26},"end":{"line":66,"column":72}}],"line":66},"9":{"loc":{"start":{"line":73,"column":16},"end":{"line":73,"column":59}},"type":"default-arg","locations":[{"start":{"line":73,"column":26},"end":{"line":73,"column":59}}],"line":73}},"s":{"0":22,"1":22,"2":1,"3":5,"4":7,"5":3,"6":1,"7":1,"8":1,"9":1,"10":2,"11":3,"12":0,"13":0,"14":0,"15":13},"f":{"0":22,"1":1,"2":5,"3":7,"4":3,"5":1,"6":1,"7":2,"8":3,"9":0,"10":0,"11":0},"b":{"0":[1],"1":[1],"2":[4],"3":[1],"4":[1],"5":[0],"6":[3],"7":[0],"8":[0],"9":[0]},"_coverageSchema":"1a1c01bbd47fc00a2c39e90264f33305004495a9","hash":"a01f3ea4b59d2b584ce59f51593d75a999e1706f"}
,"F:\\3-brain-cell\\backend\\src\\utils\\rateLimiter.js": {"path":"F:\\3-brain-cell\\backend\\src\\utils\\rateLimiter.js","statementMap":{"0":{"start":{"line":1,"column":18},"end":{"line":1,"column":47}},"1":{"start":{"line":4,"column":23},"end":{"line":8,"column":2}},"2":{"start":{"line":11,"column":21},"end":{"line":15,"column":2}},"3":{"start":{"line":18,"column":28},"end":{"line":22,"column":2}},"4":{"start":{"line":25,"column":0},"end":{"line":29,"column":2}}},"fnMap":{},"branchMap":{},"s":{"0":0,"1":0,"2":0,"3":0,"4":0},"f":{},"b":{}}
,"F:\\3-brain-cell\\backend\\src\\utils\\responseHelper.js": {"path":"F:\\3-brain-cell\\backend\\src\\utils\\responseHelper.js","statementMap":{"0":{"start":{"line":1,"column":28},"end":{"line":7,"column":3}},"1":{"start":{"line":2,"column":4},"end":{"line":6,"column":7}},"2":{"start":{"line":9,"column":28},"end":{"line":14,"column":3}},"3":{"start":{"line":10,"column":4},"end":{"line":13,"column":7}},"4":{"start":{"line":16,"column":2},"end":{"line":16,"column":62}}},"fnMap":{"0":{"name":"(anonymous_0)","decl":{"start":{"line":1,"column":28},"end":{"line":1,"column":29}},"loc":{"start":{"line":1,"column":77},"end":{"line":7,"column":3}},"line":1},"1":{"name":"(anonymous_1)","decl":{"start":{"line":9,"column":28},"end":{"line":9,"column":29}},"loc":{"start":{"line":9,"column":89},"end":{"line":14,"column":3}},"line":9}},"branchMap":{"0":{"loc":{"start":{"line":1,"column":40},"end":{"line":1,"column":72}},"type":"default-arg","locations":[{"start":{"line":1,"column":50},"end":{"line":1,"column":72}}],"line":1},"1":{"loc":{"start":{"line":9,"column":34},"end":{"line":9,"column":66}},"type":"default-arg","locations":[{"start":{"line":9,"column":44},"end":{"line":9,"column":66}}],"line":9},"2":{"loc":{"start":{"line":9,"column":68},"end":{"line":9,"column":84}},"type":"default-arg","locations":[{"start":{"line":9,"column":81},"end":{"line":9,"column":84}}],"line":9}},"s":{"0":6,"1":1,"2":6,"3":2,"4":6},"f":{"0":1,"1":2},"b":{"0":[0],"1":[0],"2":[1]},"_coverageSchema":"1a1c01bbd47fc00a2c39e90264f33305004495a9","hash":"ab54a99ed5e532cfec7d7700afb758309f676a62"}
,"F:\\3-brain-cell\\backend\\src\\validation\\authValidation.js": {"path":"F:\\3-brain-cell\\backend\\src\\validation\\authValidation.js","statementMap":{"0":{"start":{"line":1,"column":12},"end":{"line":1,"column":26}},"1":{"start":{"line":3,"column":31},"end":{"line":10,"column":2}},"2":{"start":{"line":12,"column":24},"end":{"line":15,"column":2}},"3":{"start":{"line":17,"column":28},"end":{"line":22,"column":2}},"4":{"start":{"line":24,"column":0},"end":{"line":24,"column":82}}},"fnMap":{},"branchMap":{},"s":{"0":0,"1":0,"2":0,"3":0,"4":0},"f":{},"b":{}}
,"F:\\3-brain-cell\\backend\\src\\validation\\coordinatorValidation.js": {"path":"F:\\3-brain-cell\\backend\\src\\validation\\coordinatorValidation.js","statementMap":{"0":{"start":{"line":1,"column":12},"end":{"line":1,"column":26}},"1":{"start":{"line":3,"column":29},"end":{"line":11,"column":2}},"2":{"start":{"line":13,"column":29},"end":{"line":20,"column":2}},"3":{"start":{"line":22,"column":36},"end":{"line":24,"column":2}},"4":{"start":{"line":27,"column":35},"end":{"line":32,"column":2}},"5":{"start":{"line":34,"column":25},"end":{"line":38,"column":2}},"6":{"start":{"line":40,"column":36},"end":{"line":43,"column":2}},"7":{"start":{"line":46,"column":0},"end":{"line":53,"column":2}}},"fnMap":{},"branchMap":{},"s":{"0":0,"1":0,"2":0,"3":0,"4":0,"5":0,"6":0,"7":0},"f":{},"b":{}}
,"F:\\3-brain-cell\\backend\\src\\validation\\organizationValidation.js": {"path":"F:\\3-brain-cell\\backend\\src\\validation\\organizationValidation.js","statementMap":{"0":{"start":{"line":1,"column":12},"end":{"line":1,"column":26}},"1":{"start":{"line":3,"column":38},"end":{"line":5,"column":2}},"2":{"start":{"line":7,"column":25},"end":{"line":12,"column":2}},"3":{"start":{"line":14,"column":32},"end":{"line":34,"column":2}},"4":{"start":{"line":37,"column":0},"end":{"line":41,"column":2}}},"fnMap":{},"branchMap":{},"s":{"0":0,"1":0,"2":0,"3":0,"4":0},"f":{},"b":{}}
,"F:\\3-brain-cell\\backend\\src\\validation\\profileValidation.js": {"path":"F:\\3-brain-cell\\backend\\src\\validation\\profileValidation.js","statementMap":{"0":{"start":{"line":1,"column":12},"end":{"line":1,"column":26}},"1":{"start":{"line":2,"column":28},"end":{"line":2,"column":54}},"2":{"start":{"line":5,"column":30},"end":{"line":49,"column":1}},"3":{"start":{"line":8,"column":2},"end":{"line":43,"column":3}},"4":{"start":{"line":9,"column":4},"end":{"line":12,"column":7}},"5":{"start":{"line":13,"column":9},"end":{"line":43,"column":3}},"6":{"start":{"line":14,"column":4},"end":{"line":30,"column":7}},"7":{"start":{"line":31,"column":9},"end":{"line":43,"column":3}},"8":{"start":{"line":32,"column":4},"end":{"line":40,"column":7}},"9":{"start":{"line":42,"column":4},"end":{"line":42,"column":46}},"10":{"start":{"line":45,"column":20},"end":{"line":45,"column":48}},"11":{"start":{"line":46,"column":2},"end":{"line":48,"column":3}},"12":{"start":{"line":47,"column":4},"end":{"line":47,"column":56}},"13":{"start":{"line":51,"column":0},"end":{"line":51,"column":41}}},"fnMap":{"0":{"name":"(anonymous_0)","decl":{"start":{"line":5,"column":30},"end":{"line":5,"column":31}},"loc":{"start":{"line":5,"column":59},"end":{"line":49,"column":1}},"line":5}},"branchMap":{"0":{"loc":{"start":{"line":8,"column":2},"end":{"line":43,"column":3}},"type":"if","locations":[{"start":{"line":8,"column":2},"end":{"line":43,"column":3}},{"start":{"line":13,"column":9},"end":{"line":43,"column":3}}],"line":8},"1":{"loc":{"start":{"line":13,"column":9},"end":{"line":43,"column":3}},"type":"if","locations":[{"start":{"line":13,"column":9},"end":{"line":43,"column":3}},{"start":{"line":31,"column":9},"end":{"line":43,"column":3}}],"line":13},"2":{"loc":{"start":{"line":31,"column":9},"end":{"line":43,"column":3}},"type":"if","locations":[{"start":{"line":31,"column":9},"end":{"line":43,"column":3}},{"start":{"line":41,"column":9},"end":{"line":43,"column":3}}],"line":31},"3":{"loc":{"start":{"line":46,"column":2},"end":{"line":48,"column":3}},"type":"if","locations":[{"start":{"line":46,"column":2},"end":{"line":48,"column":3}},{"start":{},"end":{}}],"line":46}},"s":{"0":2,"1":2,"2":2,"3":0,"4":0,"5":0,"6":0,"7":0,"8":0,"9":0,"10":0,"11":0,"12":0,"13":2},"f":{"0":0},"b":{"0":[0,0],"1":[0,0],"2":[0,0],"3":[0,0]},"_coverageSchema":"1a1c01bbd47fc00a2c39e90264f33305004495a9","hash":"6007bc35d32e3de63d0f6952a54d46b1de54abe5"}
,"F:\\3-brain-cell\\backend\\src\\validation\\userValidation.js": {"path":"F:\\3-brain-cell\\backend\\src\\validation\\userValidation.js","statementMap":{"0":{"start":{"line":1,"column":12},"end":{"line":1,"column":26}},"1":{"start":{"line":3,"column":25},"end":{"line":5,"column":2}},"2":{"start":{"line":7,"column":0},"end":{"line":9,"column":1}}},"fnMap":{},"branchMap":{},"s":{"0":1,"1":1,"2":1},"f":{},"b":{},"_coverageSchema":"1a1c01bbd47fc00a2c39e90264f33305004495a9","hash":"eb82fd989926156f8a131011ced3ee7cd9bc67f1"}
}
