TN:
SF:src/index.js
FN:42,(anonymous_0)
FN:49,(anonymous_1)
FN:53,(anonymous_2)
FNF:3
FNH:0
FNDA:0,(anonymous_0)
FNDA:0,(anonymous_1)
FNDA:0,(anonymous_2)
DA:1,0
DA:2,0
DA:3,0
DA:4,0
DA:5,0
DA:6,0
DA:7,0
DA:10,0
DA:11,0
DA:12,0
DA:13,0
DA:14,0
DA:15,0
DA:18,0
DA:19,0
DA:21,0
DA:22,0
DA:30,0
DA:31,0
DA:33,0
DA:34,0
DA:35,0
DA:36,0
DA:37,0
DA:38,0
DA:41,0
DA:43,0
DA:44,0
DA:49,0
DA:50,0
DA:53,0
LF:31
LH:0
BRF:0
BRH:0
end_of_record
TN:
SF:src/config/database.js
FNF:0
FNH:0
DA:1,10
DA:2,10
DA:3,10
DA:4,10
DA:5,10
DA:6,10
DA:7,10
DA:8,10
DA:9,10
DA:10,10
DA:11,10
DA:14,10
DA:36,10
LF:13
LH:13
BRF:0
BRH:0
end_of_record
TN:
SF:src/config/env.js
FNF:0
FNH:0
DA:1,15
DA:3,15
DA:26,15
LF:3
LH:3
BRF:0
BRH:0
end_of_record
TN:
SF:src/config/jwtConfig.js
FNF:0
FNH:0
DA:1,2
LF:1
LH:1
BRF:0
BRH:0
end_of_record
TN:
SF:src/controllers/authController.js
FN:6,(anonymous_0)
FN:20,(anonymous_1)
FN:34,(anonymous_2)
FN:48,(anonymous_3)
FN:63,(anonymous_4)
FNF:5
FNH:4
FNDA:0,(anonymous_0)
FNDA:3,(anonymous_1)
FNDA:3,(anonymous_2)
FNDA:3,(anonymous_3)
FNDA:3,(anonymous_4)
DA:1,1
DA:2,1
DA:3,1
DA:6,1
DA:7,0
DA:8,0
DA:9,0
DA:11,0
DA:12,0
DA:14,0
DA:20,1
DA:21,3
DA:22,3
DA:23,1
DA:25,2
DA:26,1
DA:28,1
DA:34,1
DA:35,3
DA:36,3
DA:37,1
DA:39,2
DA:40,1
DA:42,1
DA:48,1
DA:49,3
DA:50,3
DA:51,3
DA:52,1
DA:54,2
DA:55,1
DA:57,1
DA:63,1
DA:64,3
DA:65,3
DA:66,3
DA:67,1
DA:69,2
DA:70,1
DA:72,1
DA:77,1
LF:41
LH:35
BRDA:11,0,0,0
BRDA:11,0,1,0
BRDA:11,1,0,0
BRDA:11,1,1,0
BRDA:25,2,0,1
BRDA:25,2,1,1
BRDA:39,3,0,1
BRDA:39,3,1,1
BRDA:54,4,0,1
BRDA:54,4,1,1
BRDA:54,5,0,2
BRDA:54,5,1,1
BRDA:69,6,0,1
BRDA:69,6,1,1
BRF:14
BRH:10
end_of_record
TN:
SF:src/controllers/coordinatorController.js
FN:4,(anonymous_0)
FN:14,(anonymous_1)
FN:26,(anonymous_2)
FN:37,(anonymous_3)
FN:48,(anonymous_4)
FN:61,(anonymous_5)
FN:79,(anonymous_6)
FN:90,(anonymous_7)
FN:102,(anonymous_8)
FN:118,(anonymous_9)
FN:129,(anonymous_10)
FN:140,(anonymous_11)
FN:151,(anonymous_12)
FNF:13
FNH:13
FNDA:2,(anonymous_0)
FNDA:2,(anonymous_1)
FNDA:2,(anonymous_2)
FNDA:2,(anonymous_3)
FNDA:2,(anonymous_4)
FNDA:3,(anonymous_5)
FNDA:2,(anonymous_6)
FNDA:2,(anonymous_7)
FNDA:2,(anonymous_8)
FNDA:2,(anonymous_9)
FNDA:2,(anonymous_10)
FNDA:2,(anonymous_11)
FNDA:2,(anonymous_12)
DA:1,1
DA:2,1
DA:4,1
DA:5,2
DA:6,2
DA:7,2
DA:8,1
DA:10,1
DA:14,1
DA:15,2
DA:16,2
DA:17,2
DA:18,2
DA:19,2
DA:20,1
DA:22,1
DA:26,1
DA:27,2
DA:28,2
DA:29,2
DA:30,2
DA:31,1
DA:33,1
DA:37,1
DA:38,2
DA:39,2
DA:40,2
DA:41,2
DA:42,1
DA:44,1
DA:48,1
DA:49,2
DA:50,2
DA:51,2
DA:53,2
DA:55,1
DA:57,1
DA:61,1
DA:62,3
DA:63,3
DA:64,3
DA:65,3
DA:67,2
DA:68,1
DA:69,1
DA:70,1
DA:74,1
DA:79,1
DA:80,2
DA:81,2
DA:82,2
DA:83,2
DA:84,1
DA:86,1
DA:90,1
DA:91,2
DA:92,2
DA:93,2
DA:94,2
DA:95,2
DA:96,1
DA:98,1
DA:102,1
DA:103,2
DA:104,2
DA:105,2
DA:107,2
DA:108,0
DA:111,2
DA:112,1
DA:114,1
DA:118,1
DA:119,2
DA:120,2
DA:121,2
DA:122,2
DA:123,1
DA:125,1
DA:129,1
DA:130,2
DA:131,2
DA:132,2
DA:133,1
DA:135,1
DA:140,1
DA:141,2
DA:142,2
DA:143,2
DA:144,1
DA:146,1
DA:151,1
DA:152,2
DA:153,2
DA:154,1
DA:156,1
DA:160,1
LF:96
LH:95
BRDA:10,0,0,1
BRDA:10,0,1,0
BRDA:10,1,0,1
BRDA:10,1,1,0
BRDA:22,2,0,1
BRDA:22,2,1,0
BRDA:33,3,0,1
BRDA:33,3,1,0
BRDA:39,4,0,0
BRDA:39,5,0,0
BRDA:44,6,0,1
BRDA:44,6,1,0
BRDA:44,7,0,1
BRDA:44,7,1,0
BRDA:57,8,0,1
BRDA:57,8,1,0
BRDA:57,9,0,1
BRDA:57,9,1,0
BRDA:67,10,0,1
BRDA:67,10,1,1
BRDA:69,11,0,1
BRDA:69,11,1,0
BRDA:74,12,0,1
BRDA:74,12,1,0
BRDA:74,13,0,1
BRDA:74,13,1,0
BRDA:81,14,0,0
BRDA:81,15,0,0
BRDA:86,16,0,1
BRDA:86,16,1,0
BRDA:86,17,0,1
BRDA:86,17,1,0
BRDA:93,18,0,0
BRDA:93,19,0,0
BRDA:98,20,0,1
BRDA:98,20,1,0
BRDA:98,21,0,1
BRDA:98,21,1,0
BRDA:107,22,0,0
BRDA:107,22,1,2
BRDA:114,23,0,1
BRDA:114,23,1,0
BRDA:114,24,0,1
BRDA:114,24,1,0
BRDA:125,25,0,1
BRDA:125,25,1,0
BRDA:135,26,0,1
BRDA:135,26,1,0
BRDA:146,27,0,1
BRDA:146,27,1,0
BRDA:146,28,0,1
BRDA:146,28,1,0
BRDA:156,29,0,1
BRDA:156,29,1,0
BRDA:156,30,0,1
BRDA:156,30,1,0
BRF:56
BRH:26
end_of_record
TN:
SF:src/controllers/organizationController.js
FN:5,(anonymous_0)
FN:19,(anonymous_1)
FN:31,(anonymous_2)
FN:46,(anonymous_3)
FN:61,(anonymous_4)
FN:73,(anonymous_5)
FN:88,(anonymous_6)
FNF:7
FNH:7
FNDA:2,(anonymous_0)
FNDA:2,(anonymous_1)
FNDA:2,(anonymous_2)
FNDA:2,(anonymous_3)
FNDA:2,(anonymous_4)
FNDA:2,(anonymous_5)
FNDA:2,(anonymous_6)
DA:1,1
DA:2,1
DA:5,1
DA:6,2
DA:7,2
DA:8,2
DA:10,2
DA:11,1
DA:13,1
DA:14,1
DA:19,1
DA:20,2
DA:21,2
DA:22,2
DA:23,1
DA:25,1
DA:26,1
DA:31,1
DA:32,2
DA:33,2
DA:34,2
DA:35,2
DA:36,2
DA:37,1
DA:39,1
DA:40,1
DA:46,1
DA:47,2
DA:48,2
DA:49,2
DA:50,2
DA:51,2
DA:52,1
DA:54,1
DA:55,1
DA:61,1
DA:62,2
DA:63,2
DA:64,2
DA:65,1
DA:67,1
DA:73,1
DA:74,2
DA:75,2
DA:76,2
DA:77,2
DA:78,2
DA:79,1
DA:81,1
DA:82,1
DA:88,1
DA:89,2
DA:90,2
DA:91,2
DA:92,2
DA:93,1
DA:95,1
DA:96,1
DA:100,1
LF:59
LH:59
BRDA:14,0,0,1
BRDA:14,0,1,0
BRDA:14,1,0,1
BRDA:14,1,1,0
BRDA:26,2,0,1
BRDA:26,2,1,0
BRDA:26,3,0,1
BRDA:26,3,1,0
BRDA:34,4,0,0
BRDA:34,5,0,0
BRDA:40,6,0,1
BRDA:40,6,1,0
BRDA:40,7,0,1
BRDA:40,7,1,0
BRDA:49,8,0,0
BRDA:49,9,0,0
BRDA:55,10,0,1
BRDA:55,10,1,0
BRDA:55,11,0,1
BRDA:55,11,1,0
BRDA:67,12,0,1
BRDA:67,12,1,0
BRDA:67,13,0,1
BRDA:67,13,1,0
BRDA:76,14,0,0
BRDA:76,15,0,0
BRDA:82,16,0,1
BRDA:82,16,1,0
BRDA:82,17,0,1
BRDA:82,17,1,0
BRDA:96,18,0,1
BRDA:96,18,1,0
BRDA:96,19,0,1
BRDA:96,19,1,0
BRF:34
BRH:14
end_of_record
TN:
SF:src/controllers/profileController.js
FN:6,(anonymous_0)
FNF:1
FNH:1
FNDA:5,(anonymous_0)
DA:1,1
DA:2,1
DA:3,1
DA:4,1
DA:6,1
DA:7,5
DA:8,5
DA:10,4
DA:11,4
DA:13,4
DA:14,4
DA:16,4
DA:18,1
DA:20,3
DA:21,1
DA:22,2
DA:23,1
DA:25,1
DA:26,1
DA:31,1
LF:20
LH:20
BRDA:8,0,0,1
BRDA:8,0,1,4
BRDA:20,1,0,1
BRDA:20,1,1,2
BRDA:22,2,0,1
BRDA:22,2,1,1
BRF:6
BRH:6
end_of_record
TN:
SF:src/controllers/userController.js
FN:5,(anonymous_0)
FN:18,(anonymous_1)
FN:32,(anonymous_2)
FN:45,(anonymous_3)
FN:61,(anonymous_4)
FNF:5
FNH:3
FNDA:2,(anonymous_0)
FNDA:2,(anonymous_1)
FNDA:2,(anonymous_2)
FNDA:0,(anonymous_3)
FNDA:0,(anonymous_4)
DA:1,1
DA:2,1
DA:3,1
DA:5,1
DA:6,2
DA:7,2
DA:8,2
DA:10,1
DA:12,1
DA:13,1
DA:18,1
DA:19,2
DA:20,2
DA:21,2
DA:22,2
DA:23,1
DA:25,1
DA:26,1
DA:32,1
DA:33,2
DA:34,2
DA:35,2
DA:36,2
DA:37,2
DA:38,1
DA:40,1
DA:45,1
DA:46,0
DA:47,0
DA:48,0
DA:49,0
DA:52,0
DA:53,0
DA:54,0
DA:56,0
DA:61,1
DA:62,0
DA:63,0
DA:64,0
DA:65,0
DA:67,0
DA:71,1
LF:42
LH:29
BRDA:13,0,0,1
BRDA:13,0,1,0
BRDA:13,1,0,1
BRDA:13,1,1,0
BRDA:20,2,0,0
BRDA:20,3,0,0
BRDA:26,4,0,1
BRDA:26,4,1,0
BRDA:26,5,0,1
BRDA:26,5,1,0
BRDA:35,6,0,0
BRDA:35,7,0,0
BRDA:40,8,0,1
BRDA:40,8,1,0
BRDA:40,9,0,1
BRDA:40,9,1,0
BRDA:48,10,0,0
BRDA:48,10,1,0
BRDA:56,11,0,0
BRDA:56,11,1,0
BRDA:67,12,0,0
BRDA:67,12,1,0
BRF:22
BRH:6
end_of_record
TN:
SF:src/controllers/volunteerController.js
FN:5,(anonymous_0)
FN:17,(anonymous_1)
FN:31,(anonymous_2)
FN:44,(anonymous_3)
FNF:4
FNH:4
FNDA:2,(anonymous_0)
FNDA:2,(anonymous_1)
FNDA:2,(anonymous_2)
FNDA:2,(anonymous_3)
DA:1,1
DA:2,1
DA:5,1
DA:6,2
DA:7,2
DA:8,2
DA:9,2
DA:10,1
DA:12,1
DA:17,1
DA:18,2
DA:19,2
DA:20,2
DA:21,2
DA:22,2
DA:23,1
DA:25,1
DA:26,1
DA:31,1
DA:32,2
DA:33,2
DA:34,2
DA:35,2
DA:36,1
DA:38,1
DA:39,1
DA:44,1
DA:45,2
DA:46,2
DA:47,2
DA:48,1
DA:50,1
DA:54,1
LF:33
LH:33
BRDA:12,0,0,1
BRDA:12,0,1,0
BRDA:12,1,0,1
BRDA:12,1,1,0
BRDA:20,2,0,0
BRDA:20,3,0,0
BRDA:26,4,0,1
BRDA:26,4,1,0
BRDA:26,5,0,1
BRDA:26,5,1,0
BRDA:33,6,0,0
BRDA:33,7,0,0
BRDA:39,8,0,1
BRDA:39,8,1,0
BRDA:39,9,0,1
BRDA:39,9,1,0
BRDA:50,10,0,1
BRDA:50,10,1,0
BRDA:50,11,0,1
BRDA:50,11,1,0
BRF:20
BRH:8
end_of_record
TN:
SF:src/middlewares/authMiddleware.js
FN:6,(anonymous_0)
FN:41,(anonymous_1)
FN:42,(anonymous_2)
FNF:3
FNH:3
FNDA:4,(anonymous_0)
FNDA:2,(anonymous_1)
FNDA:2,(anonymous_2)
DA:1,1
DA:2,1
DA:3,1
DA:4,1
DA:6,1
DA:7,4
DA:8,4
DA:9,4
DA:10,1
DA:13,3
DA:15,2
DA:16,2
DA:21,2
DA:22,1
DA:25,1
DA:34,1
DA:36,1
DA:37,1
DA:41,1
DA:42,2
DA:43,2
DA:44,1
DA:46,1
DA:50,1
LF:24
LH:24
BRDA:9,0,0,1
BRDA:9,0,1,3
BRDA:21,1,0,1
BRDA:21,1,1,1
BRDA:29,2,0,1
BRDA:29,2,1,0
BRDA:30,3,0,1
BRDA:30,3,1,0
BRDA:31,4,0,1
BRDA:31,4,1,0
BRDA:43,5,0,1
BRDA:43,5,1,1
BRDA:43,6,0,2
BRDA:43,6,1,2
BRF:14
BRH:11
end_of_record
TN:
SF:src/middlewares/validationMiddleware.js
FN:1,(anonymous_0)
FN:2,(anonymous_1)
FNF:2
FNH:2
FNDA:4,(anonymous_0)
FNDA:4,(anonymous_1)
DA:1,1
DA:2,4
DA:3,4
DA:4,4
DA:5,3
DA:7,1
DA:11,1
LF:7
LH:7
BRDA:4,0,0,3
BRDA:4,0,1,1
BRF:2
BRH:2
end_of_record
TN:
SF:src/models/Coordinator.js
FNF:0
FNH:0
DA:1,12
DA:3,12
DA:57,12
LF:3
LH:3
BRF:0
BRH:0
end_of_record
TN:
SF:src/models/DailyReport.js
FN:14,(anonymous_0)
FN:49,(anonymous_1)
FNF:2
FNH:0
FNDA:0,(anonymous_0)
FNDA:0,(anonymous_1)
DA:1,13
DA:3,13
DA:14,0
DA:49,0
DA:68,13
LF:5
LH:3
BRF:0
BRH:0
end_of_record
TN:
SF:src/models/Disaster.js
FN:51,(anonymous_0)
FNF:1
FNH:0
FNDA:0,(anonymous_0)
DA:1,13
DA:3,13
DA:51,0
DA:76,13
LF:4
LH:3
BRF:0
BRH:0
end_of_record
TN:
SF:src/models/Notification.js
FN:25,(anonymous_0)
FNF:1
FNH:0
FNDA:0,(anonymous_0)
DA:1,11
DA:3,11
DA:25,0
LF:3
LH:2
BRF:0
BRH:0
end_of_record
TN:
SF:src/models/Organization.js
FNF:0
FNH:0
DA:1,13
DA:3,13
DA:89,13
LF:3
LH:3
BRF:0
BRH:0
end_of_record
TN:
SF:src/models/Team.js
FN:30,(anonymous_0)
FNF:1
FNH:0
FNDA:0,(anonymous_0)
DA:1,14
DA:3,14
DA:30,0
DA:64,14
LF:4
LH:3
BRF:0
BRH:0
end_of_record
TN:
SF:src/models/User.js
FN:52,(anonymous_0)
FNF:1
FNH:0
FNDA:0,(anonymous_0)
DA:1,14
DA:3,14
DA:52,0
DA:75,14
LF:4
LH:3
BRF:0
BRH:0
end_of_record
TN:
SF:src/models/Volunteer.js
FNF:0
FNH:0
DA:1,12
DA:3,12
DA:47,12
LF:3
LH:3
BRF:0
BRH:0
end_of_record
TN:
SF:src/models/VolunteerApplication.js
FN:19,(anonymous_0)
FNF:1
FNH:0
FNDA:0,(anonymous_0)
DA:1,12
DA:3,12
DA:19,0
DA:38,12
LF:4
LH:3
BRF:0
BRH:0
end_of_record
TN:
SF:src/repositories/formalDailyReportRepository.js
FN:1,(anonymous_0)
FN:20,(anonymous_1)
FN:51,(anonymous_2)
FNF:3
FNH:3
FNDA:5,(anonymous_0)
FNDA:5,(anonymous_1)
FNDA:20,(anonymous_2)
DA:1,3
DA:2,5
DA:9,5
DA:10,1
DA:14,5
DA:15,1
DA:19,5
DA:20,5
DA:21,5
DA:22,3
DA:26,5
DA:27,2
DA:34,5
DA:35,5
DA:36,5
DA:37,5
DA:39,5
DA:40,2
DA:43,2
DA:50,5
DA:51,5
DA:52,20
DA:53,6
DA:57,5
DA:58,2
DA:61,5
DA:65,3
LF:27
LH:27
BRDA:9,0,0,1
BRDA:9,0,1,4
BRDA:14,1,0,1
BRDA:14,1,1,4
BRDA:21,2,0,3
BRDA:21,2,1,2
BRDA:26,3,0,2
BRDA:26,3,1,3
BRDA:35,4,0,2
BRDA:35,4,1,3
BRDA:36,5,0,1
BRDA:36,5,1,4
BRDA:37,6,0,2
BRDA:37,6,1,3
BRDA:39,7,0,2
BRDA:39,7,1,3
BRDA:40,8,0,2
BRDA:40,8,1,0
BRDA:41,9,0,2
BRDA:41,9,1,1
BRDA:42,10,0,2
BRDA:42,10,1,0
BRDA:52,11,0,6
BRDA:52,11,1,14
BRDA:57,12,0,2
BRDA:57,12,1,3
BRF:26
BRH:24
end_of_record
TN:
SF:src/repositories/reportRepository.js
FN:5,(anonymous_0)
FN:85,(anonymous_1)
FN:167,(anonymous_2)
FNF:3
FNH:0
FNDA:0,(anonymous_0)
FNDA:0,(anonymous_1)
FNDA:0,(anonymous_2)
DA:1,0
DA:2,0
DA:6,0
DA:9,0
DA:14,0
DA:15,0
DA:51,0
DA:52,0
DA:53,0
DA:56,0
DA:57,0
DA:58,0
DA:59,0
DA:60,0
DA:61,0
DA:62,0
DA:63,0
DA:64,0
DA:65,0
DA:68,0
DA:69,0
DA:70,0
DA:73,0
DA:74,0
DA:75,0
DA:76,0
DA:79,0
DA:82,0
DA:85,0
DA:86,0
DA:87,0
DA:91,0
DA:94,0
DA:95,0
DA:96,0
DA:97,0
DA:98,0
DA:99,0
DA:100,0
DA:101,0
DA:102,0
DA:103,0
DA:106,0
DA:107,0
DA:108,0
DA:111,0
DA:112,0
DA:113,0
DA:114,0
DA:118,0
DA:129,0
DA:132,0
DA:137,0
DA:141,0
DA:143,0
DA:144,0
DA:153,0
DA:154,0
DA:155,0
DA:159,0
DA:167,0
DA:168,0
DA:172,0
DA:209,0
LF:64
LH:0
BRDA:14,0,0,0
BRDA:14,0,1,0
BRDA:14,1,0,0
BRDA:14,1,1,0
BRDA:86,2,0,0
BRDA:86,2,1,0
BRDA:91,3,0,0
BRDA:91,3,1,0
BRDA:94,4,0,0
BRDA:94,4,1,0
BRDA:95,5,0,0
BRDA:95,5,1,0
BRDA:96,6,0,0
BRDA:96,6,1,0
BRDA:97,7,0,0
BRDA:97,7,1,0
BRDA:98,8,0,0
BRDA:98,8,1,0
BRDA:99,9,0,0
BRDA:99,9,1,0
BRDA:100,10,0,0
BRDA:100,10,1,0
BRDA:101,11,0,0
BRDA:101,11,1,0
BRDA:102,12,0,0
BRDA:102,12,1,0
BRDA:103,13,0,0
BRDA:103,13,1,0
BRDA:106,14,0,0
BRDA:106,14,1,0
BRDA:107,15,0,0
BRDA:107,15,1,0
BRDA:108,16,0,0
BRDA:108,16,1,0
BRDA:111,17,0,0
BRDA:111,17,1,0
BRDA:112,18,0,0
BRDA:112,18,1,0
BRDA:113,19,0,0
BRDA:113,19,1,0
BRDA:114,20,0,0
BRDA:114,20,1,0
BRDA:118,21,0,0
BRDA:118,21,1,0
BRDA:119,22,0,0
BRDA:119,22,1,0
BRDA:120,23,0,0
BRDA:120,23,1,0
BRDA:121,24,0,0
BRDA:121,24,1,0
BRDA:122,25,0,0
BRDA:122,25,1,0
BRDA:123,26,0,0
BRDA:123,26,1,0
BRDA:124,27,0,0
BRDA:124,27,1,0
BRDA:125,28,0,0
BRDA:125,28,1,0
BRDA:126,29,0,0
BRDA:126,29,1,0
BRDA:127,30,0,0
BRDA:127,30,1,0
BRDA:132,31,0,0
BRDA:132,31,1,0
BRDA:133,32,0,0
BRDA:133,32,1,0
BRDA:134,33,0,0
BRDA:134,33,1,0
BRDA:135,34,0,0
BRDA:135,34,1,0
BRDA:143,35,0,0
BRDA:143,35,1,0
BRDA:153,36,0,0
BRDA:153,36,1,0
BRDA:154,37,0,0
BRDA:154,37,1,0
BRDA:156,38,0,0
BRDA:156,38,1,0
BRDA:157,39,0,0
BRDA:157,39,1,0
BRDA:158,40,0,0
BRDA:158,40,1,0
BRDA:160,41,0,0
BRDA:160,41,1,0
BRDA:161,42,0,0
BRDA:161,42,1,0
BRDA:162,43,0,0
BRDA:162,43,1,0
BRDA:163,44,0,0
BRDA:163,44,1,0
BRF:90
BRH:0
end_of_record
TN:
SF:src/repositories/teamCreationRepository.js
FN:1,(anonymous_0)
FN:4,(anonymous_1)
FN:12,(anonymous_2)
FN:17,(anonymous_3)
FN:21,(anonymous_4)
FN:23,(anonymous_5)
FNF:6
FNH:6
FNDA:4,(anonymous_0)
FNDA:2,(anonymous_1)
FNDA:3,(anonymous_2)
FNDA:1,(anonymous_3)
FNDA:3,(anonymous_4)
FNDA:4,(anonymous_5)
DA:1,2
DA:2,4
DA:3,2
DA:4,2
DA:6,2
DA:7,1
DA:9,1
DA:12,3
DA:13,2
DA:14,1
DA:17,1
DA:21,2
DA:22,3
DA:24,4
DA:29,4
DA:30,1
DA:33,3
DA:34,1
DA:37,2
DA:40,1
DA:44,2
LF:21
LH:21
BRDA:2,0,0,2
BRDA:2,0,1,2
BRDA:4,1,0,2
BRDA:4,1,1,2
BRDA:6,2,0,1
BRDA:6,2,1,1
BRDA:13,3,0,1
BRDA:13,3,1,1
BRDA:29,4,0,1
BRDA:29,4,1,3
BRDA:33,5,0,1
BRDA:33,5,1,2
BRDA:33,6,0,3
BRDA:33,6,1,3
BRF:14
BRH:14
end_of_record
TN:
SF:src/routes/authRoutes.js
FNF:0
FNH:0
DA:1,0
DA:2,0
DA:3,0
DA:4,0
DA:5,0
DA:8,0
DA:10,0
DA:11,0
DA:13,0
DA:15,0
DA:16,0
DA:18,0
LF:12
LH:0
BRF:0
BRH:0
end_of_record
TN:
SF:src/routes/coordinatorRoutes.js
FNF:0
FNH:0
DA:1,0
DA:2,0
DA:3,0
DA:6,0
DA:14,0
DA:30,0
DA:32,0
DA:35,0
DA:36,0
DA:38,0
DA:41,0
DA:43,0
DA:45,0
DA:47,0
DA:49,0
DA:51,0
DA:53,0
DA:55,0
DA:57,0
DA:59,0
DA:61,0
DA:63,0
DA:65,0
DA:67,0
LF:24
LH:0
BRF:0
BRH:0
end_of_record
TN:
SF:src/routes/organizationRoutes.js
FNF:0
FNH:0
DA:1,0
DA:10,0
DA:11,0
DA:12,0
DA:13,0
DA:18,0
DA:20,0
DA:22,0
DA:23,0
DA:25,0
DA:27,0
DA:29,0
DA:31,0
DA:33,0
DA:35,0
DA:37,0
DA:39,0
DA:41,0
LF:18
LH:0
BRF:0
BRH:0
end_of_record
TN:
SF:src/routes/profileRoutes.js
FNF:0
FNH:0
DA:1,0
DA:2,0
DA:3,0
DA:4,0
DA:6,0
DA:7,0
DA:9,0
DA:11,0
LF:8
LH:0
BRF:0
BRH:0
end_of_record
TN:
SF:src/routes/userRoutes.js
FNF:0
FNH:0
DA:1,0
DA:2,0
DA:9,0
DA:10,0
DA:12,0
DA:15,0
DA:17,0
DA:19,0
DA:21,0
DA:23,0
DA:25,0
LF:11
LH:0
BRF:0
BRH:0
end_of_record
TN:
SF:src/routes/volunteerRoutes.js
FNF:0
FNH:0
DA:1,0
DA:7,0
DA:8,0
DA:9,0
DA:11,0
DA:13,0
DA:14,0
DA:16,0
DA:18,0
DA:20,0
DA:22,0
DA:24,0
DA:26,0
LF:13
LH:0
BRF:0
BRH:0
end_of_record
TN:
SF:src/services/authService.js
FN:10,(anonymous_0)
FN:29,(anonymous_1)
FN:47,(anonymous_2)
FN:63,(anonymous_3)
FN:81,(anonymous_4)
FNF:5
FNH:5
FNDA:2,(anonymous_0)
FNDA:2,(anonymous_1)
FNDA:2,(anonymous_2)
FNDA:3,(anonymous_3)
FNDA:6,(anonymous_4)
DA:1,2
DA:2,2
DA:3,2
DA:4,2
DA:5,2
DA:6,2
DA:7,2
DA:8,2
DA:10,2
DA:11,2
DA:13,2
DA:14,2
DA:16,1
DA:17,1
DA:19,1
DA:23,1
DA:25,1
DA:29,2
DA:30,2
DA:32,2
DA:33,2
DA:34,1
DA:37,1
DA:43,1
DA:47,2
DA:48,2
DA:49,2
DA:51,1
DA:52,1
DA:54,1
DA:55,1
DA:57,1
DA:59,1
DA:63,2
DA:64,3
DA:65,3
DA:67,2
DA:68,1
DA:71,1
DA:72,1
DA:73,1
DA:75,1
DA:77,1
DA:81,2
DA:82,6
DA:83,6
DA:85,5
DA:86,1
DA:89,4
DA:90,1
DA:93,3
DA:94,3
DA:96,2
DA:97,1
DA:100,1
DA:101,1
DA:102,1
DA:104,1
DA:108,2
LF:59
LH:59
BRDA:14,0,0,1
BRDA:14,0,1,1
BRDA:33,1,0,1
BRDA:33,1,1,1
BRDA:33,2,0,2
BRDA:33,2,1,1
BRDA:49,3,0,1
BRDA:49,3,1,1
BRDA:65,4,0,1
BRDA:65,4,1,2
BRDA:67,5,0,1
BRDA:67,5,1,1
BRDA:83,6,0,1
BRDA:83,6,1,5
BRDA:85,7,0,1
BRDA:85,7,1,4
BRDA:85,8,0,5
BRDA:85,8,1,4
BRDA:89,9,0,1
BRDA:89,9,1,3
BRDA:94,10,0,1
BRDA:94,10,1,2
BRDA:96,11,0,1
BRDA:96,11,1,1
BRF:24
BRH:24
end_of_record
TN:
SF:src/services/coordinatorService.js
FN:17,(anonymous_0)
FN:41,(anonymous_1)
FN:56,(anonymous_2)
FN:73,(anonymous_3)
FN:88,(anonymous_4)
FN:96,(anonymous_5)
FN:98,(anonymous_6)
FN:118,(anonymous_7)
FN:143,(anonymous_8)
FN:149,(anonymous_9)
FN:163,(anonymous_10)
FN:174,(anonymous_11)
FN:184,(anonymous_12)
FN:187,(anonymous_13)
FN:201,(anonymous_14)
FN:216,(anonymous_15)
FN:220,(anonymous_16)
FN:231,(anonymous_17)
FN:270,(anonymous_18)
FN:279,(anonymous_19)
FN:288,(anonymous_20)
FN:303,(anonymous_21)
FN:343,(anonymous_22)
FN:358,(anonymous_23)
FN:381,(anonymous_24)
FN:385,(anonymous_25)
FNF:26
FNH:17
FNDA:2,(anonymous_0)
FNDA:1,(anonymous_1)
FNDA:2,(anonymous_2)
FNDA:1,(anonymous_3)
FNDA:1,(anonymous_4)
FNDA:1,(anonymous_5)
FNDA:1,(anonymous_6)
FNDA:2,(anonymous_7)
FNDA:1,(anonymous_8)
FNDA:2,(anonymous_9)
FNDA:1,(anonymous_10)
FNDA:1,(anonymous_11)
FNDA:1,(anonymous_12)
FNDA:1,(anonymous_13)
FNDA:1,(anonymous_14)
FNDA:0,(anonymous_15)
FNDA:0,(anonymous_16)
FNDA:0,(anonymous_17)
FNDA:1,(anonymous_18)
FNDA:2,(anonymous_19)
FNDA:0,(anonymous_20)
FNDA:0,(anonymous_21)
FNDA:0,(anonymous_22)
FNDA:0,(anonymous_23)
FNDA:0,(anonymous_24)
FNDA:0,(anonymous_25)
DA:1,2
DA:2,2
DA:3,2
DA:4,2
DA:5,2
DA:6,2
DA:7,2
DA:8,2
DA:9,2
DA:14,2
DA:17,2
DA:18,2
DA:19,2
DA:23,2
DA:24,1
DA:27,1
DA:29,1
DA:30,1
DA:33,1
DA:38,1
DA:41,1
DA:43,1
DA:45,1
DA:46,1
DA:47,1
DA:53,1
DA:56,2
DA:57,2
DA:58,2
DA:62,2
DA:63,2
DA:64,1
DA:67,1
DA:68,1
DA:69,1
DA:70,1
DA:73,2
DA:74,1
DA:75,1
DA:79,1
DA:80,1
DA:81,0
DA:83,1
DA:84,1
DA:88,2
DA:89,1
DA:90,1
DA:96,1
DA:98,1
DA:100,1
DA:108,1
DA:114,1
DA:118,2
DA:119,2
DA:121,2
DA:126,2
DA:127,0
DA:130,2
DA:131,0
DA:134,2
DA:135,1
DA:138,1
DA:139,1
DA:141,1
DA:143,1
DA:145,1
DA:149,2
DA:150,2
DA:151,2
DA:154,2
DA:155,1
DA:157,1
DA:158,1
DA:159,1
DA:163,2
DA:164,1
DA:165,1
DA:170,1
DA:174,2
DA:175,1
DA:177,1
DA:184,1
DA:185,1
DA:186,1
DA:187,1
DA:188,1
DA:191,1
DA:201,1
DA:211,1
DA:216,2
DA:217,0
DA:218,0
DA:219,0
DA:220,0
DA:221,0
DA:224,0
DA:226,0
DA:227,0
DA:231,2
DA:232,0
DA:233,0
DA:235,0
DA:240,0
DA:241,0
DA:244,0
DA:245,0
DA:248,0
DA:249,0
DA:250,0
DA:252,0
DA:253,0
DA:255,0
DA:257,0
DA:262,0
DA:264,0
DA:266,0
DA:270,2
DA:271,1
DA:272,1
DA:273,1
DA:274,1
DA:275,1
DA:279,2
DA:280,2
DA:281,2
DA:282,2
DA:283,1
DA:284,1
DA:288,2
DA:289,0
DA:291,0
DA:297,0
DA:303,0
DA:304,0
DA:312,0
DA:313,0
DA:314,0
DA:318,0
DA:324,0
DA:325,0
DA:328,0
DA:329,0
DA:337,0
DA:338,0
DA:343,0
DA:344,0
DA:345,0
DA:349,0
DA:350,0
DA:357,0
DA:358,0
DA:359,0
DA:360,0
DA:364,0
DA:365,0
DA:369,0
DA:370,0
DA:374,0
DA:381,2
DA:382,0
DA:383,0
DA:384,0
DA:385,0
DA:386,0
DA:388,0
DA:389,0
DA:390,0
DA:395,0
DA:398,2
LF:169
LH:103
BRDA:23,0,0,1
BRDA:23,0,1,1
BRDA:29,1,0,1
BRDA:29,1,1,0
BRDA:45,2,0,1
BRDA:45,2,1,0
BRDA:62,3,0,0
BRDA:62,3,1,2
BRDA:63,4,0,1
BRDA:63,4,1,1
BRDA:79,5,0,0
BRDA:79,5,1,1
BRDA:80,6,0,0
BRDA:80,6,1,1
BRDA:100,7,0,1
BRDA:100,7,1,0
BRDA:102,8,0,1
BRDA:102,8,1,0
BRDA:126,9,0,0
BRDA:126,9,1,2
BRDA:130,10,0,0
BRDA:130,10,1,2
BRDA:134,11,0,1
BRDA:134,11,1,1
BRDA:154,12,0,1
BRDA:154,12,1,1
BRDA:186,13,0,1
BRDA:186,13,1,0
BRDA:188,14,0,1
BRDA:188,14,1,0
BRDA:203,15,0,1
BRDA:203,15,1,0
BRDA:204,16,0,1
BRDA:204,16,1,0
BRDA:205,17,0,1
BRDA:205,17,1,0
BRDA:221,18,0,0
BRDA:221,18,1,0
BRDA:231,19,0,0
BRDA:240,20,0,0
BRDA:240,20,1,0
BRDA:244,21,0,0
BRDA:244,21,1,0
BRDA:249,22,0,0
BRDA:249,22,1,0
BRDA:262,23,0,0
BRDA:262,23,1,0
BRDA:273,24,0,0
BRDA:273,24,1,1
BRDA:282,25,0,1
BRDA:282,25,1,1
BRDA:312,26,0,0
BRDA:312,26,1,0
BRDA:319,27,0,0
BRDA:319,27,1,0
BRDA:320,28,0,0
BRDA:320,28,1,0
BRDA:321,29,0,0
BRDA:321,29,1,0
BRDA:324,30,0,0
BRDA:324,30,1,0
BRDA:325,31,0,0
BRDA:325,31,1,0
BRDA:326,32,0,0
BRDA:326,32,1,0
BRDA:327,33,0,0
BRDA:327,33,1,0
BRDA:328,34,0,0
BRDA:328,34,1,0
BRDA:344,35,0,0
BRDA:344,35,1,0
BRDA:349,36,0,0
BRDA:349,36,1,0
BRDA:352,37,0,0
BRDA:352,37,1,0
BRDA:359,38,0,0
BRDA:359,38,1,0
BRDA:364,39,0,0
BRDA:364,39,1,0
BRDA:369,40,0,0
BRDA:369,40,1,0
BRF:81
BRH:25
end_of_record
TN:
SF:src/services/organizationService.js
FN:12,(anonymous_0)
FN:34,(anonymous_1)
FN:47,(anonymous_2)
FN:56,(anonymous_3)
FN:101,(anonymous_4)
FN:110,(anonymous_5)
FN:127,(anonymous_6)
FN:140,(anonymous_7)
FN:148,(anonymous_8)
FN:153,(anonymous_9)
FN:165,(anonymous_10)
FN:188,(anonymous_11)
FN:214,(anonymous_12)
FN:229,(anonymous_13)
FN:239,(anonymous_14)
FN:245,(anonymous_15)
FN:260,(anonymous_16)
FN:280,(anonymous_17)
FN:290,(anonymous_18)
FNF:19
FNH:14
FNDA:3,(anonymous_0)
FNDA:0,(anonymous_1)
FNDA:1,(anonymous_2)
FNDA:2,(anonymous_3)
FNDA:1,(anonymous_4)
FNDA:1,(anonymous_5)
FNDA:1,(anonymous_6)
FNDA:1,(anonymous_7)
FNDA:1,(anonymous_8)
FNDA:1,(anonymous_9)
FNDA:2,(anonymous_10)
FNDA:0,(anonymous_11)
FNDA:1,(anonymous_12)
FNDA:1,(anonymous_13)
FNDA:1,(anonymous_14)
FNDA:1,(anonymous_15)
FNDA:0,(anonymous_16)
FNDA:0,(anonymous_17)
FNDA:0,(anonymous_18)
DA:1,2
DA:2,2
DA:3,2
DA:4,2
DA:5,2
DA:6,2
DA:7,2
DA:8,2
DA:9,2
DA:12,2
DA:13,3
DA:14,3
DA:16,3
DA:19,3
DA:20,1
DA:23,2
DA:28,2
DA:29,1
DA:32,1
DA:34,1
DA:36,1
DA:37,1
DA:40,1
DA:42,1
DA:47,1
DA:56,2
DA:57,2
DA:58,2
DA:63,2
DA:64,1
DA:65,1
DA:66,1
DA:69,1
DA:70,1
DA:72,1
DA:73,1
DA:74,1
DA:78,1
DA:79,1
DA:80,1
DA:85,1
DA:97,1
DA:101,2
DA:102,1
DA:103,1
DA:110,1
DA:122,1
DA:127,2
DA:128,1
DA:129,1
DA:140,1
DA:148,1
DA:153,1
DA:160,1
DA:165,2
DA:166,2
DA:167,2
DA:168,2
DA:170,2
DA:175,2
DA:177,1
DA:178,1
DA:180,1
DA:181,1
DA:183,1
DA:184,1
DA:186,1
DA:187,1
DA:188,0
DA:189,0
DA:192,1
DA:201,1
DA:203,1
DA:214,1
DA:229,2
DA:230,1
DA:232,1
DA:239,1
DA:245,1
DA:255,1
DA:260,2
DA:261,0
DA:263,0
DA:264,0
DA:266,0
DA:274,0
DA:280,0
DA:281,0
DA:283,0
DA:291,0
DA:292,0
DA:300,0
DA:301,0
DA:302,0
DA:304,0
DA:305,0
DA:308,0
DA:312,2
LF:98
LH:80
BRDA:19,0,0,1
BRDA:19,0,1,2
BRDA:28,1,0,1
BRDA:28,1,1,1
BRDA:32,2,0,1
BRDA:32,2,1,0
BRDA:36,3,0,1
BRDA:36,3,1,0
BRDA:63,4,0,1
BRDA:63,4,1,1
BRDA:72,5,0,1
BRDA:72,5,1,0
BRDA:78,6,0,1
BRDA:78,6,1,0
BRDA:115,7,0,1
BRDA:115,7,1,0
BRDA:116,8,0,1
BRDA:116,8,1,0
BRDA:175,9,0,1
BRDA:175,9,1,1
BRDA:178,10,0,1
BRDA:178,10,1,0
BRDA:180,11,0,0
BRDA:180,11,1,1
BRDA:181,12,0,0
BRDA:181,12,1,1
BRDA:187,13,0,0
BRDA:187,13,1,1
BRDA:189,14,0,0
BRDA:189,14,1,0
BRDA:194,15,0,0
BRDA:194,15,1,1
BRDA:206,16,0,0
BRDA:206,16,1,1
BRDA:208,17,0,0
BRDA:208,17,1,0
BRDA:216,18,0,1
BRDA:216,18,1,0
BRDA:217,19,0,1
BRDA:217,19,1,0
BRDA:281,20,0,0
BRDA:281,20,1,0
BRDA:287,21,0,0
BRDA:287,21,1,0
BRDA:288,22,0,0
BRDA:288,22,1,0
BRDA:289,23,0,0
BRDA:289,23,1,0
BRDA:291,24,0,0
BRDA:291,24,1,0
BRDA:294,25,0,0
BRDA:294,25,1,0
BRDA:295,26,0,0
BRDA:295,26,1,0
BRDA:296,27,0,0
BRDA:296,27,1,0
BRDA:300,28,0,0
BRDA:300,28,1,0
BRF:58
BRH:22
end_of_record
TN:
SF:src/services/profileService.js
FN:10,(anonymous_0)
FNF:1
FNH:1
FNDA:7,(anonymous_0)
DA:1,2
DA:2,2
DA:3,2
DA:4,2
DA:5,2
DA:6,2
DA:7,2
DA:10,2
DA:11,7
DA:13,7
DA:14,7
DA:16,6
DA:17,1
DA:20,5
DA:22,5
DA:23,2
DA:24,2
DA:29,2
DA:30,3
DA:31,1
DA:32,1
DA:50,1
DA:51,1
DA:52,1
DA:53,2
DA:54,1
DA:55,1
DA:65,1
DA:67,1
DA:70,4
DA:73,2
LF:31
LH:31
BRDA:14,0,0,1
BRDA:14,0,1,6
BRDA:16,1,0,1
BRDA:16,1,1,5
BRDA:22,2,0,2
BRDA:22,2,1,3
BRDA:30,3,0,1
BRDA:30,3,1,2
BRDA:53,4,0,1
BRDA:53,4,1,1
BRF:10
BRH:10
end_of_record
TN:
SF:src/services/userService.js
FN:8,(anonymous_0)
FN:23,(anonymous_1)
FN:37,(anonymous_2)
FN:52,(anonymous_3)
FN:62,(anonymous_4)
FN:65,(anonymous_5)
FN:79,(anonymous_6)
FN:91,(anonymous_7)
FN:110,(anonymous_8)
FNF:9
FNH:7
FNDA:2,(anonymous_0)
FNDA:2,(anonymous_1)
FNDA:2,(anonymous_2)
FNDA:1,(anonymous_3)
FNDA:1,(anonymous_4)
FNDA:1,(anonymous_5)
FNDA:1,(anonymous_6)
FNDA:0,(anonymous_7)
FNDA:0,(anonymous_8)
DA:1,2
DA:2,2
DA:3,2
DA:4,2
DA:5,2
DA:6,2
DA:8,2
DA:9,2
DA:11,2
DA:15,2
DA:16,1
DA:19,1
DA:23,2
DA:24,2
DA:25,2
DA:31,2
DA:32,1
DA:33,1
DA:34,1
DA:37,2
DA:47,1
DA:52,2
DA:53,1
DA:55,1
DA:62,1
DA:63,1
DA:64,1
DA:65,1
DA:66,1
DA:69,1
DA:79,1
DA:88,1
DA:91,2
DA:92,0
DA:93,0
DA:100,0
DA:101,0
DA:103,0
DA:105,0
DA:110,2
DA:111,0
DA:112,0
DA:119,0
DA:121,0
DA:126,2
LF:45
LH:35
BRDA:15,0,0,1
BRDA:15,0,1,1
BRDA:31,1,0,1
BRDA:31,1,1,1
BRDA:64,2,0,1
BRDA:64,2,1,0
BRDA:66,3,0,1
BRDA:66,3,1,1
BRDA:77,4,0,1
BRDA:77,4,1,0
BRDA:81,5,0,1
BRDA:81,5,1,0
BRDA:100,6,0,0
BRDA:100,6,1,0
BRF:14
BRH:9
end_of_record
TN:
SF:src/services/volunteerService.js
FN:9,(anonymous_0)
FN:55,(anonymous_1)
FN:80,(anonymous_2)
FN:81,(anonymous_3)
FN:102,(anonymous_4)
FN:116,(anonymous_5)
FN:130,(anonymous_6)
FNF:7
FNH:7
FNDA:4,(anonymous_0)
FNDA:2,(anonymous_1)
FNDA:2,(anonymous_2)
FNDA:2,(anonymous_3)
FNDA:2,(anonymous_4)
FNDA:2,(anonymous_5)
FNDA:3,(anonymous_6)
DA:1,2
DA:2,2
DA:3,2
DA:4,2
DA:5,2
DA:6,2
DA:9,2
DA:10,4
DA:11,4
DA:12,4
DA:14,4
DA:15,4
DA:16,1
DA:19,3
DA:20,3
DA:21,1
DA:22,1
DA:23,1
DA:26,2
DA:33,2
DA:34,1
DA:35,1
DA:36,1
DA:39,1
DA:45,1
DA:47,1
DA:55,2
DA:56,2
DA:57,2
DA:61,2
DA:62,1
DA:63,1
DA:64,1
DA:67,1
DA:68,1
DA:74,1
DA:75,1
DA:80,1
DA:81,2
DA:82,2
DA:98,1
DA:102,2
DA:103,2
DA:104,2
DA:110,2
DA:111,1
DA:112,1
DA:113,1
DA:116,2
DA:126,1
DA:130,2
DA:131,3
DA:133,3
DA:138,3
DA:139,1
DA:142,2
DA:143,1
DA:146,1
DA:148,1
DA:150,1
DA:154,2
LF:61
LH:61
BRDA:15,0,0,1
BRDA:15,0,1,3
BRDA:20,1,0,1
BRDA:20,1,1,2
BRDA:33,2,0,1
BRDA:33,2,1,1
BRDA:61,3,0,1
BRDA:61,3,1,1
BRDA:94,4,0,1
BRDA:94,4,1,1
BRDA:110,5,0,1
BRDA:110,5,1,1
BRDA:138,6,0,1
BRDA:138,6,1,2
BRDA:142,7,0,1
BRDA:142,7,1,1
BRF:16
BRH:16
end_of_record
TN:
SF:src/socket/socket.js
FN:5,(anonymous_0)
FN:7,(anonymous_1)
FN:9,(anonymous_2)
FN:15,(anonymous_3)
FNF:4
FNH:0
FNDA:0,(anonymous_0)
FNDA:0,(anonymous_1)
FNDA:0,(anonymous_2)
FNDA:0,(anonymous_3)
DA:1,2
DA:4,2
DA:6,0
DA:7,0
DA:8,0
DA:9,0
DA:10,0
DA:13,0
DA:16,0
DA:17,0
DA:19,0
LF:11
LH:2
BRDA:16,0,0,0
BRDA:16,0,1,0
BRF:2
BRH:0
end_of_record
TN:
SF:src/utils/emailHelper.js
FN:4,(anonymous_0)
FN:31,(anonymous_1)
FNF:2
FNH:2
FNDA:2,(anonymous_0)
FNDA:2,(anonymous_1)
DA:1,3
DA:2,3
DA:4,3
DA:6,2
DA:15,2
DA:22,2
DA:23,2
DA:25,1
DA:26,1
DA:31,3
DA:32,2
DA:41,2
DA:48,2
DA:49,2
DA:51,1
DA:52,1
DA:56,3
LF:17
LH:17
BRF:0
BRH:0
end_of_record
TN:
SF:src/utils/errors.js
FN:2,(anonymous_0)
FN:9,(anonymous_1)
FN:15,(anonymous_2)
FN:21,(anonymous_3)
FN:27,(anonymous_4)
FN:33,(anonymous_5)
FN:41,(anonymous_6)
FN:47,(anonymous_7)
FN:54,(anonymous_8)
FN:60,(anonymous_9)
FN:66,(anonymous_10)
FN:73,(anonymous_11)
FNF:12
FNH:12
FNDA:32,(anonymous_0)
FNDA:2,(anonymous_1)
FNDA:6,(anonymous_2)
FNDA:8,(anonymous_3)
FNDA:4,(anonymous_4)
FNDA:16,(anonymous_5)
FNDA:2,(anonymous_6)
FNDA:3,(anonymous_7)
FNDA:4,(anonymous_8)
FNDA:1,(anonymous_9)
FNDA:1,(anonymous_10)
FNDA:1,(anonymous_11)
DA:3,32
DA:4,32
DA:10,2
DA:16,6
DA:22,8
DA:28,4
DA:34,16
DA:35,16
DA:36,16
DA:42,2
DA:48,3
DA:55,4
DA:61,1
DA:67,1
DA:74,1
DA:80,15
LF:16
LH:16
BRDA:9,0,0,2
BRDA:15,1,0,2
BRDA:21,2,0,5
BRDA:27,3,0,2
BRDA:41,4,0,2
BRDA:47,5,0,1
BRDA:54,6,0,4
BRDA:60,7,0,1
BRDA:66,8,0,1
BRDA:73,9,0,1
BRF:10
BRH:10
end_of_record
TN:
SF:src/utils/rateLimiter.js
FNF:0
FNH:0
DA:1,1
DA:4,1
DA:11,1
DA:18,1
DA:25,1
LF:5
LH:5
BRF:0
BRH:0
end_of_record
TN:
SF:src/utils/responseHelper.js
FN:1,(anonymous_0)
FN:9,(anonymous_1)
FNF:2
FNH:2
FNDA:1,(anonymous_0)
FNDA:2,(anonymous_1)
DA:1,6
DA:2,1
DA:9,6
DA:10,2
DA:16,6
LF:5
LH:5
BRDA:1,0,0,0
BRDA:9,1,0,0
BRDA:9,2,0,1
BRF:3
BRH:1
end_of_record
TN:
SF:src/validation/authValidation.js
FNF:0
FNH:0
DA:1,1
DA:3,1
DA:12,1
DA:17,1
DA:24,1
LF:5
LH:5
BRF:0
BRH:0
end_of_record
TN:
SF:src/validation/coordinatorValidation.js
FNF:0
FNH:0
DA:1,1
DA:3,1
DA:13,1
DA:22,1
DA:27,1
DA:34,1
DA:40,1
DA:46,1
LF:8
LH:8
BRF:0
BRH:0
end_of_record
TN:
SF:src/validation/organizationValidation.js
FNF:0
FNH:0
DA:1,1
DA:3,1
DA:7,1
DA:14,1
DA:37,1
LF:5
LH:5
BRF:0
BRH:0
end_of_record
TN:
SF:src/validation/profileValidation.js
FN:5,(anonymous_0)
FNF:1
FNH:1
FNDA:17,(anonymous_0)
DA:1,3
DA:2,3
DA:5,3
DA:8,17
DA:9,5
DA:13,12
DA:14,5
DA:31,7
DA:32,5
DA:42,2
DA:45,15
DA:46,15
DA:47,12
DA:51,3
LF:14
LH:14
BRDA:8,0,0,5
BRDA:8,0,1,12
BRDA:13,1,0,5
BRDA:13,1,1,7
BRDA:31,2,0,5
BRDA:31,2,1,2
BRDA:46,3,0,12
BRDA:46,3,1,3
BRF:8
BRH:8
end_of_record
TN:
SF:src/validation/userValidation.js
FNF:0
FNH:0
DA:1,2
DA:3,2
DA:7,2
LF:3
LH:3
BRF:0
BRH:0
end_of_record
